#
# There is insufficient memory for the Java Runtime Environment to continue.
# Native memory allocation (malloc) failed to allocate 1048576 bytes for AllocateHeap
# Possible reasons:
#   The system is out of physical RAM or swap space
#   The process is running with CompressedOops enabled, and the Java Heap may be blocking the growth of the native heap
# Possible solutions:
#   Reduce memory load on the system
#   Increase physical memory or swap space
#   Check if swap backing store is full
#   Decrease Java heap size (-Xmx/-Xms)
#   Decrease number of Java threads
#   Decrease Java thread stack sizes (-Xss)
#   Set larger code cache with -XX:ReservedCodeCacheSize=
#   JVM is running with Unscaled Compressed Oops mode in which the Java heap is
#     placed in the first 4GB address space. The Java Heap base address is the
#     maximum limit for the native heap growth. Please use -XX:HeapBaseMinAddress
#     to set the Java Heap base and to place the Java Heap above 4GB virtual address.
# This output file may be truncated or incomplete.
#
#  Out of Memory Error (./open/src/hotspot/share/memory/allocation.cpp:44), pid=11228, tid=3536
#
# JRE version: OpenJDK Runtime Environment (15.0.2+7) (build 15.0.2+7-27)
# Java VM: OpenJDK 64-Bit Server VM (15.0.2+7-27, mixed mode, tiered, compressed oops, g1 gc, windows-amd64)
# No core dump will be written. Minidumps are not enabled by default on client versions of Windows
#

---------------  S U M M A R Y ------------

Command Line: -Dcom.sun.management.jmxremote -Dcom.sun.management.jmxremote.port=55171 -Dcom.sun.management.jmxremote.authenticate=false -Dcom.sun.management.jmxremote.ssl=false -Djava.rmi.server.hostname=localhost -Dspring.jmx.enabled=true -Dspring.application.admin.enabled=true -XX:TieredStopAtLevel=1 -Dspring.boot.project.name=gestion_facturation -Dfile.encoding=UTF-8 -XX:+ShowCodeDetailsInExceptionMessages com.gpg.GestionFacturationApplication --spring.output.ansi.enabled=always

Host: Intel(R) Core(TM) i5-8250U CPU @ 1.60GHz, 8 cores, 3G,  Windows 10 , 64 bit Build 19041 (10.0.19041.928)
Time: Fri Apr 30 13:23:03 2021 Paris, Madrid (heure d’été) elapsed time: 10.893738 seconds (0d 0h 0m 10s)

---------------  T H R E A D  ---------------

Current thread (0x00000214ff719760):  VMThread "VM Thread" [stack: 0x0000005e15f00000,0x0000005e16000000] [id=3536]

Stack: [0x0000005e15f00000,0x0000005e16000000]
[error occurred during error reporting (printing stack bounds), id 0xc0000005, EXCEPTION_ACCESS_VIOLATION (0xc0000005) at pc=0x00000214800010ad]

Native frames: (J=compiled Java code, j=interpreted, Vv=VM code, C=native code)
V  [jvm.dll+0x62ae9a]
V  [jvm.dll+0x7817a9]
V  [jvm.dll+0x782f03]
V  [jvm.dll+0x7834c5]
V  [jvm.dll+0x78347b]
V  [jvm.dll+0x62a2b9]
V  [jvm.dll+0x62aa88]
C  [ntdll.dll+0xa207f]
C  [ntdll.dll+0x51454]
C  [ntdll.dll+0xa0bae]
C  0x00000214800010ad

VM_Operation (0x0000005e176fbcc0): CollectForMetadataAllocation, mode: safepoint, requested by thread 0x00000214929ba210


---------------  P R O C E S S  ---------------

Threads class SMR info:
_java_thread_list=0x00000214932e8d40, length=31, elements={
0x00000214f8ae7600, 0x00000214ff732790, 0x00000214ff733170, 0x00000214ff75fed0,
0x00000214ff7617a0, 0x0000021491146a10, 0x000002149114c7f0, 0x000002149114d890,
0x0000021491149560, 0x0000021491146ee0, 0x0000021491147880, 0x00000214911473b0,
0x0000021491147d50, 0x0000021491149a30, 0x0000021491148bc0, 0x0000021491148220,
0x0000021491149090, 0x00000214911486f0, 0x0000021491146070, 0x0000021491146540,
0x00000214929ba210, 0x00000214929bf8b0, 0x00000214929bb080, 0x00000214929b9870,
0x00000214929b93a0, 0x00000214929be0a0, 0x00000214929b9d40, 0x00000214929bdbd0,
0x00000214929bc890, 0x00000214929b8060, 0x00000214929ba6e0
}

Java Threads: ( => current thread )
  0x00000214f8ae7600 JavaThread "main" [_thread_blocked, id=10288, stack(0x0000005e15900000,0x0000005e15a00000)]
  0x00000214ff732790 JavaThread "Reference Handler" daemon [_thread_blocked, id=16180, stack(0x0000005e16000000,0x0000005e16100000)]
  0x00000214ff733170 JavaThread "Finalizer" daemon [_thread_blocked, id=12944, stack(0x0000005e16100000,0x0000005e16200000)]
  0x00000214ff75fed0 JavaThread "Signal Dispatcher" daemon [_thread_blocked, id=7388, stack(0x0000005e16200000,0x0000005e16300000)]
  0x00000214ff7617a0 JavaThread "Attach Listener" daemon [_thread_blocked, id=14288, stack(0x0000005e16300000,0x0000005e16400000)]
  0x0000021491146a10 JavaThread "Service Thread" daemon [_thread_blocked, id=7036, stack(0x0000005e16400000,0x0000005e16500000)]
  0x000002149114c7f0 JavaThread "C1 CompilerThread0" daemon [_thread_blocked, id=11212, stack(0x0000005e16500000,0x0000005e16600000)]
  0x000002149114d890 JavaThread "Sweeper thread" daemon [_thread_blocked, id=7408, stack(0x0000005e16600000,0x0000005e16700000)]
  0x0000021491149560 JavaThread "Common-Cleaner" daemon [_thread_blocked, id=4720, stack(0x0000005e16700000,0x0000005e16800000)]
  0x0000021491146ee0 JavaThread "Notification Thread" daemon [_thread_blocked, id=15636, stack(0x0000005e16800000,0x0000005e16900000)]
  0x0000021491147880 JavaThread "RMI TCP Accept-0" daemon [_thread_in_native, id=3132, stack(0x0000005e16900000,0x0000005e16a00000)]
  0x00000214911473b0 JavaThread "RMI TCP Accept-55171" daemon [_thread_in_native, id=9232, stack(0x0000005e16a00000,0x0000005e16b00000)]
  0x0000021491147d50 JavaThread "RMI TCP Accept-0" daemon [_thread_in_native, id=4148, stack(0x0000005e16b00000,0x0000005e16c00000)]
  0x0000021491149a30 JavaThread "RMI TCP Connection(1)-127.0.0.1" daemon [_thread_in_native, id=2816, stack(0x0000005e16d00000,0x0000005e16e00000)]
  0x0000021491148bc0 JavaThread "RMI Scheduler(0)" daemon [_thread_blocked, id=4844, stack(0x0000005e16e00000,0x0000005e16f00000)]
  0x0000021491148220 JavaThread "JMX server connection timeout 20" daemon [_thread_blocked, id=1340, stack(0x0000005e16f00000,0x0000005e17000000)]
  0x0000021491149090 JavaThread "RMI TCP Connection(2)-127.0.0.1" daemon [_thread_in_native, id=12760, stack(0x0000005e17000000,0x0000005e17100000)]
  0x00000214911486f0 JavaThread "RMI TCP Connection(3)-127.0.0.1" daemon [_thread_in_native, id=10584, stack(0x0000005e17300000,0x0000005e17400000)]
  0x0000021491146070 JavaThread "JMX server connection timeout 23" daemon [_thread_blocked, id=9844, stack(0x0000005e17400000,0x0000005e17500000)]
  0x0000021491146540 JavaThread "Thread-0" [_thread_blocked, id=7536, stack(0x0000005e17500000,0x0000005e17600000)]
  0x00000214929ba210 JavaThread "restartedMain" [_thread_blocked, id=10120, stack(0x0000005e17600000,0x0000005e17700000)]
  0x00000214929bf8b0 JavaThread "RMI TCP Connection(4)-127.0.0.1" daemon [_thread_in_native, id=8848, stack(0x0000005e17f00000,0x0000005e18000000)]
  0x00000214929bb080 JavaThread "JMX server connection timeout 31" daemon [_thread_blocked, id=3212, stack(0x0000005e18000000,0x0000005e18100000)]
  0x00000214929b9870 JavaThread "RMI TCP Connection(5)-127.0.0.1" daemon [_thread_in_native, id=13928, stack(0x0000005e17b00000,0x0000005e17c00000)]
  0x00000214929b93a0 JavaThread "JMX server connection timeout 33" daemon [_thread_blocked, id=14236, stack(0x0000005e18100000,0x0000005e18200000)]
  0x00000214929be0a0 JavaThread "Catalina-utility-1" [_thread_blocked, id=2836, stack(0x0000005e18200000,0x0000005e18300000)]
  0x00000214929b9d40 JavaThread "Catalina-utility-2" [_thread_blocked, id=15852, stack(0x0000005e18300000,0x0000005e18400000)]
  0x00000214929bdbd0 JavaThread "container-0" [_thread_blocked, id=15848, stack(0x0000005e18400000,0x0000005e18500000)]
  0x00000214929bc890 JavaThread "mysql-cj-abandoned-connection-cleanup" daemon [_thread_blocked, id=14664, stack(0x0000005e18500000,0x0000005e18600000)]
  0x00000214929b8060 JavaThread "HikariPool-1 housekeeper" daemon [_thread_blocked, id=9580, stack(0x0000005e18700000,0x0000005e18800000)]
  0x00000214929ba6e0 JavaThread "HikariPool-1 connection adder" daemon [_thread_blocked, id=15328, stack(0x0000005e18800000,0x0000005e18900000)]

Other Threads:
=>0x00000214ff719760 VMThread "VM Thread" [stack: 0x0000005e15f00000,0x0000005e16000000] [id=3536]
  0x000002149199c440 WatcherThread [stack: 0x0000005e16c00000,0x0000005e16d00000] [id=6660]
  0x00000214f8b147b0 GCTaskThread "GC Thread#0" [stack: 0x0000005e15a00000,0x0000005e15b00000] [id=8476]
  0x0000021491a2e560 GCTaskThread "GC Thread#1" [stack: 0x0000005e17100000,0x0000005e17200000] [id=2752]
  0x0000021491a2dbd0 GCTaskThread "GC Thread#2" [stack: 0x0000005e17700000,0x0000005e17800000] [id=7984]
  0x0000021491a2d240 GCTaskThread "GC Thread#3" [stack: 0x0000005e17800000,0x0000005e17900000] [id=4992]
  0x0000021491a2b260 GCTaskThread "GC Thread#4" [stack: 0x0000005e17900000,0x0000005e17a00000] [id=16168]
  0x0000021491a2cbe0 GCTaskThread "GC Thread#5" [stack: 0x0000005e17a00000,0x0000005e17b00000] [id=9640]
  0x0000021491a2cf10 GCTaskThread "GC Thread#6" [stack: 0x0000005e17c00000,0x0000005e17d00000] [id=13744]
  0x0000021491a2c250 GCTaskThread "GC Thread#7" [stack: 0x0000005e17d00000,0x0000005e17e00000] [id=15904]
  0x00000214f8b1ed40 ConcurrentGCThread "G1 Main Marker" [stack: 0x0000005e15b00000,0x0000005e15c00000] [id=15772]
  0x00000214f8b1f8c0 ConcurrentGCThread "G1 Conc#0" [stack: 0x0000005e15c00000,0x0000005e15d00000] [id=12764]
  0x0000021491a2bbf0 ConcurrentGCThread "G1 Conc#1" [stack: 0x0000005e17e00000,0x0000005e17f00000] [id=13656]
  0x00000214f8b71b50 ConcurrentGCThread "G1 Refine#0" [stack: 0x0000005e15d00000,0x0000005e15e00000] [id=12380]
  0x000002149132e4e0 ConcurrentGCThread "G1 Refine#1" [stack: 0x0000005e17200000,0x0000005e17300000] [id=14100]
  0x00000214f8b745f0 ConcurrentGCThread "G1 Young RemSet Sampling" [stack: 0x0000005e15e00000,0x0000005e15f00000] [id=6824]

Threads with active compile tasks:

VM state: at safepoint (normal execution)

VM Mutex/Monitor currently owned by a thread:  ([mutex/lock_event])
[0x00000214f8ae1830] Threads_lock - owner thread: 0x00000214ff719760
[0x00000214f8ae1200] Heap_lock - owner thread: 0x00000214929ba210

Heap address: 0x00000000c2000000, size: 992 MB, Compressed Oops mode: 32-bit
CDS disabled.
Compressed class space mapped at: 0x0000000100000000-0x0000000140000000, size: 1073741824
Narrow klass base: 0x0000000000000000, Narrow klass shift: 3, Narrow klass range: 0x140000000

GC Precious Log:
 CPUs: 8 total, 8 available
 Memory: 3962M
 Large Page Support: Disabled
 NUMA Support: Disabled
 Compressed Oops: Enabled (32-bit)
 Heap Region Size: 1M
 Heap Min Capacity: 8M
 Heap Initial Capacity: 62M
 Heap Max Capacity: 992M
 Pre-touch: Disabled
 Parallel Workers: 8
 Concurrent Workers: 2
 Concurrent Refinement Workers: 8
 Periodic GC: Disabled

Heap:
 garbage-first heap   total 89088K, used 28581K [0x00000000c2000000, 0x0000000100000000)
  region size 1024K, 6 young (6144K), 6 survivors (6144K)
 Metaspace       used 54301K, capacity 54935K, committed 55040K, reserved 1105920K
  class space    used 6912K, capacity 7108K, committed 7168K, reserved 1048576K

Heap Regions: E=young(eden), S=young(survivor), O=old, HS=humongous(starts), HC=humongous(continues), CS=collection set, F=free, OA=open archive, CA=closed archive, TAMS=top-at-mark-start (previous, next)
|   0|0x00000000c2000000, 0x00000000c2100000, 0x00000000c2100000|100%|HS|  |TAMS 0x00000000c2100000, 0x00000000c2100000| Complete 
|   1|0x00000000c2100000, 0x00000000c2200000, 0x00000000c2200000|100%| O|  |TAMS 0x00000000c2200000, 0x00000000c2200000| Untracked 
|   2|0x00000000c2200000, 0x00000000c2300000, 0x00000000c2300000|100%| O|  |TAMS 0x00000000c2300000, 0x00000000c2300000| Untracked 
|   3|0x00000000c2300000, 0x00000000c2400000, 0x00000000c2400000|100%| O|  |TAMS 0x00000000c2400000, 0x00000000c2400000| Untracked 
|   4|0x00000000c2400000, 0x00000000c2500000, 0x00000000c2500000|100%| O|  |TAMS 0x00000000c2500000, 0x00000000c2500000| Untracked 
|   5|0x00000000c2500000, 0x00000000c2600000, 0x00000000c2600000|100%| O|  |TAMS 0x00000000c2600000, 0x00000000c2600000| Untracked 
|   6|0x00000000c2600000, 0x00000000c2700000, 0x00000000c2700000|100%| O|  |TAMS 0x00000000c2700000, 0x00000000c2700000| Untracked 
|   7|0x00000000c2700000, 0x00000000c2800000, 0x00000000c2800000|100%| O|  |TAMS 0x00000000c2800000, 0x00000000c2800000| Untracked 
|   8|0x00000000c2800000, 0x00000000c2866600, 0x00000000c2900000| 39%| O|  |TAMS 0x00000000c2866600, 0x00000000c2866600| Untracked 
|   9|0x00000000c2900000, 0x00000000c2a00000, 0x00000000c2a00000|100%| O|  |TAMS 0x00000000c2a00000, 0x00000000c2a00000| Untracked 
|  10|0x00000000c2a00000, 0x00000000c2b00000, 0x00000000c2b00000|100%| O|  |TAMS 0x00000000c2b00000, 0x00000000c2b00000| Untracked 
|  11|0x00000000c2b00000, 0x00000000c2c00000, 0x00000000c2c00000|100%| O|  |TAMS 0x00000000c2c00000, 0x00000000c2c00000| Untracked 
|  12|0x00000000c2c00000, 0x00000000c2d00000, 0x00000000c2d00000|100%| O|  |TAMS 0x00000000c2d00000, 0x00000000c2d00000| Untracked 
|  13|0x00000000c2d00000, 0x00000000c2e00000, 0x00000000c2e00000|100%| O|  |TAMS 0x00000000c2da9c00, 0x00000000c2e00000| Untracked 
|  14|0x00000000c2e00000, 0x00000000c2f00000, 0x00000000c2f00000|100%| O|  |TAMS 0x00000000c2e00000, 0x00000000c2f00000| Untracked 
|  15|0x00000000c2f00000, 0x00000000c3000000, 0x00000000c3000000|100%| O|  |TAMS 0x00000000c2f00000, 0x00000000c3000000| Untracked 
|  16|0x00000000c3000000, 0x00000000c3100000, 0x00000000c3100000|100%| O|  |TAMS 0x00000000c3000000, 0x00000000c3100000| Untracked 
|  17|0x00000000c3100000, 0x00000000c3200000, 0x00000000c3200000|100%| O|  |TAMS 0x00000000c3100000, 0x00000000c3200000| Untracked 
|  18|0x00000000c3200000, 0x00000000c3300000, 0x00000000c3300000|100%| O|  |TAMS 0x00000000c3200000, 0x00000000c3300000| Untracked 
|  19|0x00000000c3300000, 0x00000000c3400000, 0x00000000c3400000|100%| O|  |TAMS 0x00000000c3300000, 0x00000000c3400000| Untracked 
|  20|0x00000000c3400000, 0x00000000c3500000, 0x00000000c3500000|100%| O|  |TAMS 0x00000000c3400000, 0x00000000c3400000| Untracked 
|  21|0x00000000c3500000, 0x00000000c3600000, 0x00000000c3600000|100%| O|  |TAMS 0x00000000c3500000, 0x00000000c35a5a00| Untracked 
|  22|0x00000000c3600000, 0x00000000c36a6800, 0x00000000c3700000| 65%| O|  |TAMS 0x00000000c3600000, 0x00000000c3600000| Untracked 
|  23|0x00000000c3700000, 0x00000000c3700000, 0x00000000c3800000|  0%| F|  |TAMS 0x00000000c3700000, 0x00000000c3700000| Untracked 
|  24|0x00000000c3800000, 0x00000000c3800000, 0x00000000c3900000|  0%| F|  |TAMS 0x00000000c3800000, 0x00000000c3800000| Untracked 
|  25|0x00000000c3900000, 0x00000000c3900000, 0x00000000c3a00000|  0%| F|  |TAMS 0x00000000c3900000, 0x00000000c3900000| Untracked 
|  26|0x00000000c3a00000, 0x00000000c3a00000, 0x00000000c3b00000|  0%| F|  |TAMS 0x00000000c3a00000, 0x00000000c3a00000| Untracked 
|  27|0x00000000c3b00000, 0x00000000c3b00000, 0x00000000c3c00000|  0%| F|  |TAMS 0x00000000c3b00000, 0x00000000c3b00000| Untracked 
|  28|0x00000000c3c00000, 0x00000000c3c00000, 0x00000000c3d00000|  0%| F|  |TAMS 0x00000000c3c00000, 0x00000000c3c00000| Untracked 
|  29|0x00000000c3d00000, 0x00000000c3d00000, 0x00000000c3e00000|  0%| F|  |TAMS 0x00000000c3d00000, 0x00000000c3d00000| Untracked 
|  30|0x00000000c3e00000, 0x00000000c3e00000, 0x00000000c3f00000|  0%| F|  |TAMS 0x00000000c3e00000, 0x00000000c3e00000| Untracked 
|  31|0x00000000c3f00000, 0x00000000c3f00000, 0x00000000c4000000|  0%| F|  |TAMS 0x00000000c3f00000, 0x00000000c3f00000| Untracked 
|  32|0x00000000c4000000, 0x00000000c4000000, 0x00000000c4100000|  0%| F|  |TAMS 0x00000000c4000000, 0x00000000c4000000| Untracked 
|  33|0x00000000c4100000, 0x00000000c4100000, 0x00000000c4200000|  0%| F|  |TAMS 0x00000000c4100000, 0x00000000c4100000| Untracked 
|  34|0x00000000c4200000, 0x00000000c4200000, 0x00000000c4300000|  0%| F|  |TAMS 0x00000000c4200000, 0x00000000c4200000| Untracked 
|  35|0x00000000c4300000, 0x00000000c4300000, 0x00000000c4400000|  0%| F|  |TAMS 0x00000000c4300000, 0x00000000c4300000| Untracked 
|  36|0x00000000c4400000, 0x00000000c44dc8c8, 0x00000000c4500000| 86%| S|CS|TAMS 0x00000000c4400000, 0x00000000c4400000| Complete 
|  37|0x00000000c4500000, 0x00000000c4600000, 0x00000000c4600000|100%| S|CS|TAMS 0x00000000c4500000, 0x00000000c4500000| Complete 
|  38|0x00000000c4600000, 0x00000000c4600000, 0x00000000c4700000|  0%| F|  |TAMS 0x00000000c4600000, 0x00000000c4600000| Untracked 
|  39|0x00000000c4700000, 0x00000000c4700000, 0x00000000c4800000|  0%| F|  |TAMS 0x00000000c4700000, 0x00000000c4700000| Untracked 
|  40|0x00000000c4800000, 0x00000000c4800000, 0x00000000c4900000|  0%| F|  |TAMS 0x00000000c4800000, 0x00000000c4800000| Untracked 
|  41|0x00000000c4900000, 0x00000000c4900000, 0x00000000c4a00000|  0%| F|  |TAMS 0x00000000c4900000, 0x00000000c4900000| Untracked 
|  42|0x00000000c4a00000, 0x00000000c4b00000, 0x00000000c4b00000|100%| S|CS|TAMS 0x00000000c4a00000, 0x00000000c4a00000| Complete 
|  43|0x00000000c4b00000, 0x00000000c4c00000, 0x00000000c4c00000|100%| S|CS|TAMS 0x00000000c4b00000, 0x00000000c4b00000| Complete 
|  44|0x00000000c4c00000, 0x00000000c4d00000, 0x00000000c4d00000|100%| S|CS|TAMS 0x00000000c4c00000, 0x00000000c4c00000| Complete 
|  45|0x00000000c4d00000, 0x00000000c4e00000, 0x00000000c4e00000|100%| S|CS|TAMS 0x00000000c4d00000, 0x00000000c4d00000| Complete 
|  46|0x00000000c4e00000, 0x00000000c4e00000, 0x00000000c4f00000|  0%| F|  |TAMS 0x00000000c4e00000, 0x00000000c4e00000| Untracked 
|  47|0x00000000c4f00000, 0x00000000c4f00000, 0x00000000c5000000|  0%| F|  |TAMS 0x00000000c4f00000, 0x00000000c4f00000| Untracked 
|  48|0x00000000c5000000, 0x00000000c5000000, 0x00000000c5100000|  0%| F|  |TAMS 0x00000000c5000000, 0x00000000c5000000| Untracked 
|  49|0x00000000c5100000, 0x00000000c5100000, 0x00000000c5200000|  0%| F|  |TAMS 0x00000000c5100000, 0x00000000c5100000| Untracked 
|  50|0x00000000c5200000, 0x00000000c5200000, 0x00000000c5300000|  0%| F|  |TAMS 0x00000000c5200000, 0x00000000c5200000| Untracked 
|  51|0x00000000c5300000, 0x00000000c5300000, 0x00000000c5400000|  0%| F|  |TAMS 0x00000000c5300000, 0x00000000c5300000| Untracked 
|  52|0x00000000c5400000, 0x00000000c5400000, 0x00000000c5500000|  0%| F|  |TAMS 0x00000000c5400000, 0x00000000c5400000| Untracked 
|  53|0x00000000c5500000, 0x00000000c5500000, 0x00000000c5600000|  0%| F|  |TAMS 0x00000000c5500000, 0x00000000c5500000| Untracked 
|  54|0x00000000c5600000, 0x00000000c5600000, 0x00000000c5700000|  0%| F|  |TAMS 0x00000000c5600000, 0x00000000c5600000| Untracked 
|  55|0x00000000c5700000, 0x00000000c5700000, 0x00000000c5800000|  0%| F|  |TAMS 0x00000000c5700000, 0x00000000c5700000| Untracked 
|  56|0x00000000c5800000, 0x00000000c5800000, 0x00000000c5900000|  0%| F|  |TAMS 0x00000000c5800000, 0x00000000c5800000| Untracked 
|  57|0x00000000c5900000, 0x00000000c5900000, 0x00000000c5a00000|  0%| F|  |TAMS 0x00000000c5900000, 0x00000000c5900000| Untracked 
|  58|0x00000000c5a00000, 0x00000000c5a00000, 0x00000000c5b00000|  0%| F|  |TAMS 0x00000000c5a00000, 0x00000000c5a00000| Untracked 
|  59|0x00000000c5b00000, 0x00000000c5b00000, 0x00000000c5c00000|  0%| F|  |TAMS 0x00000000c5b00000, 0x00000000c5b00000| Untracked 
|  60|0x00000000c5c00000, 0x00000000c5c00000, 0x00000000c5d00000|  0%| F|  |TAMS 0x00000000c5c00000, 0x00000000c5c00000| Untracked 
|  61|0x00000000c5d00000, 0x00000000c5d00000, 0x00000000c5e00000|  0%| F|  |TAMS 0x00000000c5d00000, 0x00000000c5d00000| Untracked 
|  62|0x00000000c5e00000, 0x00000000c5e00000, 0x00000000c5f00000|  0%| F|  |TAMS 0x00000000c5e00000, 0x00000000c5e00000| Untracked 
|  63|0x00000000c5f00000, 0x00000000c5f00000, 0x00000000c6000000|  0%| F|  |TAMS 0x00000000c5f00000, 0x00000000c5f00000| Untracked 
|  64|0x00000000c6000000, 0x00000000c6000000, 0x00000000c6100000|  0%| F|  |TAMS 0x00000000c6000000, 0x00000000c6000000| Untracked 
|  65|0x00000000c6100000, 0x00000000c6100000, 0x00000000c6200000|  0%| F|  |TAMS 0x00000000c6100000, 0x00000000c6100000| Untracked 
|  66|0x00000000c6200000, 0x00000000c6200000, 0x00000000c6300000|  0%| F|  |TAMS 0x00000000c6200000, 0x00000000c6200000| Untracked 
|  67|0x00000000c6300000, 0x00000000c6300000, 0x00000000c6400000|  0%| F|  |TAMS 0x00000000c6300000, 0x00000000c6300000| Untracked 
|  68|0x00000000c6400000, 0x00000000c6400000, 0x00000000c6500000|  0%| F|  |TAMS 0x00000000c6400000, 0x00000000c6400000| Untracked 
|  69|0x00000000c6500000, 0x00000000c6500000, 0x00000000c6600000|  0%| F|  |TAMS 0x00000000c6500000, 0x00000000c6500000| Untracked 
|  70|0x00000000c6600000, 0x00000000c6600000, 0x00000000c6700000|  0%| F|  |TAMS 0x00000000c6600000, 0x00000000c6600000| Untracked 
|  71|0x00000000c6700000, 0x00000000c6700000, 0x00000000c6800000|  0%| F|  |TAMS 0x00000000c6700000, 0x00000000c6700000| Untracked 
|  72|0x00000000c6800000, 0x00000000c6800000, 0x00000000c6900000|  0%| F|  |TAMS 0x00000000c6800000, 0x00000000c6800000| Untracked 
|  73|0x00000000c6900000, 0x00000000c6900000, 0x00000000c6a00000|  0%| F|  |TAMS 0x00000000c6900000, 0x00000000c6900000| Untracked 
|  74|0x00000000c6a00000, 0x00000000c6a00000, 0x00000000c6b00000|  0%| F|  |TAMS 0x00000000c6a00000, 0x00000000c6a00000| Untracked 
|  75|0x00000000c6b00000, 0x00000000c6b00000, 0x00000000c6c00000|  0%| F|  |TAMS 0x00000000c6b00000, 0x00000000c6b00000| Untracked 
|  76|0x00000000c6c00000, 0x00000000c6c00000, 0x00000000c6d00000|  0%| F|  |TAMS 0x00000000c6c00000, 0x00000000c6c00000| Untracked 
|  77|0x00000000c6d00000, 0x00000000c6d00000, 0x00000000c6e00000|  0%| F|  |TAMS 0x00000000c6d00000, 0x00000000c6d00000| Untracked 
|  78|0x00000000c6e00000, 0x00000000c6e00000, 0x00000000c6f00000|  0%| F|  |TAMS 0x00000000c6e00000, 0x00000000c6e00000| Untracked 
|  79|0x00000000c6f00000, 0x00000000c6f00000, 0x00000000c7000000|  0%| F|  |TAMS 0x00000000c6f00000, 0x00000000c6f00000| Untracked 
|  80|0x00000000c7000000, 0x00000000c7000000, 0x00000000c7100000|  0%| F|  |TAMS 0x00000000c7000000, 0x00000000c7000000| Untracked 
|  81|0x00000000c7100000, 0x00000000c7100000, 0x00000000c7200000|  0%| F|  |TAMS 0x00000000c7100000, 0x00000000c7100000| Untracked 
|  82|0x00000000c7200000, 0x00000000c7200000, 0x00000000c7300000|  0%| F|  |TAMS 0x00000000c7200000, 0x00000000c7200000| Untracked 
|  83|0x00000000c7300000, 0x00000000c7300000, 0x00000000c7400000|  0%| F|  |TAMS 0x00000000c7300000, 0x00000000c7300000| Untracked 
|  84|0x00000000c7400000, 0x00000000c7400000, 0x00000000c7500000|  0%| F|  |TAMS 0x00000000c7400000, 0x00000000c7400000| Untracked 
|  85|0x00000000c7500000, 0x00000000c7500000, 0x00000000c7600000|  0%| F|  |TAMS 0x00000000c7500000, 0x00000000c7500000| Untracked 
|  86|0x00000000c7600000, 0x00000000c7600000, 0x00000000c7700000|  0%| F|  |TAMS 0x00000000c7600000, 0x00000000c7600000| Untracked 

Card table byte_map: [0x00000214fca10000,0x00000214fcc00000] _byte_map_base: 0x00000214fc400000

Marking Bits (Prev, Next): (CMBitMap*) 0x00000214f8b15f40, (CMBitMap*) 0x00000214f8b15f80
 Prev Bits: [0x00000214fcdf0000, 0x00000214fdd70000)
 Next Bits: [0x00000214fdd70000, 0x00000214fecf0000)

Polling page: 0x00000214f82b0000

Metaspace:

Usage:
  Non-class:     46.71 MB capacity,    46.28 MB (>99%) used,   361.86 KB ( <1%) free+waste,    76.19 KB ( <1%) overhead. 
      Class:      6.94 MB capacity,     6.75 MB ( 97%) used,   166.02 KB (  2%) free+waste,    29.88 KB ( <1%) overhead. 
       Both:     53.65 MB capacity,    53.03 MB ( 99%) used,   527.88 KB ( <1%) free+waste,   106.06 KB ( <1%) overhead. 

Virtual space:
  Non-class space:       56.00 MB reserved,      46.75 MB ( 83%) committed 
      Class space:        1.00 GB reserved,       7.00 MB ( <1%) committed 
             Both:        1.05 GB reserved,      53.75 MB (  5%) committed 

Chunk freelists:
   Non-Class:  45.00 KB
       Class:  28.00 KB
        Both:  73.00 KB

MaxMetaspaceSize: 17179869184.00 GB
CompressedClassSpaceSize: 1.00 GB

CodeHeap 'non-profiled nmethods': size=238336Kb used=7425Kb max_used=7425Kb free=230910Kb
 bounds [0x0000021480740000, 0x0000021480e90000, 0x000002148f000000]
CodeHeap 'non-nmethods': size=7424Kb used=1278Kb max_used=1278Kb free=6145Kb
 bounds [0x0000021480000000, 0x0000021480270000, 0x0000021480740000]
 total_blobs=5246 nmethods=4676 adapters=497
 compilation: enabled
              stopped_count=0, restarted_count=0
 full_count=0

Compilation events (20 events):
Event: 10.590 Thread 0x000002149114c7f0 4665       1       java.util.ServiceLoader$ModuleServicesLookupIterator::iteratorFor (191 bytes)
Event: 10.595 Thread 0x000002149114c7f0 nmethod 4665 0x0000021480e7a290 code [0x0000021480e7a640, 0x0000021480e7b6f8]
Event: 10.653 Thread 0x000002149114c7f0 4667       1       java.lang.Class::copyFields (36 bytes)
Event: 10.654 Thread 0x000002149114c7f0 nmethod 4667 0x0000021480e7c710 code [0x0000021480e7c8e0, 0x0000021480e7cd28]
Event: 10.702 Thread 0x000002149114c7f0 4668       1       sun.reflect.annotation.AnnotationParser::skipAnnotation (40 bytes)
Event: 10.703 Thread 0x000002149114c7f0 nmethod 4668 0x0000021480e7d010 code [0x0000021480e7d1e0, 0x0000021480e7d388]
Event: 10.711 Thread 0x000002149114c7f0 4669       1       java.lang.Class::isAnnotationPresent (6 bytes)
Event: 10.711 Thread 0x000002149114c7f0 nmethod 4669 0x0000021480e7d490 code [0x0000021480e7d660, 0x0000021480e7d888]
Event: 10.711 Thread 0x000002149114c7f0 4670       1       org.hibernate.jpa.event.spi.CallbackType::getCallbackAnnotation (5 bytes)
Event: 10.712 Thread 0x000002149114c7f0 nmethod 4670 0x0000021480e7da10 code [0x0000021480e7dba0, 0x0000021480e7dc58]
Event: 10.712 Thread 0x000002149114c7f0 4671       1       org.hibernate.annotations.common.reflection.java.JavaReflectionManager::getXMethod (13 bytes)
Event: 10.712 Thread 0x000002149114c7f0 nmethod 4671 0x0000021480e7dd10 code [0x0000021480e7df20, 0x0000021480e7e348]
Event: 10.712 Thread 0x000002149114c7f0 4672       1       org.hibernate.annotations.common.reflection.java.generics.TypeEnvironmentFactory::createSuperTypeEnvironment (73 bytes)
Event: 10.714 Thread 0x000002149114c7f0 nmethod 4672 0x0000021480e7e610 code [0x0000021480e7e880, 0x0000021480e7f078]
Event: 10.749 Thread 0x000002149114c7f0 4673       1       sun.nio.ch.NioSocketImpl::park (32 bytes)
Event: 10.750 Thread 0x000002149114c7f0 nmethod 4673 0x0000021480e7f890 code [0x0000021480e7fa40, 0x0000021480e7fb78]
Event: 10.762 Thread 0x000002149114c7f0 4675       1       org.hibernate.service.spi.ServiceBinding::getService (5 bytes)
Event: 10.762 Thread 0x000002149114c7f0 nmethod 4675 0x0000021480e7fc10 code [0x0000021480e7fda0, 0x0000021480e7fe58]
Event: 10.766 Thread 0x000002149114c7f0 4676       1       org.hibernate.internal.util.collections.JoinedIterator::updateCurrentIterator (101 bytes)
Event: 10.766 Thread 0x000002149114c7f0 nmethod 4676 0x0000021480e7ff10 code [0x0000021480e800c0, 0x0000021480e803c8]

GC Heap History (20 events):
Event: 3.997 GC heap before
{Heap before GC invocations=8 (full 0):
 garbage-first heap   total 61440K, used 44428K [0x00000000c2000000, 0x0000000100000000)
  region size 1024K, 35 young (35840K), 3 survivors (3072K)
 Metaspace       used 28799K, capacity 29203K, committed 29440K, reserved 1075200K
  class space    used 3351K, capacity 3470K, committed 3584K, reserved 1048576K
}
Event: 4.003 GC heap after
{Heap after GC invocations=9 (full 0):
 garbage-first heap   total 61440K, used 14354K [0x00000000c2000000, 0x0000000100000000)
  region size 1024K, 4 young (4096K), 4 survivors (4096K)
 Metaspace       used 28799K, capacity 29203K, committed 29440K, reserved 1075200K
  class space    used 3351K, capacity 3470K, committed 3584K, reserved 1048576K
}
Event: 4.991 GC heap before
{Heap before GC invocations=9 (full 0):
 garbage-first heap   total 61440K, used 47122K [0x00000000c2000000, 0x0000000100000000)
  region size 1024K, 36 young (36864K), 4 survivors (4096K)
 Metaspace       used 30932K, capacity 31344K, committed 31488K, reserved 1077248K
  class space    used 3689K, capacity 3812K, committed 3840K, reserved 1048576K
}
Event: 4.999 GC heap after
{Heap after GC invocations=10 (full 0):
 garbage-first heap   total 61440K, used 15697K [0x00000000c2000000, 0x0000000100000000)
  region size 1024K, 4 young (4096K), 4 survivors (4096K)
 Metaspace       used 30932K, capacity 31344K, committed 31488K, reserved 1077248K
  class space    used 3689K, capacity 3812K, committed 3840K, reserved 1048576K
}
Event: 5.979 GC heap before
{Heap before GC invocations=10 (full 0):
 garbage-first heap   total 61440K, used 47441K [0x00000000c2000000, 0x0000000100000000)
  region size 1024K, 35 young (35840K), 4 survivors (4096K)
 Metaspace       used 34419K, capacity 34916K, committed 35200K, reserved 1079296K
  class space    used 4233K, capacity 4415K, committed 4480K, reserved 1048576K
}
Event: 5.989 GC heap after
{Heap after GC invocations=11 (full 0):
 garbage-first heap   total 73728K, used 18011K [0x00000000c2000000, 0x0000000100000000)
  region size 1024K, 5 young (5120K), 5 survivors (5120K)
 Metaspace       used 34419K, capacity 34916K, committed 35200K, reserved 1079296K
  class space    used 4233K, capacity 4415K, committed 4480K, reserved 1048576K
}
Event: 6.180 GC heap before
{Heap before GC invocations=11 (full 0):
 garbage-first heap   total 73728K, used 22107K [0x00000000c2000000, 0x0000000100000000)
  region size 1024K, 10 young (10240K), 5 survivors (5120K)
 Metaspace       used 35304K, capacity 35751K, committed 35840K, reserved 1081344K
  class space    used 4364K, capacity 4544K, committed 4608K, reserved 1048576K
}
Event: 6.190 GC heap after
{Heap after GC invocations=12 (full 0):
 garbage-first heap   total 73728K, used 18408K [0x00000000c2000000, 0x0000000100000000)
  region size 1024K, 4 young (4096K), 4 survivors (4096K)
 Metaspace       used 35304K, capacity 35751K, committed 35840K, reserved 1081344K
  class space    used 4364K, capacity 4544K, committed 4608K, reserved 1048576K
}
Event: 6.610 GC heap before
{Heap before GC invocations=13 (full 0):
 garbage-first heap   total 73728K, used 53224K [0x00000000c2000000, 0x0000000100000000)
  region size 1024K, 39 young (39936K), 4 survivors (4096K)
 Metaspace       used 37192K, capacity 37739K, committed 37888K, reserved 1083392K
  class space    used 4619K, capacity 4840K, committed 4864K, reserved 1048576K
}
Event: 6.618 GC heap after
{Heap after GC invocations=14 (full 0):
 garbage-first heap   total 73728K, used 19836K [0x00000000c2000000, 0x0000000100000000)
  region size 1024K, 2 young (2048K), 2 survivors (2048K)
 Metaspace       used 37192K, capacity 37739K, committed 37888K, reserved 1083392K
  class space    used 4619K, capacity 4840K, committed 4864K, reserved 1048576K
}
Event: 6.808 GC heap before
{Heap before GC invocations=14 (full 0):
 garbage-first heap   total 73728K, used 54652K [0x00000000c2000000, 0x0000000100000000)
  region size 1024K, 37 young (37888K), 2 survivors (2048K)
 Metaspace       used 38469K, capacity 39019K, committed 39296K, reserved 1083392K
  class space    used 4741K, capacity 4968K, committed 4992K, reserved 1048576K
}
Event: 6.813 GC heap after
{Heap after GC invocations=15 (full 0):
 garbage-first heap   total 73728K, used 21008K [0x00000000c2000000, 0x0000000100000000)
  region size 1024K, 4 young (4096K), 4 survivors (4096K)
 Metaspace       used 38469K, capacity 39019K, committed 39296K, reserved 1083392K
  class space    used 4741K, capacity 4968K, committed 4992K, reserved 1048576K
}
Event: 7.047 GC heap before
{Heap before GC invocations=15 (full 0):
 garbage-first heap   total 73728K, used 55824K [0x00000000c2000000, 0x0000000100000000)
  region size 1024K, 39 young (39936K), 4 survivors (4096K)
 Metaspace       used 38927K, capacity 39505K, committed 39680K, reserved 1083392K
  class space    used 4781K, capacity 5001K, committed 5120K, reserved 1048576K
}
Event: 7.054 GC heap after
{Heap after GC invocations=16 (full 0):
 garbage-first heap   total 73728K, used 22661K [0x00000000c2000000, 0x0000000100000000)
  region size 1024K, 3 young (3072K), 3 survivors (3072K)
 Metaspace       used 38927K, capacity 39505K, committed 39680K, reserved 1083392K
  class space    used 4781K, capacity 5001K, committed 5120K, reserved 1048576K
}
Event: 7.086 GC heap before
{Heap before GC invocations=16 (full 0):
 garbage-first heap   total 73728K, used 57477K [0x00000000c2000000, 0x0000000100000000)
  region size 1024K, 37 young (37888K), 3 survivors (3072K)
 Metaspace       used 38927K, capacity 39505K, committed 39680K, reserved 1083392K
  class space    used 4781K, capacity 5001K, committed 5120K, reserved 1048576K
}
Event: 7.091 GC heap after
{Heap after GC invocations=17 (full 0):
 garbage-first heap   total 89088K, used 23381K [0x00000000c2000000, 0x0000000100000000)
  region size 1024K, 3 young (3072K), 3 survivors (3072K)
 Metaspace       used 38927K, capacity 39505K, committed 39680K, reserved 1083392K
  class space    used 4781K, capacity 5001K, committed 5120K, reserved 1048576K
}
Event: 8.878 GC heap before
{Heap before GC invocations=17 (full 0):
 garbage-first heap   total 89088K, used 68437K [0x00000000c2000000, 0x0000000100000000)
  region size 1024K, 48 young (49152K), 3 survivors (3072K)
 Metaspace       used 44543K, capacity 45084K, committed 45312K, reserved 1089536K
  class space    used 5632K, capacity 5852K, committed 5888K, reserved 1048576K
}
Event: 8.887 GC heap after
{Heap after GC invocations=18 (full 0):
 garbage-first heap   total 89088K, used 24679K [0x00000000c2000000, 0x0000000100000000)
  region size 1024K, 5 young (5120K), 5 survivors (5120K)
 Metaspace       used 44543K, capacity 45084K, committed 45312K, reserved 1089536K
  class space    used 5632K, capacity 5852K, committed 5888K, reserved 1048576K
}
Event: 10.877 GC heap before
{Heap before GC invocations=18 (full 0):
 garbage-first heap   total 89088K, used 64615K [0x00000000c2000000, 0x0000000100000000)
  region size 1024K, 46 young (47104K), 5 survivors (5120K)
 Metaspace       used 54301K, capacity 54935K, committed 55040K, reserved 1103872K
  class space    used 6912K, capacity 7108K, committed 7168K, reserved 1048576K
}
Event: 10.886 GC heap after
{Heap after GC invocations=19 (full 0):
 garbage-first heap   total 89088K, used 28581K [0x00000000c2000000, 0x0000000100000000)
  region size 1024K, 6 young (6144K), 6 survivors (6144K)
 Metaspace       used 54301K, capacity 54935K, committed 55040K, reserved 1103872K
  class space    used 6912K, capacity 7108K, committed 7168K, reserved 1048576K
}

Deoptimization events (2 events):
Event: 5.163 Thread 0x00000214929ba210 DEOPT PACKING pc=0x0000021480aafbbc sp=0x0000005e176fcd30
Event: 5.163 Thread 0x00000214929ba210 DEOPT UNPACKING pc=0x000002148004e23f sp=0x0000005e176fc288 mode 0

Classes unloaded (0 events):
No events

Classes redefined (0 events):
No events

Internal exceptions (20 events):
Event: 10.294 Thread 0x0000021491149a30 Exception <a 'java/lang/ClassNotFoundException'{0x00000000c5c68418}: org/springframework/context/support/LiveBeansView> (0x00000000c5c68418) 
thrown [./open/src/hotspot/share/classfile/systemDictionary.cpp, line 295]
Event: 10.294 Thread 0x0000021491149a30 Exception <a 'java/lang/ClassNotFoundException'{0x00000000c5c687d0}: org/springframework/context/support/LiveBeansView> (0x00000000c5c687d0) 
thrown [./open/src/hotspot/share/classfile/systemDictionary.cpp, line 295]
Event: 10.294 Thread 0x0000021491149a30 Exception <a 'java/lang/ClassNotFoundException'{0x00000000c5c68b80}: org/springframework/context/support/LiveBeansView> (0x00000000c5c68b80) 
thrown [./open/src/hotspot/share/classfile/systemDictionary.cpp, line 295]
Event: 10.294 Thread 0x0000021491149a30 Exception <a 'java/lang/ClassNotFoundException'{0x00000000c5c68f28}: org/springframework/context/support/LiveBeansView> (0x00000000c5c68f28) 
thrown [./open/src/hotspot/share/classfile/systemDictionary.cpp, line 295]
Event: 10.294 Thread 0x0000021491149a30 Exception <a 'java/lang/ClassNotFoundException'{0x00000000c5c692e8}: org/springframework/context/support/LiveBeansView> (0x00000000c5c692e8) 
thrown [./open/src/hotspot/share/classfile/systemDictionary.cpp, line 295]
Event: 10.294 Thread 0x0000021491149a30 Exception <a 'java/lang/ClassNotFoundException'{0x00000000c5c69690}: org/springframework/context/support/LiveBeansView> (0x00000000c5c69690) 
thrown [./open/src/hotspot/share/classfile/systemDictionary.cpp, line 295]
Event: 10.294 Thread 0x0000021491149a30 Exception <a 'java/lang/ClassNotFoundException'{0x00000000c5c69a50}: org/springframework/context/support/LiveBeansView> (0x00000000c5c69a50) 
thrown [./open/src/hotspot/share/classfile/systemDictionary.cpp, line 295]
Event: 10.294 Thread 0x0000021491149a30 Exception <a 'java/lang/ClassNotFoundException'{0x00000000c5c69e08}: org/springframework/context/support/LiveBeansView> (0x00000000c5c69e08) 
thrown [./open/src/hotspot/share/classfile/systemDictionary.cpp, line 295]
Event: 10.295 Thread 0x0000021491149a30 Exception <a 'java/lang/ClassNotFoundException'{0x00000000c5cea418}: org/springframework/context/support/LiveBeansView> (0x00000000c5cea418) 
thrown [./open/src/hotspot/share/classfile/systemDictionary.cpp, line 295]
Event: 10.295 Thread 0x0000021491149a30 Exception <a 'java/lang/ClassNotFoundException'{0x00000000c5cea7d8}: org/springframework/context/support/LiveBeansView> (0x00000000c5cea7d8) 
thrown [./open/src/hotspot/share/classfile/systemDictionary.cpp, line 295]
Event: 10.295 Thread 0x0000021491149a30 Exception <a 'java/lang/ClassNotFoundException'{0x00000000c5ceab98}: org/springframework/context/support/LiveBeansView> (0x00000000c5ceab98) 
thrown [./open/src/hotspot/share/classfile/systemDictionary.cpp, line 295]
Event: 10.295 Thread 0x0000021491149a30 Exception <a 'java/lang/ClassNotFoundException'{0x00000000c5ceaf58}: org/springframework/context/support/LiveBeansView> (0x00000000c5ceaf58) 
thrown [./open/src/hotspot/share/classfile/systemDictionary.cpp, line 295]
Event: 10.295 Thread 0x0000021491149a30 Exception <a 'java/lang/ClassNotFoundException'{0x00000000c5ceb2f8}: org/springframework/context/support/LiveBeansView> (0x00000000c5ceb2f8) 
thrown [./open/src/hotspot/share/classfile/systemDictionary.cpp, line 295]
Event: 10.295 Thread 0x0000021491149a30 Exception <a 'java/lang/ClassNotFoundException'{0x00000000c5ceb6b0}: org/springframework/context/support/LiveBeansView> (0x00000000c5ceb6b0) 
thrown [./open/src/hotspot/share/classfile/systemDictionary.cpp, line 295]
Event: 10.295 Thread 0x0000021491149a30 Exception <a 'java/lang/ClassNotFoundException'{0x00000000c5ceba58}: org/springframework/context/support/LiveBeansView> (0x00000000c5ceba58) 
thrown [./open/src/hotspot/share/classfile/systemDictionary.cpp, line 295]
Event: 10.299 Thread 0x0000021491149a30 Exception <a 'java/lang/ClassNotFoundException'{0x00000000c5b227a8}: org/springframework/context/support/LiveBeansView> (0x00000000c5b227a8) 
thrown [./open/src/hotspot/share/classfile/systemDictionary.cpp, line 295]
Event: 10.299 Thread 0x0000021491149a30 Exception <a 'java/lang/ClassNotFoundException'{0x00000000c5b22b70}: org/springframework/context/support/LiveBeansView> (0x00000000c5b22b70) 
thrown [./open/src/hotspot/share/classfile/systemDictionary.cpp, line 295]
Event: 10.299 Thread 0x0000021491149a30 Exception <a 'java/lang/ClassNotFoundException'{0x00000000c5b22f20}: org/springframework/context/support/LiveBeansView> (0x00000000c5b22f20) 
thrown [./open/src/hotspot/share/classfile/systemDictionary.cpp, line 295]
Event: 10.299 Thread 0x0000021491149a30 Exception <a 'java/lang/ClassNotFoundException'{0x00000000c5b232d0}: org/springframework/context/support/LiveBeansView> (0x00000000c5b232d0) 
thrown [./open/src/hotspot/share/classfile/systemDictionary.cpp, line 295]
Event: 10.301 Thread 0x0000021491149a30 Exception <a 'java/lang/reflect/InvocationTargetException'{0x00000000c5b26e00}> (0x00000000c5b26e00) 
thrown [./open/src/hotspot/share/runtime/reflection.cpp, line 1157]

Events (20 events):
Event: 10.016 loading class java/util/concurrent/ThreadPoolExecutor$CallerRunsPolicy
Event: 10.016 loading class java/util/concurrent/ThreadPoolExecutor$CallerRunsPolicy done
Event: 10.098 loading class java/util/regex/Pattern$1MatcherIterator
Event: 10.098 loading class java/util/regex/Pattern$1MatcherIterator done
Event: 10.119 Thread 0x00000214929ba6e0 Thread added: 0x00000214929ba6e0
Event: 10.191 loading class java/lang/StringIndexOutOfBoundsException
Event: 10.191 loading class java/lang/StringIndexOutOfBoundsException done
Event: 10.192 loading class java/io/CharArrayWriter
Event: 10.192 loading class java/io/CharArrayWriter done
Event: 10.416 loading class sun/reflect/generics/repository/FieldRepository
Event: 10.416 loading class sun/reflect/generics/repository/FieldRepository done
Event: 10.612 loading class java/io/InvalidObjectException
Event: 10.612 loading class java/io/InvalidObjectException done
Event: 10.613 loading class javax/naming/RefAddr
Event: 10.613 loading class javax/naming/RefAddr done
Event: 10.613 loading class javax/naming/StringRefAddr
Event: 10.614 loading class javax/naming/StringRefAddr done
Event: 10.702 loading class java/lang/SafeVarargs
Event: 10.702 loading class java/lang/SafeVarargs done
Event: 10.876 Executing VM operation: CollectForMetadataAllocation


Dynamic libraries:
0x00007ff653810000 - 0x00007ff65381d000 	C:\Users\admin\Downloads\spring-tool-suite-4-4.10.0.RELEASE-e4.19.0-win32.win32.x86_64.self-extracting\contents\sts-4.10.0.RELEASE\plugins\org.eclipse.justj.openjdk.hotspot.jre.full.win32.x86_64_15.0.2.v20210201-0955\jre\bin\javaw.exe
0x00007ffdf4750000 - 0x00007ffdf4945000 	C:\WINDOWS\SYSTEM32\ntdll.dll
0x00007ffdf3520000 - 0x00007ffdf35dd000 	C:\WINDOWS\System32\KERNEL32.DLL
0x00007ffdf24e0000 - 0x00007ffdf27a8000 	C:\WINDOWS\System32\KERNELBASE.dll
0x00007ffdf2330000 - 0x00007ffdf2430000 	C:\WINDOWS\System32\ucrtbase.dll
0x00007ffddf360000 - 0x00007ffddf379000 	C:\Users\admin\Downloads\spring-tool-suite-4-4.10.0.RELEASE-e4.19.0-win32.win32.x86_64.self-extracting\contents\sts-4.10.0.RELEASE\plugins\org.eclipse.justj.openjdk.hotspot.jre.full.win32.x86_64_15.0.2.v20210201-0955\jre\bin\VCRUNTIME140.dll
0x00007ffdb01f0000 - 0x00007ffdb0208000 	C:\Users\admin\Downloads\spring-tool-suite-4-4.10.0.RELEASE-e4.19.0-win32.win32.x86_64.self-extracting\contents\sts-4.10.0.RELEASE\plugins\org.eclipse.justj.openjdk.hotspot.jre.full.win32.x86_64_15.0.2.v20210201-0955\jre\bin\jli.dll
0x00007ffdf3e30000 - 0x00007ffdf3fd0000 	C:\WINDOWS\System32\USER32.dll
0x00007ffdf2210000 - 0x00007ffdf2232000 	C:\WINDOWS\System32\win32u.dll
0x00007ffdda5c0000 - 0x00007ffdda85a000 	C:\WINDOWS\WinSxS\amd64_microsoft.windows.common-controls_6595b64144ccf1df_6.0.19041.844_none_ca00b6081b84eb1d\COMCTL32.dll
0x00007ffdf3700000 - 0x00007ffdf372a000 	C:\WINDOWS\System32\GDI32.dll
0x00007ffdf3d30000 - 0x00007ffdf3dce000 	C:\WINDOWS\System32\msvcrt.dll
0x00007ffdf1e90000 - 0x00007ffdf1f9b000 	C:\WINDOWS\System32\gdi32full.dll
0x00007ffdf2290000 - 0x00007ffdf232d000 	C:\WINDOWS\System32\msvcp_win.dll
0x00007ffdf2a90000 - 0x00007ffdf2ac0000 	C:\WINDOWS\System32\IMM32.DLL
0x00007ffdec510000 - 0x00007ffdec51c000 	C:\Users\admin\Downloads\spring-tool-suite-4-4.10.0.RELEASE-e4.19.0-win32.win32.x86_64.self-extracting\contents\sts-4.10.0.RELEASE\plugins\org.eclipse.justj.openjdk.hotspot.jre.full.win32.x86_64_15.0.2.v20210201-0955\jre\bin\vcruntime140_1.dll
0x00007ffdb0150000 - 0x00007ffdb01e1000 	C:\Users\admin\Downloads\spring-tool-suite-4-4.10.0.RELEASE-e4.19.0-win32.win32.x86_64.self-extracting\contents\sts-4.10.0.RELEASE\plugins\org.eclipse.justj.openjdk.hotspot.jre.full.win32.x86_64_15.0.2.v20210201-0955\jre\bin\msvcp140.dll
0x00007ffdba9d0000 - 0x00007ffdbb52e000 	C:\Users\admin\Downloads\spring-tool-suite-4-4.10.0.RELEASE-e4.19.0-win32.win32.x86_64.self-extracting\contents\sts-4.10.0.RELEASE\plugins\org.eclipse.justj.openjdk.hotspot.jre.full.win32.x86_64_15.0.2.v20210201-0955\jre\bin\server\jvm.dll
0x00007ffdf29c0000 - 0x00007ffdf2a6c000 	C:\WINDOWS\System32\ADVAPI32.dll
0x00007ffdf3480000 - 0x00007ffdf351b000 	C:\WINDOWS\System32\sechost.dll
0x00007ffdf2810000 - 0x00007ffdf293b000 	C:\WINDOWS\System32\RPCRT4.dll
0x00007ffdf35e0000 - 0x00007ffdf35e8000 	C:\WINDOWS\System32\PSAPI.DLL
0x00007ffdec760000 - 0x00007ffdec769000 	C:\WINDOWS\SYSTEM32\WSOCK32.dll
0x00007ffde83e0000 - 0x00007ffde83ea000 	C:\WINDOWS\SYSTEM32\VERSION.dll
0x00007ffdf2950000 - 0x00007ffdf29bb000 	C:\WINDOWS\System32\WS2_32.dll
0x00007ffddf710000 - 0x00007ffddf737000 	C:\WINDOWS\SYSTEM32\WINMM.dll
0x00007ffdefd90000 - 0x00007ffdefda2000 	C:\WINDOWS\SYSTEM32\kernel.appcore.dll
0x00007ffdeaaf0000 - 0x00007ffdeaafa000 	C:\Users\admin\Downloads\spring-tool-suite-4-4.10.0.RELEASE-e4.19.0-win32.win32.x86_64.self-extracting\contents\sts-4.10.0.RELEASE\plugins\org.eclipse.justj.openjdk.hotspot.jre.full.win32.x86_64_15.0.2.v20210201-0955\jre\bin\jimage.dll
0x00007ffddd030000 - 0x00007ffddd214000 	C:\WINDOWS\SYSTEM32\DBGHELP.DLL
0x00007ffddca30000 - 0x00007ffddca5c000 	C:\WINDOWS\SYSTEM32\dbgcore.DLL
0x00007ffdf2130000 - 0x00007ffdf21b0000 	C:\WINDOWS\System32\bcryptPrimitives.dll
0x00007ffdc2be0000 - 0x00007ffdc2c05000 	C:\Users\admin\Downloads\spring-tool-suite-4-4.10.0.RELEASE-e4.19.0-win32.win32.x86_64.self-extracting\contents\sts-4.10.0.RELEASE\plugins\org.eclipse.justj.openjdk.hotspot.jre.full.win32.x86_64_15.0.2.v20210201-0955\jre\bin\java.dll
0x00007ffdd6560000 - 0x00007ffdd6578000 	C:\Users\admin\Downloads\spring-tool-suite-4-4.10.0.RELEASE-e4.19.0-win32.win32.x86_64.self-extracting\contents\sts-4.10.0.RELEASE\plugins\org.eclipse.justj.openjdk.hotspot.jre.full.win32.x86_64_15.0.2.v20210201-0955\jre\bin\zip.dll
0x00007ffdf2bf0000 - 0x00007ffdf3332000 	C:\WINDOWS\System32\SHELL32.dll
0x00007ffdeff90000 - 0x00007ffdf0721000 	C:\WINDOWS\SYSTEM32\windows.storage.dll
0x00007ffdf3950000 - 0x00007ffdf3ca5000 	C:\WINDOWS\System32\combase.dll
0x00007ffdf1830000 - 0x00007ffdf185c000 	C:\WINDOWS\SYSTEM32\Wldp.dll
0x00007ffdf35f0000 - 0x00007ffdf369e000 	C:\WINDOWS\System32\SHCORE.dll
0x00007ffdf3dd0000 - 0x00007ffdf3e25000 	C:\WINDOWS\System32\shlwapi.dll
0x00007ffdf1dd0000 - 0x00007ffdf1def000 	C:\WINDOWS\SYSTEM32\profapi.dll
0x00007ffdbfa70000 - 0x00007ffdbfa89000 	C:\Users\admin\Downloads\spring-tool-suite-4-4.10.0.RELEASE-e4.19.0-win32.win32.x86_64.self-extracting\contents\sts-4.10.0.RELEASE\plugins\org.eclipse.justj.openjdk.hotspot.jre.full.win32.x86_64_15.0.2.v20210201-0955\jre\bin\net.dll
0x00007ffdea640000 - 0x00007ffdea74b000 	C:\WINDOWS\SYSTEM32\WINHTTP.dll
0x00007ffdf1610000 - 0x00007ffdf167a000 	C:\WINDOWS\system32\mswsock.dll
0x00007ffdbfa50000 - 0x00007ffdbfa62000 	C:\Users\admin\Downloads\spring-tool-suite-4-4.10.0.RELEASE-e4.19.0-win32.win32.x86_64.self-extracting\contents\sts-4.10.0.RELEASE\plugins\org.eclipse.justj.openjdk.hotspot.jre.full.win32.x86_64_15.0.2.v20210201-0955\jre\bin\nio.dll
0x00007ffdb6750000 - 0x00007ffdb6759000 	C:\Users\admin\Downloads\spring-tool-suite-4-4.10.0.RELEASE-e4.19.0-win32.win32.x86_64.self-extracting\contents\sts-4.10.0.RELEASE\plugins\org.eclipse.justj.openjdk.hotspot.jre.full.win32.x86_64_15.0.2.v20210201-0955\jre\bin\management.dll
0x00007ffdadf50000 - 0x00007ffdadf5b000 	C:\Users\admin\Downloads\spring-tool-suite-4-4.10.0.RELEASE-e4.19.0-win32.win32.x86_64.self-extracting\contents\sts-4.10.0.RELEASE\plugins\org.eclipse.justj.openjdk.hotspot.jre.full.win32.x86_64_15.0.2.v20210201-0955\jre\bin\management_ext.dll
0x00007ffdadf80000 - 0x00007ffdadf97000 	C:\WINDOWS\system32\napinsp.dll
0x00007ffdadf60000 - 0x00007ffdadf7b000 	C:\WINDOWS\system32\pnrpnsp.dll
0x00007ffdec9c0000 - 0x00007ffdec9d5000 	C:\WINDOWS\system32\wshbth.dll
0x00007ffdedce0000 - 0x00007ffdedcfd000 	C:\WINDOWS\system32\NLAapi.dll
0x00007ffdf12d0000 - 0x00007ffdf130b000 	C:\WINDOWS\SYSTEM32\IPHLPAPI.DLL
0x00007ffdf1310000 - 0x00007ffdf13dc000 	C:\WINDOWS\SYSTEM32\DNSAPI.dll
0x00007ffdf2940000 - 0x00007ffdf2948000 	C:\WINDOWS\System32\NSI.dll
0x00007ffdabd00000 - 0x00007ffdabd12000 	C:\WINDOWS\System32\winrnr.dll
0x00007ffde6440000 - 0x00007ffde644a000 	C:\Windows\System32\rasadhlp.dll
0x00007ffde9ff0000 - 0x00007ffdea06f000 	C:\WINDOWS\System32\fwpuclnt.dll
0x00007ffdf1fa0000 - 0x00007ffdf1fc7000 	C:\WINDOWS\System32\bcrypt.dll
0x00007ffdf1b60000 - 0x00007ffdf1b78000 	C:\WINDOWS\SYSTEM32\CRYPTSP.dll
0x00007ffdf0f60000 - 0x00007ffdf0f94000 	C:\WINDOWS\system32\rsaenh.dll
0x00007ffdf1d90000 - 0x00007ffdf1dbe000 	C:\WINDOWS\SYSTEM32\USERENV.dll
0x00007ffdf1790000 - 0x00007ffdf179c000 	C:\WINDOWS\SYSTEM32\CRYPTBASE.dll
0x00007ffdead80000 - 0x00007ffdead97000 	C:\WINDOWS\SYSTEM32\dhcpcsvc6.DLL
0x00007ffdead40000 - 0x00007ffdead5d000 	C:\WINDOWS\SYSTEM32\dhcpcsvc.DLL
0x00007ffdd6470000 - 0x00007ffdd6480000 	C:\Users\admin\Downloads\spring-tool-suite-4-4.10.0.RELEASE-e4.19.0-win32.win32.x86_64.self-extracting\contents\sts-4.10.0.RELEASE\plugins\org.eclipse.justj.openjdk.hotspot.jre.full.win32.x86_64_15.0.2.v20210201-0955\jre\bin\verify.dll
0x00007ffdb7bd0000 - 0x00007ffdb7bdd000 	C:\Users\admin\Downloads\spring-tool-suite-4-4.10.0.RELEASE-e4.19.0-win32.win32.x86_64.self-extracting\contents\sts-4.10.0.RELEASE\plugins\org.eclipse.justj.openjdk.hotspot.jre.full.win32.x86_64_15.0.2.v20210201-0955\jre\bin\sunmscapi.dll
0x00007ffdf1fd0000 - 0x00007ffdf212f000 	C:\WINDOWS\System32\CRYPT32.dll
0x00007ffdf18a0000 - 0x00007ffdf18c7000 	C:\WINDOWS\SYSTEM32\ncrypt.dll
0x00007ffdf1860000 - 0x00007ffdf189b000 	C:\WINDOWS\SYSTEM32\NTASN1.dll

dbghelp: loaded successfully - version: 4.0.5 - missing functions: none
symbol engine: initialized successfully - sym options: 0x614 - pdb path: .;C:\Users\admin\Downloads\spring-tool-suite-4-4.10.0.RELEASE-e4.19.0-win32.win32.x86_64.self-extracting\contents\sts-4.10.0.RELEASE\plugins\org.eclipse.justj.openjdk.hotspot.jre.full.win32.x86_64_15.0.2.v20210201-0955\jre\bin;C:\WINDOWS\SYSTEM32;C:\WINDOWS\WinSxS\amd64_microsoft.windows.common-controls_6595b64144ccf1df_6.0.19041.844_none_ca00b6081b84eb1d;C:\Users\admin\Downloads\spring-tool-suite-4-4.10.0.RELEASE-e4.19.0-win32.win32.x86_64.self-extracting\contents\sts-4.10.0.RELEASE\plugins\org.eclipse.justj.openjdk.hotspot.jre.full.win32.x86_64_15.0.2.v20210201-0955\jre\bin\server

VM Arguments:
jvm_args: -Dcom.sun.management.jmxremote -Dcom.sun.management.jmxremote.port=55171 -Dcom.sun.management.jmxremote.authenticate=false -Dcom.sun.management.jmxremote.ssl=false -Djava.rmi.server.hostname=localhost -Dspring.jmx.enabled=true -Dspring.application.admin.enabled=true -XX:TieredStopAtLevel=1 -Dspring.boot.project.name=gestion_facturation -Dfile.encoding=UTF-8 -XX:+ShowCodeDetailsInExceptionMessages 
java_command: com.gpg.GestionFacturationApplication --spring.output.ansi.enabled=always
java_class_path (initial): C:\Users\admin\Desktop\gestion_facturation\gestion_facturation\target\classes;C:\Users\admin\.m2\repository\org\json\json\20201115\json-20201115.jar;C:\Users\admin\.m2\repository\org\springframework\boot\spring-boot-starter-actuator\2.4.4\spring-boot-starter-actuator-2.4.4.jar;C:\Users\admin\.m2\repository\org\springframework\boot\spring-boot-starter\2.4.4\spring-boot-starter-2.4.4.jar;C:\Users\admin\.m2\repository\org\springframework\boot\spring-boot-starter-logging\2.4.4\spring-boot-starter-logging-2.4.4.jar;C:\Users\admin\.m2\repository\ch\qos\logback\logback-classic\1.2.3\logback-classic-1.2.3.jar;C:\Users\admin\.m2\repository\ch\qos\logback\logback-core\1.2.3\logback-core-1.2.3.jar;C:\Users\admin\.m2\repository\org\apache\logging\log4j\log4j-to-slf4j\2.13.3\log4j-to-slf4j-2.13.3.jar;C:\Users\admin\.m2\repository\org\apache\logging\log4j\log4j-api\2.13.3\log4j-api-2.13.3.jar;C:\Users\admin\.m2\repository\org\slf4j\jul-to-slf4j\1.7.30\jul-to-slf4j-1.7.30.jar;C:\Users\admin\.m2\repository\jakarta\annotation\jakarta.annotation-api\1.3.5\jakarta.annotation-api-1.3.5.jar;C:\Users\admin\.m2\repository\org\yaml\snakeyaml\1.27\snakeyaml-1.27.jar;C:\Users\admin\.m2\repository\org\springframework\boot\spring-boot-actuator-autoconfigure\2.4.4\spring-boot-actuator-autoconfigure-2.4.4.jar;C:\Users\admin\.m2\repository\org\springframework\boot\spring-boot-actuator\2.4.4\spring-boot-actuator-2.4.4.jar;C:\Users\admin\.m2\repository\com\fasterxml\jackson\datatype\jackson-datatype-jsr310\2.11.4\jackson-datatype-jsr310-2.11.4.jar;C:\Users\admin\.m2\repository\io\micrometer\micrometer-core\1.6.5\micrometer-core-1.6.5.jar;C:\Users\admin\.m2\repository\org\hdrhistogram\HdrHistogram\2.1.12\HdrHistogram-2.1.12.jar;C:\Users\admin\.m2\repository\org\latencyutils\LatencyUtils\2.0.3\LatencyUtils-2.0.3.jar;C:\Users\admin\.m2\repository\com\google\code\gson\gson\2.8.5\gson-2.8.5.jar;C:\Users\admin\.m2\repository\com\auth0\java-jwt\3.11.0\java-jwt-3.11.0.jar;C:\Us
Launcher Type: SUN_STANDARD

[Global flags]
     intx CICompilerCount                          = 4                                         {product} {ergonomic}
     uint ConcGCThreads                            = 2                                         {product} {ergonomic}
     uint G1ConcRefinementThreads                  = 8                                         {product} {ergonomic}
   size_t G1HeapRegionSize                         = 1048576                                   {product} {ergonomic}
    uintx GCDrainStackTargetSize                   = 64                                        {product} {ergonomic}
   size_t InitialHeapSize                          = 65011712                                  {product} {ergonomic}
     bool ManagementServer                         = true                                      {product} {command line}
   size_t MarkStackSize                            = 4194304                                   {product} {ergonomic}
   size_t MaxHeapSize                              = 1040187392                                {product} {ergonomic}
   size_t MaxNewSize                               = 623902720                                 {product} {ergonomic}
   size_t MinHeapDeltaBytes                        = 1048576                                   {product} {ergonomic}
   size_t MinHeapSize                              = 8388608                                   {product} {ergonomic}
    uintx NonNMethodCodeHeapSize                   = 7549744                                {pd product} {ergonomic}
    uintx NonProfiledCodeHeapSize                  = 244108496                              {pd product} {ergonomic}
    uintx ProfiledCodeHeapSize                     = 0                                      {pd product} {ergonomic}
    uintx ReservedCodeCacheSize                    = 251658240                              {pd product} {ergonomic}
     bool SegmentedCodeCache                       = true                                      {product} {ergonomic}
     bool ShowCodeDetailsInExceptionMessages       = true                                   {manageable} {command line}
   size_t SoftMaxHeapSize                          = 1040187392                             {manageable} {ergonomic}
     intx TieredStopAtLevel                        = 1                                         {product} {command line}
     bool UseCompressedClassPointers               = true                                 {lp64_product} {ergonomic}
     bool UseCompressedOops                        = true                                 {lp64_product} {ergonomic}
     bool UseG1GC                                  = true                                      {product} {ergonomic}
     bool UseLargePagesIndividualAllocation        = false                                  {pd product} {ergonomic}

Logging:
Log output configuration:
 #0: stdout all=warning uptime,level,tags
 #1: stderr all=off uptime,level,tags

Environment Variables:
PATH=C:/Users/admin/Downloads/spring-tool-suite-4-4.10.0.RELEASE-e4.19.0-win32.win32.x86_64.self-extracting/contents/sts-4.10.0.RELEASE//plugins/org.eclipse.justj.openjdk.hotspot.jre.full.win32.x86_64_15.0.2.v20210201-0955/jre/bin/server;C:/Users/admin/Downloads/spring-tool-suite-4-4.10.0.RELEASE-e4.19.0-win32.win32.x86_64.self-extracting/contents/sts-4.10.0.RELEASE//plugins/org.eclipse.justj.openjdk.hotspot.jre.full.win32.x86_64_15.0.2.v20210201-0955/jre/bin;C:\Windows\system32;C:\Windows;C:\Windows\System32\Wbem;C:\Windows\System32\WindowsPowerShell\v1.0\;C:\Program Files (x86)\NVIDIA Corporation\PhysX\Common;C:\WINDOWS\system32;C:\WINDOWS;C:\WINDOWS\System32\Wbem;C:\WINDOWS\System32\WindowsPowerShell\v1.0\;C:\WINDOWS\System32\OpenSSH\;C:\Program Files\dotnet\;C:\Program Files\Git\cmd;C:\Program Files\nodejs\;C:\Users\admin\AppData\Local\Programs\Python\Python37\Scripts\;C:\Users\admin\AppData\Local\Programs\Python\Python37\;C:\Users\admin\AppData\Local\Microsoft\WindowsApps;C:\Users\admin\.dotnet\tools;C:\Users\admin\anaconda3\Scripts\Library\bin;C:\Users\admin\AppData\Local\Programs\Microsoft VS Code\bin;C:\Users\admin\anaconda3\envs\myenv\Scripts;C:\Users\admin\AppData\Roaming\npm;C:\Users\admin\AppData\Roaming\npm\node_modules\angular-cli\bin;;C:\Users\admin\Downloads\spring-tool-suite-4-4.10.0.RELEASE-e4.19.0-win32.win32.x86_64.self-extracting\contents\sts-4.10.0.RELEASE;
USERNAME=admin
OS=Windows_NT
PROCESSOR_IDENTIFIER=Intel64 Family 6 Model 142 Stepping 10, GenuineIntel



---------------  S Y S T E M  ---------------

OS:
 Windows 10 , 64 bit Build 19041 (10.0.19041.928)
OS uptime: 0 days 1:25 hours
HyperV virtualization detected

CPU: total 8 (initial active 8) (4 cores per cpu, 2 threads per core) family 6 model 142 stepping 10 microcode 0xb4, cmov, cx8, fxsr, mmx, sse, sse2, sse3, ssse3, sse4.1, sse4.2, popcnt, vzeroupper, avx, avx2, aes, clmul, erms, 3dnowpref, lzcnt, ht, tsc, tscinvbit, bmi1, bmi2, adx, fma, clflush, clflushopt

Memory: 4k page, system-wide physical 3962M (177M free)
TotalPageFile size 16250M (AvailPageFile size 0M)
current process WorkingSet (physical memory assigned to process): 211M, peak: 211M
current process commit charge ("private bytes"): 249M, peak: 250M

vm_info: OpenJDK 64-Bit Server VM (15.0.2+7-27) for windows-amd64 JRE (15.0.2+7-27), built on Dec  7 2020 20:02:38 by "mach5one" with unknown MS VC++:1925

END.
