#
# There is insufficient memory for the Java Runtime Environment to continue.
# Native memory allocation (mmap) failed to map 13631488 bytes for G1 virtual space
# Possible reasons:
#   The system is out of physical RAM or swap space
#   The process is running with CompressedOops enabled, and the Java Heap may be blocking the growth of the native heap
# Possible solutions:
#   Reduce memory load on the system
#   Increase physical memory or swap space
#   Check if swap backing store is full
#   Decrease Java heap size (-Xmx/-Xms)
#   Decrease number of Java threads
#   Decrease Java thread stack sizes (-Xss)
#   Set larger code cache with -XX:ReservedCodeCacheSize=
#   JVM is running with Unscaled Compressed Oops mode in which the Java heap is
#     placed in the first 4GB address space. The Java Heap base address is the
#     maximum limit for the native heap growth. Please use -XX:HeapBaseMinAddress
#     to set the Java Heap base and to place the Java Heap above 4GB virtual address.
# This output file may be truncated or incomplete.
#
#  Out of Memory Error (./open/src/hotspot/os/windows/os_windows.cpp:3321), pid=6316, tid=1720
#
# JRE version: OpenJDK Runtime Environment (15.0.2+7) (build 15.0.2+7-27)
# Java VM: OpenJDK 64-Bit Server VM (15.0.2+7-27, mixed mode, tiered, compressed oops, g1 gc, windows-amd64)
# No core dump will be written. Minidumps are not enabled by default on client versions of Windows
#

---------------  S U M M A R Y ------------

Command Line: -Dcom.sun.management.jmxremote -Dcom.sun.management.jmxremote.port=51914 -Dcom.sun.management.jmxremote.authenticate=false -Dcom.sun.management.jmxremote.ssl=false -Djava.rmi.server.hostname=localhost -Dspring.jmx.enabled=true -Dspring.application.admin.enabled=true -XX:TieredStopAtLevel=1 -Dspring.boot.project.name=gestion_facturation -Dfile.encoding=UTF-8 -XX:+ShowCodeDetailsInExceptionMessages com.gpg.GestionFacturationApplication --spring.output.ansi.enabled=always

Host: Intel(R) Core(TM) i5-8250U CPU @ 1.60GHz, 8 cores, 3G,  Windows 10 , 64 bit Build 18362 (10.0.18362.1350)
Time: Fri Apr 23 22:32:50 2021 Paris, Madrid (heure d?été) elapsed time: 5.063431 seconds (0d 0h 0m 5s)

---------------  T H R E A D  ---------------

Current thread (0x00000218042db970):  VMThread "VM Thread" [stack: 0x00000092d6800000,0x00000092d6900000] [id=1720]

Stack: [0x00000092d6800000,0x00000092d6900000]
[error occurred during error reporting (printing stack bounds), id 0xc0000005, EXCEPTION_ACCESS_VIOLATION (0xc0000005) at pc=0x000002186f8010ad]

Native frames: (J=compiled Java code, j=interpreted, Vv=VM code, C=native code)
V  [jvm.dll+0x62ae9a]
V  [jvm.dll+0x7817a9]
V  [jvm.dll+0x782f03]
V  [jvm.dll+0x7834c5]
V  [jvm.dll+0x78347b]
V  [jvm.dll+0x62a2b9]
V  [jvm.dll+0x62aa88]
C  [ntdll.dll+0xa1eef]
C  [ntdll.dll+0x6aad9]
C  [ntdll.dll+0xa0b5e]
C  0x000002186f8010ad

VM_Operation (0x00000092d7ef7a70): CollectForMetadataAllocation, mode: safepoint, requested by thread 0x00000218064515d0


---------------  P R O C E S S  ---------------

Threads class SMR info:
_java_thread_list=0x0000021808997460, length=27, elements={
0x000002186a63bb50, 0x0000021804313530, 0x0000021804314010, 0x0000021804301690,
0x000002180431b3b0, 0x000002180431dc80, 0x000002180431e540, 0x0000021804c79bd0,
0x000002180427e050, 0x0000021804e38f30, 0x0000021805477110, 0x000002180547dcd0,
0x000002180547e1a0, 0x00000218057bca30, 0x000002180635c560, 0x00000218063e7a30,
0x00000218063ffc60, 0x0000021806451100, 0x00000218064515d0, 0x0000021806d62530,
0x0000021806d65550, 0x0000021806d62ed0, 0x0000021806d65080, 0x0000021806d65a20,
0x0000021806d633a0, 0x0000021806d646e0, 0x0000021806d62060
}

Java Threads: ( => current thread )
  0x000002186a63bb50 JavaThread "main" [_thread_blocked, id=4000, stack(0x00000092d6200000,0x00000092d6300000)]
  0x0000021804313530 JavaThread "Reference Handler" daemon [_thread_blocked, id=13900, stack(0x00000092d6900000,0x00000092d6a00000)]
  0x0000021804314010 JavaThread "Finalizer" daemon [_thread_blocked, id=8892, stack(0x00000092d6a00000,0x00000092d6b00000)]
  0x0000021804301690 JavaThread "Signal Dispatcher" daemon [_thread_blocked, id=10424, stack(0x00000092d6b00000,0x00000092d6c00000)]
  0x000002180431b3b0 JavaThread "Attach Listener" daemon [_thread_blocked, id=13548, stack(0x00000092d6c00000,0x00000092d6d00000)]
  0x000002180431dc80 JavaThread "Service Thread" daemon [_thread_blocked, id=5496, stack(0x00000092d6d00000,0x00000092d6e00000)]
  0x000002180431e540 JavaThread "C1 CompilerThread0" daemon [_thread_blocked, id=14500, stack(0x00000092d6e00000,0x00000092d6f00000)]
  0x0000021804c79bd0 JavaThread "Sweeper thread" daemon [_thread_blocked, id=13408, stack(0x00000092d6f00000,0x00000092d7000000)]
  0x000002180427e050 JavaThread "Common-Cleaner" daemon [_thread_blocked, id=8884, stack(0x00000092d7000000,0x00000092d7100000)]
  0x0000021804e38f30 JavaThread "Notification Thread" daemon [_thread_blocked, id=6472, stack(0x00000092d7100000,0x00000092d7200000)]
  0x0000021805477110 JavaThread "RMI TCP Accept-0" daemon [_thread_in_native, id=8032, stack(0x00000092d7200000,0x00000092d7300000)]
  0x000002180547dcd0 JavaThread "RMI TCP Accept-51914" daemon [_thread_in_native, id=12420, stack(0x00000092d7300000,0x00000092d7400000)]
  0x000002180547e1a0 JavaThread "RMI TCP Accept-0" daemon [_thread_in_native, id=1456, stack(0x00000092d7400000,0x00000092d7500000)]
  0x00000218057bca30 JavaThread "RMI TCP Connection(1)-127.0.0.1" daemon [_thread_in_native, id=14164, stack(0x00000092d7900000,0x00000092d7a00000)]
  0x000002180635c560 JavaThread "RMI Scheduler(0)" daemon [_thread_blocked, id=15796, stack(0x00000092d7a00000,0x00000092d7b00000)]
  0x00000218063e7a30 JavaThread "RMI TCP Connection(2)-127.0.0.1" daemon [_thread_in_native, id=13048, stack(0x00000092d7b00000,0x00000092d7c00000)]
  0x00000218063ffc60 JavaThread "JMX server connection timeout 21" daemon [_thread_blocked, id=14856, stack(0x00000092d7c00000,0x00000092d7d00000)]
  0x0000021806451100 JavaThread "Thread-0" [_thread_blocked, id=15896, stack(0x00000092d7d00000,0x00000092d7e00000)]
  0x00000218064515d0 JavaThread "restartedMain" [_thread_blocked, id=14804, stack(0x00000092d7e00000,0x00000092d7f00000)]
  0x0000021806d62530 JavaThread "RMI TCP Connection(3)-127.0.0.1" daemon [_thread_in_native, id=14604, stack(0x00000092d8300000,0x00000092d8400000)]
  0x0000021806d65550 JavaThread "JMX server connection timeout 30" daemon [_thread_blocked, id=10908, stack(0x00000092d8700000,0x00000092d8800000)]
  0x0000021806d62ed0 JavaThread "RMI TCP Connection(4)-127.0.0.1" daemon [_thread_in_native, id=15912, stack(0x00000092d8800000,0x00000092d8900000)]
  0x0000021806d65080 JavaThread "JMX server connection timeout 32" daemon [_thread_blocked, id=3292, stack(0x00000092d8900000,0x00000092d8a00000)]
  0x0000021806d65a20 JavaThread "Catalina-utility-1" [_thread_blocked, id=4788, stack(0x00000092d8a00000,0x00000092d8b00000)]
  0x0000021806d633a0 JavaThread "Catalina-utility-2" [_thread_blocked, id=5152, stack(0x00000092d8b00000,0x00000092d8c00000)]
  0x0000021806d646e0 JavaThread "container-0" [_thread_blocked, id=10080, stack(0x00000092d8c00000,0x00000092d8d00000)]
  0x0000021806d62060 JavaThread "mysql-cj-abandoned-connection-cleanup" daemon [_thread_blocked, id=5732, stack(0x00000092d8d00000,0x00000092d8e00000)]

Other Threads:
=>0x00000218042db970 VMThread "VM Thread" [stack: 0x00000092d6800000,0x00000092d6900000] [id=1720]
  0x0000021805473410 WatcherThread [stack: 0x00000092d7500000,0x00000092d7600000] [id=10456]
  0x000002186a66afb0 GCTaskThread "GC Thread#0" [stack: 0x00000092d6300000,0x00000092d6400000] [id=10124]
  0x0000021806326a20 GCTaskThread "GC Thread#1" [stack: 0x00000092d7600000,0x00000092d7700000] [id=15816]
  0x0000021806328070 GCTaskThread "GC Thread#2" [stack: 0x00000092d7f00000,0x00000092d8000000] [id=14240]
  0x0000021806326090 GCTaskThread "GC Thread#3" [stack: 0x00000092d8000000,0x00000092d8100000] [id=8968]
  0x00000218063283a0 GCTaskThread "GC Thread#4" [stack: 0x00000092d8100000,0x00000092d8200000] [id=3436]
  0x00000218063276e0 GCTaskThread "GC Thread#5" [stack: 0x00000092d8200000,0x00000092d8300000] [id=11892]
  0x00000218063273b0 GCTaskThread "GC Thread#6" [stack: 0x00000092d8400000,0x00000092d8500000] [id=11220]
  0x00000218063286d0 GCTaskThread "GC Thread#7" [stack: 0x00000092d8500000,0x00000092d8600000] [id=9420]
  0x000002186a675540 ConcurrentGCThread "G1 Main Marker" [stack: 0x00000092d6400000,0x00000092d6500000] [id=3892]
  0x000002186a6760c0 ConcurrentGCThread "G1 Conc#0" [stack: 0x00000092d6500000,0x00000092d6600000] [id=8896]
  0x0000021806328a00 ConcurrentGCThread "G1 Conc#1" [stack: 0x00000092d8600000,0x00000092d8700000] [id=13184]
  0x000002186a6c85f0 ConcurrentGCThread "G1 Refine#0" [stack: 0x00000092d6600000,0x00000092d6700000] [id=7572]
  0x00000218057bdb00 ConcurrentGCThread "G1 Refine#1" [stack: 0x00000092d7700000,0x00000092d7800000] [id=2228]
  0x00000218057bde60 ConcurrentGCThread "G1 Refine#2" [stack: 0x00000092d7800000,0x00000092d7900000] [id=10504]
  0x000002186a6c9180 ConcurrentGCThread "G1 Young RemSet Sampling" [stack: 0x00000092d6700000,0x00000092d6800000] [id=6944]

Threads with active compile tasks:

VM state: at safepoint (normal execution)

VM Mutex/Monitor currently owned by a thread:  ([mutex/lock_event])
[0x000002186a638100] Threads_lock - owner thread: 0x00000218042db970
[0x000002186a638460] Heap_lock - owner thread: 0x00000218064515d0

Heap address: 0x00000000c2000000, size: 992 MB, Compressed Oops mode: 32-bit
CDS disabled.
Compressed class space mapped at: 0x0000000100000000-0x0000000140000000, size: 1073741824
Narrow klass base: 0x0000000000000000, Narrow klass shift: 3, Narrow klass range: 0x140000000

GC Precious Log:
 CPUs: 8 total, 8 available
 Memory: 3962M
 Large Page Support: Disabled
 NUMA Support: Disabled
 Compressed Oops: Enabled (32-bit)
 Heap Region Size: 1M
 Heap Min Capacity: 8M
 Heap Initial Capacity: 62M
 Heap Max Capacity: 992M
 Pre-touch: Disabled
 Parallel Workers: 8
 Concurrent Workers: 2
 Concurrent Refinement Workers: 8
 Periodic GC: Disabled

Heap:
 garbage-first heap   total 78848K, used 25236K [0x00000000c2000000, 0x0000000100000000)
  region size 1024K, 3 young (3072K), 3 survivors (3072K)
 Metaspace       used 45014K, capacity 45578K, committed 45656K, reserved 1089536K
  class space    used 5704K, capacity 5914K, committed 5976K, reserved 1048576K

Heap Regions: E=young(eden), S=young(survivor), O=old, HS=humongous(starts), HC=humongous(continues), CS=collection set, F=free, OA=open archive, CA=closed archive, TAMS=top-at-mark-start (previous, next)
|   0|0x00000000c2000000, 0x00000000c2100000, 0x00000000c2100000|100%|HS|  |TAMS 0x00000000c2100000, 0x00000000c2100000| Complete 
|   1|0x00000000c2100000, 0x00000000c2200000, 0x00000000c2200000|100%| O|  |TAMS 0x00000000c2200000, 0x00000000c2200000| Untracked 
|   2|0x00000000c2200000, 0x00000000c2300000, 0x00000000c2300000|100%| O|  |TAMS 0x00000000c2300000, 0x00000000c2300000| Untracked 
|   3|0x00000000c2300000, 0x00000000c2400000, 0x00000000c2400000|100%| O|  |TAMS 0x00000000c2400000, 0x00000000c2400000| Untracked 
|   4|0x00000000c2400000, 0x00000000c2500000, 0x00000000c2500000|100%| O|  |TAMS 0x00000000c2500000, 0x00000000c2500000| Untracked 
|   5|0x00000000c2500000, 0x00000000c2600000, 0x00000000c2600000|100%| O|  |TAMS 0x00000000c2600000, 0x00000000c2600000| Untracked 
|   6|0x00000000c2600000, 0x00000000c2700000, 0x00000000c2700000|100%| O|  |TAMS 0x00000000c2700000, 0x00000000c2700000| Untracked 
|   7|0x00000000c2700000, 0x00000000c2800000, 0x00000000c2800000|100%| O|  |TAMS 0x00000000c2800000, 0x00000000c2800000| Untracked 
|   8|0x00000000c2800000, 0x00000000c2900000, 0x00000000c2900000|100%| O|  |TAMS 0x00000000c2800000, 0x00000000c2900000| Untracked 
|   9|0x00000000c2900000, 0x00000000c2a00000, 0x00000000c2a00000|100%| O|  |TAMS 0x00000000c2900000, 0x00000000c2a00000| Untracked 
|  10|0x00000000c2a00000, 0x00000000c2b00000, 0x00000000c2b00000|100%| O|  |TAMS 0x00000000c2a00000, 0x00000000c2b00000| Untracked 
|  11|0x00000000c2b00000, 0x00000000c2c00000, 0x00000000c2c00000|100%| O|  |TAMS 0x00000000c2b00000, 0x00000000c2c00000| Untracked 
|  12|0x00000000c2c00000, 0x00000000c2d00000, 0x00000000c2d00000|100%| O|  |TAMS 0x00000000c2c00000, 0x00000000c2d00000| Untracked 
|  13|0x00000000c2d00000, 0x00000000c2e00000, 0x00000000c2e00000|100%| O|  |TAMS 0x00000000c2d00000, 0x00000000c2e00000| Untracked 
|  14|0x00000000c2e00000, 0x00000000c2f00000, 0x00000000c2f00000|100%| O|  |TAMS 0x00000000c2e00000, 0x00000000c2f00000| Untracked 
|  15|0x00000000c2f00000, 0x00000000c3000000, 0x00000000c3000000|100%| O|  |TAMS 0x00000000c2f00000, 0x00000000c3000000| Untracked 
|  16|0x00000000c3000000, 0x00000000c3100000, 0x00000000c3100000|100%| O|  |TAMS 0x00000000c3000000, 0x00000000c3100000| Untracked 
|  17|0x00000000c3100000, 0x00000000c3200000, 0x00000000c3200000|100%| O|  |TAMS 0x00000000c3100000, 0x00000000c3200000| Untracked 
|  18|0x00000000c3200000, 0x00000000c3300000, 0x00000000c3300000|100%| O|  |TAMS 0x00000000c3200000, 0x00000000c3300000| Untracked 
|  19|0x00000000c3300000, 0x00000000c3400000, 0x00000000c3400000|100%| O|  |TAMS 0x00000000c3300000, 0x00000000c3400000| Untracked 
|  20|0x00000000c3400000, 0x00000000c3500000, 0x00000000c3500000|100%| O|  |TAMS 0x00000000c3400000, 0x00000000c3500000| Untracked 
|  21|0x00000000c3500000, 0x00000000c3600000, 0x00000000c3600000|100%| O|  |TAMS 0x00000000c3500000, 0x00000000c3600000| Untracked 
|  22|0x00000000c3600000, 0x00000000c367a000, 0x00000000c3700000| 47%| O|  |TAMS 0x00000000c3600000, 0x00000000c367a000| Untracked 
|  23|0x00000000c3700000, 0x00000000c3700000, 0x00000000c3800000|  0%| F|  |TAMS 0x00000000c3700000, 0x00000000c3700000| Untracked 
|  24|0x00000000c3800000, 0x00000000c3800000, 0x00000000c3900000|  0%| F|  |TAMS 0x00000000c3800000, 0x00000000c3800000| Untracked 
|  25|0x00000000c3900000, 0x00000000c3900000, 0x00000000c3a00000|  0%| F|  |TAMS 0x00000000c3900000, 0x00000000c3900000| Untracked 
|  26|0x00000000c3a00000, 0x00000000c3a00000, 0x00000000c3b00000|  0%| F|  |TAMS 0x00000000c3a00000, 0x00000000c3a00000| Untracked 
|  27|0x00000000c3b00000, 0x00000000c3b00000, 0x00000000c3c00000|  0%| F|  |TAMS 0x00000000c3b00000, 0x00000000c3b00000| Untracked 
|  28|0x00000000c3c00000, 0x00000000c3c00000, 0x00000000c3d00000|  0%| F|  |TAMS 0x00000000c3c00000, 0x00000000c3c00000| Untracked 
|  29|0x00000000c3d00000, 0x00000000c3d00000, 0x00000000c3e00000|  0%| F|  |TAMS 0x00000000c3d00000, 0x00000000c3d00000| Untracked 
|  30|0x00000000c3e00000, 0x00000000c3e00000, 0x00000000c3f00000|  0%| F|  |TAMS 0x00000000c3e00000, 0x00000000c3e00000| Untracked 
|  31|0x00000000c3f00000, 0x00000000c3f00000, 0x00000000c4000000|  0%| F|  |TAMS 0x00000000c3f00000, 0x00000000c3f00000| Untracked 
|  32|0x00000000c4000000, 0x00000000c4000000, 0x00000000c4100000|  0%| F|  |TAMS 0x00000000c4000000, 0x00000000c4000000| Untracked 
|  33|0x00000000c4100000, 0x00000000c4100000, 0x00000000c4200000|  0%| F|  |TAMS 0x00000000c4100000, 0x00000000c4100000| Untracked 
|  34|0x00000000c4200000, 0x00000000c4200000, 0x00000000c4300000|  0%| F|  |TAMS 0x00000000c4200000, 0x00000000c4200000| Untracked 
|  35|0x00000000c4300000, 0x00000000c4300000, 0x00000000c4400000|  0%| F|  |TAMS 0x00000000c4300000, 0x00000000c4300000| Untracked 
|  36|0x00000000c4400000, 0x00000000c4400000, 0x00000000c4500000|  0%| F|  |TAMS 0x00000000c4400000, 0x00000000c4400000| Untracked 
|  37|0x00000000c4500000, 0x00000000c4500000, 0x00000000c4600000|  0%| F|  |TAMS 0x00000000c4500000, 0x00000000c4500000| Untracked 
|  38|0x00000000c4600000, 0x00000000c4600000, 0x00000000c4700000|  0%| F|  |TAMS 0x00000000c4600000, 0x00000000c4600000| Untracked 
|  39|0x00000000c4700000, 0x00000000c4700000, 0x00000000c4800000|  0%| F|  |TAMS 0x00000000c4700000, 0x00000000c4700000| Untracked 
|  40|0x00000000c4800000, 0x00000000c4800000, 0x00000000c4900000|  0%| F|  |TAMS 0x00000000c4800000, 0x00000000c4800000| Untracked 
|  41|0x00000000c4900000, 0x00000000c4900000, 0x00000000c4a00000|  0%| F|  |TAMS 0x00000000c4900000, 0x00000000c4900000| Untracked 
|  42|0x00000000c4a00000, 0x00000000c4a00000, 0x00000000c4b00000|  0%| F|  |TAMS 0x00000000c4a00000, 0x00000000c4a00000| Untracked 
|  43|0x00000000c4b00000, 0x00000000c4b00000, 0x00000000c4c00000|  0%| F|  |TAMS 0x00000000c4b00000, 0x00000000c4b00000| Untracked 
|  44|0x00000000c4c00000, 0x00000000c4c00000, 0x00000000c4d00000|  0%| F|  |TAMS 0x00000000c4c00000, 0x00000000c4c00000| Untracked 
|  45|0x00000000c4d00000, 0x00000000c4d00000, 0x00000000c4e00000|  0%| F|  |TAMS 0x00000000c4d00000, 0x00000000c4d00000| Untracked 
|  46|0x00000000c4e00000, 0x00000000c4e00000, 0x00000000c4f00000|  0%| F|  |TAMS 0x00000000c4e00000, 0x00000000c4e00000| Untracked 
|  47|0x00000000c4f00000, 0x00000000c4f00000, 0x00000000c5000000|  0%| F|  |TAMS 0x00000000c4f00000, 0x00000000c4f00000| Untracked 
|  48|0x00000000c5000000, 0x00000000c5000000, 0x00000000c5100000|  0%| F|  |TAMS 0x00000000c5000000, 0x00000000c5000000| Untracked 
|  49|0x00000000c5100000, 0x00000000c5100000, 0x00000000c5200000|  0%| F|  |TAMS 0x00000000c5100000, 0x00000000c5100000| Untracked 
|  50|0x00000000c5200000, 0x00000000c5200000, 0x00000000c5300000|  0%| F|  |TAMS 0x00000000c5200000, 0x00000000c5200000| Untracked 
|  51|0x00000000c5300000, 0x00000000c5300000, 0x00000000c5400000|  0%| F|  |TAMS 0x00000000c5300000, 0x00000000c5300000| Untracked 
|  52|0x00000000c5400000, 0x00000000c5400000, 0x00000000c5500000|  0%| F|  |TAMS 0x00000000c5400000, 0x00000000c5400000| Untracked 
|  53|0x00000000c5500000, 0x00000000c5500000, 0x00000000c5600000|  0%| F|  |TAMS 0x00000000c5500000, 0x00000000c5500000| Untracked 
|  54|0x00000000c5600000, 0x00000000c5600000, 0x00000000c5700000|  0%| F|  |TAMS 0x00000000c5600000, 0x00000000c5600000| Untracked 
|  55|0x00000000c5700000, 0x00000000c572b228, 0x00000000c5800000| 16%| S|CS|TAMS 0x00000000c5700000, 0x00000000c5700000| Complete 
|  56|0x00000000c5800000, 0x00000000c5900000, 0x00000000c5900000|100%| S|CS|TAMS 0x00000000c5800000, 0x00000000c5800000| Complete 
|  57|0x00000000c5900000, 0x00000000c5a00000, 0x00000000c5a00000|100%| S|CS|TAMS 0x00000000c5900000, 0x00000000c5900000| Complete 
|  58|0x00000000c5a00000, 0x00000000c5a00000, 0x00000000c5b00000|  0%| F|  |TAMS 0x00000000c5a00000, 0x00000000c5a00000| Untracked 
|  59|0x00000000c5b00000, 0x00000000c5b00000, 0x00000000c5c00000|  0%| F|  |TAMS 0x00000000c5b00000, 0x00000000c5b00000| Untracked 
|  60|0x00000000c5c00000, 0x00000000c5c00000, 0x00000000c5d00000|  0%| F|  |TAMS 0x00000000c5c00000, 0x00000000c5c00000| Untracked 
|  61|0x00000000c5d00000, 0x00000000c5d00000, 0x00000000c5e00000|  0%| F|  |TAMS 0x00000000c5d00000, 0x00000000c5d00000| Untracked 
|  62|0x00000000c5e00000, 0x00000000c5e00000, 0x00000000c5f00000|  0%| F|  |TAMS 0x00000000c5e00000, 0x00000000c5e00000| Untracked 
|  63|0x00000000c5f00000, 0x00000000c5f00000, 0x00000000c6000000|  0%| F|  |TAMS 0x00000000c5f00000, 0x00000000c5f00000| Untracked 

Card table byte_map: [0x000002187f480000,0x000002187f670000] _byte_map_base: 0x000002187ee70000

Marking Bits (Prev, Next): (CMBitMap*) 0x000002186a66c740, (CMBitMap*) 0x000002186a66c780
 Prev Bits: [0x0000021800000000, 0x0000021800f80000)
 Next Bits: [0x0000021800f80000, 0x0000021801f00000)

Polling page: 0x000002186a6f0000

Metaspace:

Usage:
  Non-class:     38.73 MB capacity,    38.39 MB (>99%) used,   287.49 KB ( <1%) free+waste,    67.00 KB ( <1%) overhead. 
      Class:      5.78 MB capacity,     5.57 MB ( 96%) used,   182.09 KB (  3%) free+waste,    26.94 KB ( <1%) overhead. 
       Both:     44.51 MB capacity,    43.96 MB ( 99%) used,   469.58 KB (  1%) free+waste,    93.94 KB ( <1%) overhead. 

Virtual space:
  Non-class space:       40.00 MB reserved,      38.75 MB ( 97%) committed 
      Class space:        1.00 GB reserved,       5.84 MB ( <1%) committed 
             Both:        1.04 GB reserved,      44.59 MB (  4%) committed 

Chunk freelists:
   Non-Class:  16.00 KB
       Class:  6.00 KB
        Both:  22.00 KB

MaxMetaspaceSize: 17179869184.00 GB
CompressedClassSpaceSize: 1.00 GB

CodeHeap 'non-profiled nmethods': size=238336Kb used=6778Kb max_used=6778Kb free=231557Kb
 bounds [0x000002186ff40000, 0x00000218705e0000, 0x000002187e800000]
CodeHeap 'non-nmethods': size=7424Kb used=1208Kb max_used=1208Kb free=6215Kb
 bounds [0x000002186f800000, 0x000002186fa70000, 0x000002186ff40000]
 total_blobs=4775 nmethods=4297 adapters=405
 compilation: enabled
              stopped_count=0, restarted_count=0
 full_count=0

Compilation events (20 events):
Event: 4.959 Thread 0x000002180431e540 4285       1       javax.management.openmbean.OpenType::getTypeName (5 bytes)
Event: 4.959 Thread 0x000002180431e540 nmethod 4285 0x00000218705da190 code [0x00000218705da320, 0x00000218705da3d8]
Event: 4.962 Thread 0x000002180431e540 4286       1       java.util.jar.Manifest::<init> (38 bytes)
Event: 4.962 Thread 0x000002180431e540 nmethod 4286 0x00000218705da490 code [0x00000218705da680, 0x00000218705daa78]
Event: 4.968 Thread 0x000002180431e540 4291   !   1       java.lang.invoke.LambdaForm::compileToBytecode (164 bytes)
Event: 4.969 Thread 0x000002180431e540 nmethod 4291 0x00000218705db810 code [0x00000218705dba60, 0x00000218705dc248]
Event: 4.990 Thread 0x000002180431e540 4292       1       jdk.internal.reflect.ClassFileAssembler::getMaxLocals (6 bytes)
Event: 4.990 Thread 0x000002180431e540 nmethod 4292 0x00000218705dc790 code [0x00000218705dc920, 0x00000218705dc9d8]
Event: 5.011 Thread 0x000002180431e540 4293       1       java.io.ObjectStreamClass::getSerialVersionUID (42 bytes)
Event: 5.012 Thread 0x000002180431e540 nmethod 4293 0x00000218705dca90 code [0x00000218705dcc60, 0x00000218705dcee8]
Event: 5.012 Thread 0x000002180431e540 4294       1       java.io.ObjectStreamClass$FieldReflector::getObjFieldValues (99 bytes)
Event: 5.012 Thread 0x000002180431e540 nmethod 4294 0x00000218705dd090 code [0x00000218705dd260, 0x00000218705dd678]
Event: 5.012 Thread 0x000002180431e540 4295       1       java.io.ObjectOutputStream$BlockDataOutputStream::write (152 bytes)
Event: 5.012 Thread 0x000002180431e540 nmethod 4295 0x00000218705dd910 code [0x00000218705ddb00, 0x00000218705dde78]
Event: 5.012 Thread 0x000002180431e540 4296   !   1       java.io.ObjectOutputStream::writeObject (38 bytes)
Event: 5.013 Thread 0x000002180431e540 nmethod 4296 0x00000218705de010 code [0x00000218705de1c0, 0x00000218705de318]
Event: 5.048 Thread 0x000002180431e540 4297       1       java.lang.Integer::hashCode (8 bytes)
Event: 5.048 Thread 0x000002180431e540 nmethod 4297 0x00000218705de410 code [0x00000218705de5a0, 0x00000218705de658]
Event: 5.048 Thread 0x000002180431e540 4298       1       java.lang.Integer::hashCode (2 bytes)
Event: 5.048 Thread 0x000002180431e540 nmethod 4298 0x00000218705de710 code [0x00000218705de8a0, 0x00000218705de938]

GC Heap History (20 events):
Event: 2.760 GC heap after
{Heap after GC invocations=11 (full 0):
 garbage-first heap   total 54272K, used 14033K [0x00000000c2000000, 0x0000000100000000)
  region size 1024K, 3 young (3072K), 3 survivors (3072K)
 Metaspace       used 28707K, capacity 29199K, committed 29440K, reserved 1075200K
  class space    used 3358K, capacity 3496K, committed 3584K, reserved 1048576K
}
Event: 3.183 GC heap before
{Heap before GC invocations=11 (full 0):
 garbage-first heap   total 54272K, used 40657K [0x00000000c2000000, 0x0000000100000000)
  region size 1024K, 29 young (29696K), 3 survivors (3072K)
 Metaspace       used 30711K, capacity 31162K, committed 31232K, reserved 1077248K
  class space    used 3679K, capacity 3803K, committed 3840K, reserved 1048576K
}
Event: 3.187 GC heap after
{Heap after GC invocations=12 (full 0):
 garbage-first heap   total 54272K, used 15832K [0x00000000c2000000, 0x0000000100000000)
  region size 1024K, 4 young (4096K), 4 survivors (4096K)
 Metaspace       used 30711K, capacity 31162K, committed 31232K, reserved 1077248K
  class space    used 3679K, capacity 3803K, committed 3840K, reserved 1048576K
}
Event: 3.604 GC heap before
{Heap before GC invocations=12 (full 0):
 garbage-first heap   total 54272K, used 41432K [0x00000000c2000000, 0x0000000100000000)
  region size 1024K, 29 young (29696K), 4 survivors (4096K)
 Metaspace       used 33714K, capacity 34209K, committed 34304K, reserved 1079296K
  class space    used 4124K, capacity 4298K, committed 4352K, reserved 1048576K
}
Event: 3.609 GC heap after
{Heap after GC invocations=13 (full 0):
 garbage-first heap   total 54272K, used 17811K [0x00000000c2000000, 0x0000000100000000)
  region size 1024K, 4 young (4096K), 4 survivors (4096K)
 Metaspace       used 33714K, capacity 34209K, committed 34304K, reserved 1079296K
  class space    used 4124K, capacity 4298K, committed 4352K, reserved 1048576K
}
Event: 4.016 GC heap before
{Heap before GC invocations=13 (full 0):
 garbage-first heap   total 54272K, used 42387K [0x00000000c2000000, 0x0000000100000000)
  region size 1024K, 28 young (28672K), 4 survivors (4096K)
 Metaspace       used 37149K, capacity 37706K, committed 37888K, reserved 1083392K
  class space    used 4608K, capacity 4834K, committed 4864K, reserved 1048576K
}
Event: 4.022 GC heap after
{Heap after GC invocations=14 (full 0):
 garbage-first heap   total 54272K, used 20053K [0x00000000c2000000, 0x0000000100000000)
  region size 1024K, 4 young (4096K), 4 survivors (4096K)
 Metaspace       used 37149K, capacity 37706K, committed 37888K, reserved 1083392K
  class space    used 4608K, capacity 4834K, committed 4864K, reserved 1048576K
}
Event: 4.033 GC heap before
{Heap before GC invocations=14 (full 0):
 garbage-first heap   total 54272K, used 40533K [0x00000000c2000000, 0x0000000100000000)
  region size 1024K, 25 young (25600K), 4 survivors (4096K)
 Metaspace       used 37172K, capacity 37706K, committed 37888K, reserved 1083392K
  class space    used 4613K, capacity 4834K, committed 4864K, reserved 1048576K
}
Event: 4.038 GC heap after
{Heap after GC invocations=15 (full 0):
 garbage-first heap   total 65536K, used 20970K [0x00000000c2000000, 0x0000000100000000)
  region size 1024K, 1 young (1024K), 1 survivors (1024K)
 Metaspace       used 37172K, capacity 37706K, committed 37888K, reserved 1083392K
  class space    used 4613K, capacity 4834K, committed 4864K, reserved 1048576K
}
Event: 4.161 GC heap before
{Heap before GC invocations=15 (full 0):
 garbage-first heap   total 65536K, used 50666K [0x00000000c2000000, 0x0000000100000000)
  region size 1024K, 31 young (31744K), 1 survivors (1024K)
 Metaspace       used 38447K, capacity 38986K, committed 39040K, reserved 1083392K
  class space    used 4734K, capacity 4962K, committed 4992K, reserved 1048576K
}
Event: 4.163 GC heap after
{Heap after GC invocations=16 (full 0):
 garbage-first heap   total 65536K, used 21639K [0x00000000c2000000, 0x0000000100000000)
  region size 1024K, 2 young (2048K), 2 survivors (2048K)
 Metaspace       used 38447K, capacity 38986K, committed 39040K, reserved 1083392K
  class space    used 4734K, capacity 4962K, committed 4992K, reserved 1048576K
}
Event: 4.296 GC heap before
{Heap before GC invocations=16 (full 0):
 garbage-first heap   total 65536K, used 51335K [0x00000000c2000000, 0x0000000100000000)
  region size 1024K, 32 young (32768K), 2 survivors (2048K)
 Metaspace       used 38901K, capacity 39472K, committed 39680K, reserved 1083392K
  class space    used 4773K, capacity 4995K, committed 5120K, reserved 1048576K
}
Event: 4.299 GC heap after
{Heap after GC invocations=17 (full 0):
 garbage-first heap   total 65536K, used 23097K [0x00000000c2000000, 0x0000000100000000)
  region size 1024K, 3 young (3072K), 3 survivors (3072K)
 Metaspace       used 38901K, capacity 39472K, committed 39680K, reserved 1083392K
  class space    used 4773K, capacity 4995K, committed 5120K, reserved 1048576K
}
Event: 4.306 GC heap before
{Heap before GC invocations=17 (full 0):
 garbage-first heap   total 65536K, used 50745K [0x00000000c2000000, 0x0000000100000000)
  region size 1024K, 31 young (31744K), 3 survivors (3072K)
 Metaspace       used 38902K, capacity 39472K, committed 39680K, reserved 1083392K
  class space    used 4773K, capacity 4995K, committed 5120K, reserved 1048576K
}
Event: 4.309 GC heap after
{Heap after GC invocations=18 (full 0):
 garbage-first heap   total 65536K, used 23328K [0x00000000c2000000, 0x0000000100000000)
  region size 1024K, 1 young (1024K), 1 survivors (1024K)
 Metaspace       used 38902K, capacity 39472K, committed 39680K, reserved 1083392K
  class space    used 4773K, capacity 4995K, committed 5120K, reserved 1048576K
}
Event: 4.401 GC heap before
{Heap before GC invocations=18 (full 0):
 garbage-first heap   total 65536K, used 52000K [0x00000000c2000000, 0x0000000100000000)
  region size 1024K, 29 young (29696K), 1 survivors (1024K)
 Metaspace       used 39217K, capacity 39763K, committed 39936K, reserved 1083392K
  class space    used 4813K, capacity 5028K, committed 5120K, reserved 1048576K
}
Event: 4.403 GC heap after
{Heap after GC invocations=19 (full 0):
 garbage-first heap   total 65536K, used 23280K [0x00000000c2000000, 0x0000000100000000)
  region size 1024K, 1 young (1024K), 1 survivors (1024K)
 Metaspace       used 39217K, capacity 39763K, committed 39936K, reserved 1083392K
  class space    used 4813K, capacity 5028K, committed 5120K, reserved 1048576K
}
Event: 4.947 GC heap before
{Heap before GC invocations=19 (full 0):
 garbage-first heap   total 65536K, used 52976K [0x00000000c2000000, 0x0000000100000000)
  region size 1024K, 30 young (30720K), 1 survivors (1024K)
 Metaspace       used 43642K, capacity 44184K, committed 44416K, reserved 1087488K
  class space    used 5475K, capacity 5685K, committed 5760K, reserved 1048576K
}
Event: 4.950 GC heap after
{Heap after GC invocations=20 (full 0):
 garbage-first heap   total 65536K, used 24877K [0x00000000c2000000, 0x0000000100000000)
  region size 1024K, 2 young (2048K), 2 survivors (2048K)
 Metaspace       used 43642K, capacity 44184K, committed 44416K, reserved 1087488K
  class space    used 5475K, capacity 5685K, committed 5760K, reserved 1048576K
}
Event: 5.055 GC heap before
{Heap before GC invocations=20 (full 0):
 garbage-first heap   total 65536K, used 29997K [0x00000000c2000000, 0x0000000100000000)
  region size 1024K, 8 young (8192K), 2 survivors (2048K)
 Metaspace       used 45014K, capacity 45578K, committed 45656K, reserved 1089536K
  class space    used 5704K, capacity 5914K, committed 5976K, reserved 1048576K
}

Deoptimization events (2 events):
Event: 3.262 Thread 0x00000218064515d0 DEOPT PACKING pc=0x000002187028d0bc sp=0x00000092d7efc810
Event: 3.262 Thread 0x00000218064515d0 DEOPT UNPACKING pc=0x000002186f84e23f sp=0x00000092d7efbd68 mode 0

Classes unloaded (0 events):
No events

Classes redefined (0 events):
No events

Internal exceptions (20 events):
Event: 4.502 Thread 0x0000021806d62ed0 Exception <a 'java/lang/ClassNotFoundException'{0x00000000c581ec88}: org/springframework/context/support/LiveBeansView> (0x00000000c581ec88) 
thrown [./open/src/hotspot/share/classfile/systemDictionary.cpp, line 295]
Event: 4.502 Thread 0x0000021806d62ed0 Exception <a 'java/lang/ClassNotFoundException'{0x00000000c581f048}: org/springframework/context/support/LiveBeansView> (0x00000000c581f048) 
thrown [./open/src/hotspot/share/classfile/systemDictionary.cpp, line 295]
Event: 4.502 Thread 0x0000021806d62ed0 Exception <a 'java/lang/ClassNotFoundException'{0x00000000c581f3f0}: org/springframework/context/support/LiveBeansView> (0x00000000c581f3f0) 
thrown [./open/src/hotspot/share/classfile/systemDictionary.cpp, line 295]
Event: 4.502 Thread 0x0000021806d62ed0 Exception <a 'java/lang/ClassNotFoundException'{0x00000000c581f7b0}: org/springframework/context/support/LiveBeansView> (0x00000000c581f7b0) 
thrown [./open/src/hotspot/share/classfile/systemDictionary.cpp, line 295]
Event: 4.502 Thread 0x0000021806d62ed0 Exception <a 'java/lang/ClassNotFoundException'{0x00000000c581fb68}: org/springframework/context/support/LiveBeansView> (0x00000000c581fb68) 
thrown [./open/src/hotspot/share/classfile/systemDictionary.cpp, line 295]
Event: 4.502 Thread 0x0000021806d62ed0 Exception <a 'java/lang/ClassNotFoundException'{0x00000000c581ff18}: org/springframework/context/support/LiveBeansView> (0x00000000c581ff18) 
thrown [./open/src/hotspot/share/classfile/systemDictionary.cpp, line 295]
Event: 4.502 Thread 0x0000021806d62ed0 Exception <a 'java/lang/ClassNotFoundException'{0x00000000c58202d8}: org/springframework/context/support/LiveBeansView> (0x00000000c58202d8) 
thrown [./open/src/hotspot/share/classfile/systemDictionary.cpp, line 295]
Event: 4.502 Thread 0x0000021806d62ed0 Exception <a 'java/lang/ClassNotFoundException'{0x00000000c5820698}: org/springframework/context/support/LiveBeansView> (0x00000000c5820698) 
thrown [./open/src/hotspot/share/classfile/systemDictionary.cpp, line 295]
Event: 4.502 Thread 0x0000021806d62ed0 Exception <a 'java/lang/ClassNotFoundException'{0x00000000c5820a58}: org/springframework/context/support/LiveBeansView> (0x00000000c5820a58) 
thrown [./open/src/hotspot/share/classfile/systemDictionary.cpp, line 295]
Event: 4.502 Thread 0x0000021806d62ed0 Exception <a 'java/lang/ClassNotFoundException'{0x00000000c5820df8}: org/springframework/context/support/LiveBeansView> (0x00000000c5820df8) 
thrown [./open/src/hotspot/share/classfile/systemDictionary.cpp, line 295]
Event: 4.502 Thread 0x0000021806d62ed0 Exception <a 'java/lang/ClassNotFoundException'{0x00000000c58211b0}: org/springframework/context/support/LiveBeansView> (0x00000000c58211b0) 
thrown [./open/src/hotspot/share/classfile/systemDictionary.cpp, line 295]
Event: 4.502 Thread 0x0000021806d62ed0 Exception <a 'java/lang/ClassNotFoundException'{0x00000000c5821558}: org/springframework/context/support/LiveBeansView> (0x00000000c5821558) 
thrown [./open/src/hotspot/share/classfile/systemDictionary.cpp, line 295]
Event: 4.504 Thread 0x0000021806d62ed0 Exception <a 'java/lang/ClassNotFoundException'{0x00000000c58d7bd8}: org/springframework/context/support/LiveBeansView> (0x00000000c58d7bd8) 
thrown [./open/src/hotspot/share/classfile/systemDictionary.cpp, line 295]
Event: 4.504 Thread 0x0000021806d62ed0 Exception <a 'java/lang/ClassNotFoundException'{0x00000000c58d7fa0}: org/springframework/context/support/LiveBeansView> (0x00000000c58d7fa0) 
thrown [./open/src/hotspot/share/classfile/systemDictionary.cpp, line 295]
Event: 4.504 Thread 0x0000021806d62ed0 Exception <a 'java/lang/ClassNotFoundException'{0x00000000c58d8350}: org/springframework/context/support/LiveBeansView> (0x00000000c58d8350) 
thrown [./open/src/hotspot/share/classfile/systemDictionary.cpp, line 295]
Event: 4.504 Thread 0x0000021806d62ed0 Exception <a 'java/lang/ClassNotFoundException'{0x00000000c58d8700}: org/springframework/context/support/LiveBeansView> (0x00000000c58d8700) 
thrown [./open/src/hotspot/share/classfile/systemDictionary.cpp, line 295]
Event: 4.515 Thread 0x0000021806d62ed0 Exception <a 'java/lang/reflect/InvocationTargetException'{0x00000000c58dbdd0}> (0x00000000c58dbdd0) 
thrown [./open/src/hotspot/share/runtime/reflection.cpp, line 1157]
Event: 4.556 Thread 0x00000218064515d0 Exception <a 'java/io/FileNotFoundException'{0x00000000c5539778}> (0x00000000c5539778) 
thrown [./open/src/hotspot/share/prims/jni.cpp, line 578]
Event: 4.968 Thread 0x0000021804e38f30 Exception <a 'java/lang/NoSuchMethodError'{0x00000000c5e9af40}: 'java.lang.Object java.lang.invoke.DirectMethodHandle$Holder.invokeSpecial(java.lang.Object, java.lang.Object, double, java.lang.Object)'> (0x00000000c5e9af40) 
thrown [./open/src/hotspot/share/interpreter/linkResolver.cpp, line 782]
Event: 5.011 Thread 0x00000218063e7a30 Exception <a 'java/lang/reflect/InvocationTargetException'{0x00000000c5b01e18}> (0x00000000c5b01e18) 
thrown [./open/src/hotspot/share/runtime/reflection.cpp, line 1157]

Events (20 events):
Event: 4.958 loading class sun/management/MemoryUsageCompositeData done
Event: 4.958 loading class javax/management/openmbean/CompositeDataSupport
Event: 4.958 loading class javax/management/openmbean/CompositeDataSupport done
Event: 4.959 loading class com/sun/management/internal/GarbageCollectionNotifInfoCompositeData$1
Event: 4.959 loading class com/sun/management/internal/GarbageCollectionNotifInfoCompositeData$1 done
Event: 4.959 loading class java/util/TreeMap$KeySpliterator
Event: 4.959 loading class java/util/TreeMap$TreeMapSpliterator
Event: 4.959 loading class java/util/TreeMap$TreeMapSpliterator done
Event: 4.959 loading class java/util/TreeMap$KeySpliterator done
Event: 4.964 loading class java/util/concurrent/atomic/AtomicIntegerFieldUpdater
Event: 4.964 loading class java/util/concurrent/atomic/AtomicIntegerFieldUpdater done
Event: 4.964 loading class java/util/concurrent/atomic/AtomicIntegerFieldUpdater$AtomicIntegerFieldUpdaterImpl
Event: 4.964 loading class java/util/concurrent/atomic/AtomicIntegerFieldUpdater$AtomicIntegerFieldUpdaterImpl done
Event: 4.964 loading class java/util/concurrent/atomic/AtomicIntegerFieldUpdater$AtomicIntegerFieldUpdaterImpl$1
Event: 4.964 loading class java/util/concurrent/atomic/AtomicIntegerFieldUpdater$AtomicIntegerFieldUpdaterImpl$1 done
Event: 4.967 loading class java/util/function/DoubleSupplier
Event: 4.967 loading class java/util/function/DoubleSupplier done
Event: 4.967 loading class java/util/function/LongSupplier
Event: 4.967 loading class java/util/function/LongSupplier done
Event: 5.055 Executing VM operation: CollectForMetadataAllocation


Dynamic libraries:
0x00007ff78e4b0000 - 0x00007ff78e4bd000 	C:\Users\admin\Downloads\spring-tool-suite-4-4.10.0.RELEASE-e4.19.0-win32.win32.x86_64.self-extracting\contents\sts-4.10.0.RELEASE\plugins\org.eclipse.justj.openjdk.hotspot.jre.full.win32.x86_64_15.0.2.v20210201-0955\jre\bin\javaw.exe
0x00007ffcb6340000 - 0x00007ffcb6530000 	C:\WINDOWS\SYSTEM32\ntdll.dll
0x00007ffcb4a60000 - 0x00007ffcb4b12000 	C:\WINDOWS\System32\KERNEL32.DLL
0x00007ffcb4140000 - 0x00007ffcb43e5000 	C:\WINDOWS\System32\KERNELBASE.dll
0x00007ffcb3c60000 - 0x00007ffcb3d5a000 	C:\WINDOWS\System32\ucrtbase.dll
0x00007ffca4b70000 - 0x00007ffca4b89000 	C:\Users\admin\Downloads\spring-tool-suite-4-4.10.0.RELEASE-e4.19.0-win32.win32.x86_64.self-extracting\contents\sts-4.10.0.RELEASE\plugins\org.eclipse.justj.openjdk.hotspot.jre.full.win32.x86_64_15.0.2.v20210201-0955\jre\bin\VCRUNTIME140.dll
0x00007ffca4b90000 - 0x00007ffca4ba8000 	C:\Users\admin\Downloads\spring-tool-suite-4-4.10.0.RELEASE-e4.19.0-win32.win32.x86_64.self-extracting\contents\sts-4.10.0.RELEASE\plugins\org.eclipse.justj.openjdk.hotspot.jre.full.win32.x86_64_15.0.2.v20210201-0955\jre\bin\jli.dll
0x00007ffcb4590000 - 0x00007ffcb4724000 	C:\WINDOWS\System32\USER32.dll
0x00007ffcb3300000 - 0x00007ffcb3321000 	C:\WINDOWS\System32\win32u.dll
0x00007ffcb4a30000 - 0x00007ffcb4a56000 	C:\WINDOWS\System32\GDI32.dll
0x00007ffc9e2a0000 - 0x00007ffc9e524000 	C:\WINDOWS\WinSxS\amd64_microsoft.windows.common-controls_6595b64144ccf1df_6.0.18362.1440_none_9e7dbfb9e45e8e67\COMCTL32.dll
0x00007ffcb3fa0000 - 0x00007ffcb4138000 	C:\WINDOWS\System32\gdi32full.dll
0x00007ffcb5c60000 - 0x00007ffcb5cfe000 	C:\WINDOWS\System32\msvcrt.dll
0x00007ffcb33e0000 - 0x00007ffcb347e000 	C:\WINDOWS\System32\msvcp_win.dll
0x00007ffcb5160000 - 0x00007ffcb5496000 	C:\WINDOWS\System32\combase.dll
0x00007ffcb4460000 - 0x00007ffcb457f000 	C:\WINDOWS\System32\RPCRT4.dll
0x00007ffcb3330000 - 0x00007ffcb33b1000 	C:\WINDOWS\System32\bcryptPrimitives.dll
0x00007ffcb5540000 - 0x00007ffcb556e000 	C:\WINDOWS\System32\IMM32.DLL
0x00007ffca4b60000 - 0x00007ffca4b6c000 	C:\Users\admin\Downloads\spring-tool-suite-4-4.10.0.RELEASE-e4.19.0-win32.win32.x86_64.self-extracting\contents\sts-4.10.0.RELEASE\plugins\org.eclipse.justj.openjdk.hotspot.jre.full.win32.x86_64_15.0.2.v20210201-0955\jre\bin\vcruntime140_1.dll
0x00007ffca4ac0000 - 0x00007ffca4b51000 	C:\Users\admin\Downloads\spring-tool-suite-4-4.10.0.RELEASE-e4.19.0-win32.win32.x86_64.self-extracting\contents\sts-4.10.0.RELEASE\plugins\org.eclipse.justj.openjdk.hotspot.jre.full.win32.x86_64_15.0.2.v20210201-0955\jre\bin\msvcp140.dll
0x00007ffc7f570000 - 0x00007ffc800ce000 	C:\Users\admin\Downloads\spring-tool-suite-4-4.10.0.RELEASE-e4.19.0-win32.win32.x86_64.self-extracting\contents\sts-4.10.0.RELEASE\plugins\org.eclipse.justj.openjdk.hotspot.jre.full.win32.x86_64_15.0.2.v20210201-0955\jre\bin\server\jvm.dll
0x00007ffcb5d00000 - 0x00007ffcb5da3000 	C:\WINDOWS\System32\ADVAPI32.dll
0x00007ffcb54a0000 - 0x00007ffcb5537000 	C:\WINDOWS\System32\sechost.dll
0x00007ffcb4c90000 - 0x00007ffcb4c98000 	C:\WINDOWS\System32\PSAPI.DLL
0x00007ffcae5b0000 - 0x00007ffcae5b9000 	C:\WINDOWS\SYSTEM32\WSOCK32.dll
0x00007ffcb5020000 - 0x00007ffcb508f000 	C:\WINDOWS\System32\WS2_32.dll
0x00007ffcb10f0000 - 0x00007ffcb1114000 	C:\WINDOWS\SYSTEM32\WINMM.dll
0x00007ffcb10c0000 - 0x00007ffcb10ed000 	C:\WINDOWS\SYSTEM32\WINMMBASE.dll
0x00007ffcacf90000 - 0x00007ffcacf9a000 	C:\WINDOWS\SYSTEM32\VERSION.dll
0x00007ffcb32b0000 - 0x00007ffcb32fa000 	C:\WINDOWS\System32\cfgmgr32.dll
0x00007ffcb3200000 - 0x00007ffcb3211000 	C:\WINDOWS\System32\kernel.appcore.dll
0x00007ffcab760000 - 0x00007ffcab76a000 	C:\Users\admin\Downloads\spring-tool-suite-4-4.10.0.RELEASE-e4.19.0-win32.win32.x86_64.self-extracting\contents\sts-4.10.0.RELEASE\plugins\org.eclipse.justj.openjdk.hotspot.jre.full.win32.x86_64_15.0.2.v20210201-0955\jre\bin\jimage.dll
0x00007ffca22e0000 - 0x00007ffca24d4000 	C:\WINDOWS\SYSTEM32\DBGHELP.DLL
0x00007ffca22b0000 - 0x00007ffca22da000 	C:\WINDOWS\SYSTEM32\dbgcore.DLL
0x00007ffcab730000 - 0x00007ffcab755000 	C:\Users\admin\Downloads\spring-tool-suite-4-4.10.0.RELEASE-e4.19.0-win32.win32.x86_64.self-extracting\contents\sts-4.10.0.RELEASE\plugins\org.eclipse.justj.openjdk.hotspot.jre.full.win32.x86_64_15.0.2.v20210201-0955\jre\bin\java.dll
0x00007ffcab710000 - 0x00007ffcab728000 	C:\Users\admin\Downloads\spring-tool-suite-4-4.10.0.RELEASE-e4.19.0-win32.win32.x86_64.self-extracting\contents\sts-4.10.0.RELEASE\plugins\org.eclipse.justj.openjdk.hotspot.jre.full.win32.x86_64_15.0.2.v20210201-0955\jre\bin\zip.dll
0x00007ffcb5570000 - 0x00007ffcb5c58000 	C:\WINDOWS\System32\SHELL32.dll
0x00007ffcb4be0000 - 0x00007ffcb4c87000 	C:\WINDOWS\System32\shcore.dll
0x00007ffcb3480000 - 0x00007ffcb3bfb000 	C:\WINDOWS\System32\windows.storage.dll
0x00007ffcb3220000 - 0x00007ffcb323e000 	C:\WINDOWS\System32\profapi.dll
0x00007ffcb3260000 - 0x00007ffcb32aa000 	C:\WINDOWS\System32\powrprof.dll
0x00007ffcb31f0000 - 0x00007ffcb3200000 	C:\WINDOWS\System32\UMPDC.dll
0x00007ffcb4730000 - 0x00007ffcb4782000 	C:\WINDOWS\System32\shlwapi.dll
0x00007ffcb33c0000 - 0x00007ffcb33d7000 	C:\WINDOWS\System32\cryptsp.dll
0x00007ffcab6f0000 - 0x00007ffcab709000 	C:\Users\admin\Downloads\spring-tool-suite-4-4.10.0.RELEASE-e4.19.0-win32.win32.x86_64.self-extracting\contents\sts-4.10.0.RELEASE\plugins\org.eclipse.justj.openjdk.hotspot.jre.full.win32.x86_64_15.0.2.v20210201-0955\jre\bin\net.dll
0x00007ffca5880000 - 0x00007ffca597a000 	C:\WINDOWS\SYSTEM32\WINHTTP.dll
0x00007ffcb29e0000 - 0x00007ffcb2a47000 	C:\WINDOWS\system32\mswsock.dll
0x00007ffcab6d0000 - 0x00007ffcab6e2000 	C:\Users\admin\Downloads\spring-tool-suite-4-4.10.0.RELEASE-e4.19.0-win32.win32.x86_64.self-extracting\contents\sts-4.10.0.RELEASE\plugins\org.eclipse.justj.openjdk.hotspot.jre.full.win32.x86_64_15.0.2.v20210201-0955\jre\bin\nio.dll
0x00007ffca4ab0000 - 0x00007ffca4ab9000 	C:\Users\admin\Downloads\spring-tool-suite-4-4.10.0.RELEASE-e4.19.0-win32.win32.x86_64.self-extracting\contents\sts-4.10.0.RELEASE\plugins\org.eclipse.justj.openjdk.hotspot.jre.full.win32.x86_64_15.0.2.v20210201-0955\jre\bin\management.dll
0x00007ffca4aa0000 - 0x00007ffca4aab000 	C:\Users\admin\Downloads\spring-tool-suite-4-4.10.0.RELEASE-e4.19.0-win32.win32.x86_64.self-extracting\contents\sts-4.10.0.RELEASE\plugins\org.eclipse.justj.openjdk.hotspot.jre.full.win32.x86_64_15.0.2.v20210201-0955\jre\bin\management_ext.dll
0x00007ffc8d3f0000 - 0x00007ffc8d406000 	C:\WINDOWS\system32\napinsp.dll
0x00007ffc8b5c0000 - 0x00007ffc8b5da000 	C:\WINDOWS\system32\pnrpnsp.dll
0x00007ffcb2740000 - 0x00007ffcb280b000 	C:\WINDOWS\SYSTEM32\DNSAPI.dll
0x00007ffcb4580000 - 0x00007ffcb4588000 	C:\WINDOWS\System32\NSI.dll
0x00007ffcb2700000 - 0x00007ffcb273a000 	C:\WINDOWS\SYSTEM32\IPHLPAPI.DLL
0x00007ffc9dd90000 - 0x00007ffc9dd9e000 	C:\WINDOWS\System32\winrnr.dll
0x00007ffcaf9e0000 - 0x00007ffcaf9fc000 	C:\WINDOWS\system32\NLAapi.dll
0x00007ffcaea10000 - 0x00007ffcaea25000 	C:\WINDOWS\system32\wshbth.dll
0x00007ffca5530000 - 0x00007ffca553a000 	C:\Windows\System32\rasadhlp.dll
0x00007ffcaafe0000 - 0x00007ffcab057000 	C:\WINDOWS\System32\fwpuclnt.dll
0x00007ffcb3d60000 - 0x00007ffcb3d86000 	C:\WINDOWS\System32\bcrypt.dll
0x00007ffcb2570000 - 0x00007ffcb25a3000 	C:\WINDOWS\system32\rsaenh.dll
0x00007ffcb30d0000 - 0x00007ffcb30f5000 	C:\WINDOWS\SYSTEM32\USERENV.dll
0x00007ffcb2b60000 - 0x00007ffcb2b6c000 	C:\WINDOWS\SYSTEM32\CRYPTBASE.dll
0x00007ffcac4e0000 - 0x00007ffcac4f6000 	C:\WINDOWS\SYSTEM32\dhcpcsvc6.DLL
0x00007ffcab790000 - 0x00007ffcab7ac000 	C:\WINDOWS\SYSTEM32\dhcpcsvc.DLL
0x00007ffcaeab0000 - 0x00007ffcaeac0000 	C:\Users\admin\Downloads\spring-tool-suite-4-4.10.0.RELEASE-e4.19.0-win32.win32.x86_64.self-extracting\contents\sts-4.10.0.RELEASE\plugins\org.eclipse.justj.openjdk.hotspot.jre.full.win32.x86_64_15.0.2.v20210201-0955\jre\bin\verify.dll

dbghelp: loaded successfully - version: 4.0.5 - missing functions: none
symbol engine: initialized successfully - sym options: 0x614 - pdb path: .;C:\Users\admin\Downloads\spring-tool-suite-4-4.10.0.RELEASE-e4.19.0-win32.win32.x86_64.self-extracting\contents\sts-4.10.0.RELEASE\plugins\org.eclipse.justj.openjdk.hotspot.jre.full.win32.x86_64_15.0.2.v20210201-0955\jre\bin;C:\WINDOWS\SYSTEM32;C:\WINDOWS\WinSxS\amd64_microsoft.windows.common-controls_6595b64144ccf1df_6.0.18362.1440_none_9e7dbfb9e45e8e67;C:\Users\admin\Downloads\spring-tool-suite-4-4.10.0.RELEASE-e4.19.0-win32.win32.x86_64.self-extracting\contents\sts-4.10.0.RELEASE\plugins\org.eclipse.justj.openjdk.hotspot.jre.full.win32.x86_64_15.0.2.v20210201-0955\jre\bin\server

VM Arguments:
jvm_args: -Dcom.sun.management.jmxremote -Dcom.sun.management.jmxremote.port=51914 -Dcom.sun.management.jmxremote.authenticate=false -Dcom.sun.management.jmxremote.ssl=false -Djava.rmi.server.hostname=localhost -Dspring.jmx.enabled=true -Dspring.application.admin.enabled=true -XX:TieredStopAtLevel=1 -Dspring.boot.project.name=gestion_facturation -Dfile.encoding=UTF-8 -XX:+ShowCodeDetailsInExceptionMessages 
java_command: com.gpg.GestionFacturationApplication --spring.output.ansi.enabled=always
java_class_path (initial): C:\Users\admin\Desktop\gestion_facturation\gestion_facturation\target\classes;C:\Users\admin\.m2\repository\org\springframework\boot\spring-boot-starter-actuator\2.4.4\spring-boot-starter-actuator-2.4.4.jar;C:\Users\admin\.m2\repository\org\springframework\boot\spring-boot-starter\2.4.4\spring-boot-starter-2.4.4.jar;C:\Users\admin\.m2\repository\org\springframework\boot\spring-boot-starter-logging\2.4.4\spring-boot-starter-logging-2.4.4.jar;C:\Users\admin\.m2\repository\ch\qos\logback\logback-classic\1.2.3\logback-classic-1.2.3.jar;C:\Users\admin\.m2\repository\ch\qos\logback\logback-core\1.2.3\logback-core-1.2.3.jar;C:\Users\admin\.m2\repository\org\apache\logging\log4j\log4j-to-slf4j\2.13.3\log4j-to-slf4j-2.13.3.jar;C:\Users\admin\.m2\repository\org\apache\logging\log4j\log4j-api\2.13.3\log4j-api-2.13.3.jar;C:\Users\admin\.m2\repository\org\slf4j\jul-to-slf4j\1.7.30\jul-to-slf4j-1.7.30.jar;C:\Users\admin\.m2\repository\jakarta\annotation\jakarta.annotation-api\1.3.5\jakarta.annotation-api-1.3.5.jar;C:\Users\admin\.m2\repository\org\yaml\snakeyaml\1.27\snakeyaml-1.27.jar;C:\Users\admin\.m2\repository\org\springframework\boot\spring-boot-actuator-autoconfigure\2.4.4\spring-boot-actuator-autoconfigure-2.4.4.jar;C:\Users\admin\.m2\repository\org\springframework\boot\spring-boot-actuator\2.4.4\spring-boot-actuator-2.4.4.jar;C:\Users\admin\.m2\repository\com\fasterxml\jackson\datatype\jackson-datatype-jsr310\2.11.4\jackson-datatype-jsr310-2.11.4.jar;C:\Users\admin\.m2\repository\io\micrometer\micrometer-core\1.6.5\micrometer-core-1.6.5.jar;C:\Users\admin\.m2\repository\org\hdrhistogram\HdrHistogram\2.1.12\HdrHistogram-2.1.12.jar;C:\Users\admin\.m2\repository\org\latencyutils\LatencyUtils\2.0.3\LatencyUtils-2.0.3.jar;C:\Users\admin\.m2\repository\com\auth0\java-jwt\3.11.0\java-jwt-3.11.0.jar;C:\Users\admin\.m2\repository\com\fasterxml\jackson\core\jackson-databind\2.11.4\jackson-databind-2.11.4.jar;C:\Users\admin\.m2\repository\com\fasterxml\
Launcher Type: SUN_STANDARD

[Global flags]
     intx CICompilerCount                          = 4                                         {product} {ergonomic}
     uint ConcGCThreads                            = 2                                         {product} {ergonomic}
     uint G1ConcRefinementThreads                  = 8                                         {product} {ergonomic}
   size_t G1HeapRegionSize                         = 1048576                                   {product} {ergonomic}
    uintx GCDrainStackTargetSize                   = 64                                        {product} {ergonomic}
   size_t InitialHeapSize                          = 65011712                                  {product} {ergonomic}
     bool ManagementServer                         = true                                      {product} {command line}
   size_t MarkStackSize                            = 4194304                                   {product} {ergonomic}
   size_t MaxHeapSize                              = 1040187392                                {product} {ergonomic}
   size_t MaxNewSize                               = 623902720                                 {product} {ergonomic}
   size_t MinHeapDeltaBytes                        = 1048576                                   {product} {ergonomic}
   size_t MinHeapSize                              = 8388608                                   {product} {ergonomic}
    uintx NonNMethodCodeHeapSize                   = 7549744                                {pd product} {ergonomic}
    uintx NonProfiledCodeHeapSize                  = 244108496                              {pd product} {ergonomic}
    uintx ProfiledCodeHeapSize                     = 0                                      {pd product} {ergonomic}
    uintx ReservedCodeCacheSize                    = 251658240                              {pd product} {ergonomic}
     bool SegmentedCodeCache                       = true                                      {product} {ergonomic}
     bool ShowCodeDetailsInExceptionMessages       = true                                   {manageable} {command line}
   size_t SoftMaxHeapSize                          = 1040187392                             {manageable} {ergonomic}
     intx TieredStopAtLevel                        = 1                                         {product} {command line}
     bool UseCompressedClassPointers               = true                                 {lp64_product} {ergonomic}
     bool UseCompressedOops                        = true                                 {lp64_product} {ergonomic}
     bool UseG1GC                                  = true                                      {product} {ergonomic}
     bool UseLargePagesIndividualAllocation        = false                                  {pd product} {ergonomic}

Logging:
Log output configuration:
 #0: stdout all=warning uptime,level,tags
 #1: stderr all=off uptime,level,tags

Environment Variables:
PATH=C:/Users/admin/Downloads/spring-tool-suite-4-4.10.0.RELEASE-e4.19.0-win32.win32.x86_64.self-extracting/contents/sts-4.10.0.RELEASE//plugins/org.eclipse.justj.openjdk.hotspot.jre.full.win32.x86_64_15.0.2.v20210201-0955/jre/bin/server;C:/Users/admin/Downloads/spring-tool-suite-4-4.10.0.RELEASE-e4.19.0-win32.win32.x86_64.self-extracting/contents/sts-4.10.0.RELEASE//plugins/org.eclipse.justj.openjdk.hotspot.jre.full.win32.x86_64_15.0.2.v20210201-0955/jre/bin;C:\Windows\system32;C:\Windows;C:\Windows\System32\Wbem;C:\Windows\System32\WindowsPowerShell\v1.0\;C:\Program Files (x86)\NVIDIA Corporation\PhysX\Common;C:\WINDOWS\system32;C:\WINDOWS;C:\WINDOWS\System32\Wbem;C:\WINDOWS\System32\WindowsPowerShell\v1.0\;C:\WINDOWS\System32\OpenSSH\;C:\Program Files\dotnet\;C:\Program Files\Git\cmd;C:\Program Files\nodejs\;C:\Users\admin\AppData\Local\Programs\Python\Python37\Scripts\;C:\Users\admin\AppData\Local\Programs\Python\Python37\;C:\Users\admin\AppData\Local\Microsoft\WindowsApps;C:\Users\admin\.dotnet\tools;C:\Users\admin\anaconda3\Scripts\Library\bin;C:\Users\admin\AppData\Local\Programs\Microsoft VS Code\bin;C:\Users\admin\anaconda3\envs\myenv\Scripts;C:\Users\admin\AppData\Roaming\npm;C:\Users\admin\AppData\Roaming\npm\node_modules\angular-cli\bin;;C:\Users\admin\Downloads\spring-tool-suite-4-4.10.0.RELEASE-e4.19.0-win32.win32.x86_64.self-extracting\contents\sts-4.10.0.RELEASE;
USERNAME=admin
OS=Windows_NT
PROCESSOR_IDENTIFIER=Intel64 Family 6 Model 142 Stepping 10, GenuineIntel



---------------  S Y S T E M  ---------------

OS:
 Windows 10 , 64 bit Build 18362 (10.0.18362.1350)
OS uptime: 0 days 0:48 hours
HyperV virtualization detected

CPU: total 8 (initial active 8) (4 cores per cpu, 2 threads per core) family 6 model 142 stepping 10 microcode 0xe0, cmov, cx8, fxsr, mmx, sse, sse2, sse3, ssse3, sse4.1, sse4.2, popcnt, vzeroupper, avx, avx2, aes, clmul, erms, 3dnowpref, lzcnt, ht, tsc, tscinvbit, bmi1, bmi2, adx, fma, clflush, clflushopt

Memory: 4k page, system-wide physical 3962M (283M free)
TotalPageFile size 16250M (AvailPageFile size 11M)
current process WorkingSet (physical memory assigned to process): 173M, peak: 173M
current process commit charge ("private bytes"): 210M, peak: 223M

vm_info: OpenJDK 64-Bit Server VM (15.0.2+7-27) for windows-amd64 JRE (15.0.2+7-27), built on Dec  7 2020 20:02:38 by "mach5one" with unknown MS VC++:1925

END.
