#
# There is insufficient memory for the Java Runtime Environment to continue.
# Native memory allocation (mmap) failed to map 16777216 bytes for G1 virtual space
# Possible reasons:
#   The system is out of physical RAM or swap space
#   The process is running with CompressedOops enabled, and the Java Heap may be blocking the growth of the native heap
# Possible solutions:
#   Reduce memory load on the system
#   Increase physical memory or swap space
#   Check if swap backing store is full
#   Decrease Java heap size (-Xmx/-Xms)
#   Decrease number of Java threads
#   Decrease Java thread stack sizes (-Xss)
#   Set larger code cache with -XX:ReservedCodeCacheSize=
#   JVM is running with Unscaled Compressed Oops mode in which the Java heap is
#     placed in the first 4GB address space. The Java Heap base address is the
#     maximum limit for the native heap growth. Please use -XX:HeapBaseMinAddress
#     to set the Java Heap base and to place the Java Heap above 4GB virtual address.
# This output file may be truncated or incomplete.
#
#  Out of Memory Error (./open/src/hotspot/os/windows/os_windows.cpp:3321), pid=14968, tid=13928
#
# JRE version: OpenJDK Runtime Environment (15.0.2+7) (build 15.0.2+7-27)
# Java VM: OpenJDK 64-Bit Server VM (15.0.2+7-27, mixed mode, tiered, compressed oops, g1 gc, windows-amd64)
# No core dump will be written. Minidumps are not enabled by default on client versions of Windows
#

---------------  S U M M A R Y ------------

Command Line: -Dcom.sun.management.jmxremote -Dcom.sun.management.jmxremote.port=51949 -Dcom.sun.management.jmxremote.authenticate=false -Dcom.sun.management.jmxremote.ssl=false -Djava.rmi.server.hostname=localhost -Dspring.jmx.enabled=true -Dspring.application.admin.enabled=true -XX:TieredStopAtLevel=1 -Dspring.boot.project.name=gestion_facturation -Dfile.encoding=UTF-8 -XX:+ShowCodeDetailsInExceptionMessages com.gpg.GestionFacturationApplication --spring.output.ansi.enabled=always

Host: Intel(R) Core(TM) i5-8250U CPU @ 1.60GHz, 8 cores, 3G,  Windows 10 , 64 bit Build 18362 (10.0.18362.1350)
Time: Fri Apr 23 22:33:08 2021 Paris, Madrid (heure d?été) elapsed time: 6.219967 seconds (0d 0h 0m 6s)

---------------  T H R E A D  ---------------

Current thread (0x000002796ef804b0):  VMThread "VM Thread" [stack: 0x0000009993300000,0x0000009993400000] [id=13928]

Stack: [0x0000009993300000,0x0000009993400000]
[error occurred during error reporting (printing stack bounds), id 0xc0000005, EXCEPTION_ACCESS_VIOLATION (0xc0000005) at pc=0x000002795a5d10ad]

Native frames: (J=compiled Java code, j=interpreted, Vv=VM code, C=native code)
V  [jvm.dll+0x62ae9a]
V  [jvm.dll+0x7817a9]
V  [jvm.dll+0x782f03]
V  [jvm.dll+0x7834c5]
V  [jvm.dll+0x78347b]
V  [jvm.dll+0x62a2b9]
V  [jvm.dll+0x62aa88]
C  [ntdll.dll+0xa1eef]
C  [ntdll.dll+0x6aad9]
C  [ntdll.dll+0xa0b5e]
C  0x000002795a5d10ad

VM_Operation (0x00000099945fae80): G1CollectForAllocation, mode: safepoint, requested by thread 0x0000027970ecd6d0


---------------  P R O C E S S  ---------------

Threads class SMR info:
_java_thread_list=0x00000279737a6260, length=29, elements={
0x000002795541d3d0, 0x000002796f7d3140, 0x000002796f7d3c20, 0x000002796efb2010,
0x000002796efb28d0, 0x000002796efb51a0, 0x000002796efbde70, 0x000002796f7e6950,
0x000002796ef1e3a0, 0x000002796f9b0da0, 0x000002797013e8a0, 0x0000027970114030,
0x000002797011ecd0, 0x0000027970ed5af0, 0x0000027970ecd6d0, 0x0000027970f00070,
0x0000027970f28b20, 0x0000027970f55b70, 0x0000027970f7dc50, 0x00000279713f4ed0,
0x00000279713f6210, 0x00000279713f53a0, 0x00000279713f5870, 0x00000279713f6bb0,
0x00000279713f5d40, 0x00000279713f7080, 0x00000279713f4530, 0x00000279713f7a20,
0x00000279713f4060
}

Java Threads: ( => current thread )
  0x000002795541d3d0 JavaThread "main" [_thread_blocked, id=16088, stack(0x0000009992d00000,0x0000009992e00000)]
  0x000002796f7d3140 JavaThread "Reference Handler" daemon [_thread_blocked, id=2200, stack(0x0000009993400000,0x0000009993500000)]
  0x000002796f7d3c20 JavaThread "Finalizer" daemon [_thread_blocked, id=8872, stack(0x0000009993500000,0x0000009993600000)]
  0x000002796efb2010 JavaThread "Signal Dispatcher" daemon [_thread_blocked, id=1588, stack(0x0000009993600000,0x0000009993700000)]
  0x000002796efb28d0 JavaThread "Attach Listener" daemon [_thread_blocked, id=1312, stack(0x0000009993700000,0x0000009993800000)]
  0x000002796efb51a0 JavaThread "Service Thread" daemon [_thread_blocked, id=12532, stack(0x0000009993800000,0x0000009993900000)]
  0x000002796efbde70 JavaThread "C1 CompilerThread0" daemon [_thread_blocked, id=10468, stack(0x0000009993900000,0x0000009993a00000)]
  0x000002796f7e6950 JavaThread "Sweeper thread" daemon [_thread_blocked, id=11572, stack(0x0000009993a00000,0x0000009993b00000)]
  0x000002796ef1e3a0 JavaThread "Common-Cleaner" daemon [_thread_blocked, id=12980, stack(0x0000009993b00000,0x0000009993c00000)]
  0x000002796f9b0da0 JavaThread "Notification Thread" daemon [_thread_blocked, id=15940, stack(0x0000009993c00000,0x0000009993d00000)]
  0x000002797013e8a0 JavaThread "RMI TCP Accept-0" daemon [_thread_in_native, id=9860, stack(0x0000009993d00000,0x0000009993e00000)]
  0x0000027970114030 JavaThread "RMI TCP Accept-51949" daemon [_thread_in_native, id=13988, stack(0x0000009993e00000,0x0000009993f00000)]
  0x000002797011ecd0 JavaThread "RMI TCP Accept-0" daemon [_thread_in_native, id=10220, stack(0x0000009993f00000,0x0000009994000000)]
  0x0000027970ed5af0 JavaThread "Thread-0" [_thread_blocked, id=7252, stack(0x0000009994400000,0x0000009994500000)]
  0x0000027970ecd6d0 JavaThread "restartedMain" [_thread_blocked, id=15884, stack(0x0000009994500000,0x0000009994600000)]
  0x0000027970f00070 JavaThread "RMI TCP Connection(1)-127.0.0.1" daemon [_thread_in_native, id=16128, stack(0x0000009994600000,0x0000009994700000)]
  0x0000027970f28b20 JavaThread "RMI Scheduler(0)" daemon [_thread_blocked, id=16072, stack(0x0000009994700000,0x0000009994800000)]
  0x0000027970f55b70 JavaThread "RMI TCP Connection(2)-127.0.0.1" daemon [_thread_in_native, id=14456, stack(0x0000009994800000,0x0000009994900000)]
  0x0000027970f7dc50 JavaThread "JMX server connection timeout 24" daemon [_thread_blocked, id=15404, stack(0x0000009994900000,0x0000009994a00000)]
  0x00000279713f4ed0 JavaThread "RMI TCP Connection(3)-127.0.0.1" daemon [_thread_in_native, id=13812, stack(0x0000009995200000,0x0000009995300000)]
  0x00000279713f6210 JavaThread "JMX server connection timeout 30" daemon [_thread_blocked, id=13860, stack(0x0000009995300000,0x0000009995400000)]
  0x00000279713f53a0 JavaThread "RMI TCP Connection(4)-127.0.0.1" daemon [_thread_in_native, id=3580, stack(0x0000009994e00000,0x0000009994f00000)]
  0x00000279713f5870 JavaThread "JMX server connection timeout 32" daemon [_thread_blocked, id=12108, stack(0x0000009995400000,0x0000009995500000)]
  0x00000279713f6bb0 JavaThread "Catalina-utility-1" [_thread_blocked, id=2356, stack(0x0000009995500000,0x0000009995600000)]
  0x00000279713f5d40 JavaThread "Catalina-utility-2" [_thread_blocked, id=11752, stack(0x0000009995600000,0x0000009995700000)]
  0x00000279713f7080 JavaThread "container-0" [_thread_blocked, id=12848, stack(0x0000009995700000,0x0000009995800000)]
  0x00000279713f4530 JavaThread "mysql-cj-abandoned-connection-cleanup" daemon [_thread_blocked, id=7520, stack(0x0000009995800000,0x0000009995900000)]
  0x00000279713f7a20 JavaThread "HikariPool-1 housekeeper" daemon [_thread_blocked, id=968, stack(0x0000009995a00000,0x0000009995b00000)]
  0x00000279713f4060 JavaThread "HikariPool-1 connection adder" daemon [_thread_blocked, id=11884, stack(0x0000009995b00000,0x0000009995c00000)]

Other Threads:
=>0x000002796ef804b0 VMThread "VM Thread" [stack: 0x0000009993300000,0x0000009993400000] [id=13928]
  0x00000279701499f0 WatcherThread [stack: 0x0000009994000000,0x0000009994100000] [id=9324]
  0x000002795544d570 GCTaskThread "GC Thread#0" [stack: 0x0000009992e00000,0x0000009992f00000] [id=16264]
  0x00000279704ec930 GCTaskThread "GC Thread#1" [stack: 0x0000009994100000,0x0000009994200000] [id=10448]
  0x00000279704ebc70 GCTaskThread "GC Thread#2" [stack: 0x0000009994a00000,0x0000009994b00000] [id=6176]
  0x00000279704e9c90 GCTaskThread "GC Thread#3" [stack: 0x0000009994b00000,0x0000009994c00000] [id=16048]
  0x00000279704e9960 GCTaskThread "GC Thread#4" [stack: 0x0000009994c00000,0x0000009994d00000] [id=10132]
  0x00000279704e9630 GCTaskThread "GC Thread#5" [stack: 0x0000009994d00000,0x0000009994e00000] [id=8868]
  0x00000279704e8fd0 GCTaskThread "GC Thread#6" [stack: 0x0000009994f00000,0x0000009995000000] [id=15444]
  0x00000279704e9300 GCTaskThread "GC Thread#7" [stack: 0x0000009995000000,0x0000009995100000] [id=3332]
  0x0000027955456af0 ConcurrentGCThread "G1 Main Marker" [stack: 0x0000009992f00000,0x0000009993000000] [id=14100]
  0x0000027955457670 ConcurrentGCThread "G1 Conc#0" [stack: 0x0000009993000000,0x0000009993100000] [id=15756]
  0x00000279704eb940 ConcurrentGCThread "G1 Conc#1" [stack: 0x0000009995100000,0x0000009995200000] [id=10216]
  0x00000279554a90d0 ConcurrentGCThread "G1 Refine#0" [stack: 0x0000009993100000,0x0000009993200000] [id=14828]
  0x000002797026a540 ConcurrentGCThread "G1 Refine#1" [stack: 0x0000009994200000,0x0000009994300000] [id=15424]
  0x00000279704ecf90 ConcurrentGCThread "G1 Refine#2" [stack: 0x0000009994300000,0x0000009994400000] [id=8756]
  0x00000279554a9c60 ConcurrentGCThread "G1 Young RemSet Sampling" [stack: 0x0000009993200000,0x0000009993300000] [id=988]

Threads with active compile tasks:
C1 CompilerThread0     6246 5544       1       org.hibernate.metamodel.model.domain.internal.SingularAttributeImpl::isId (5 bytes)

VM state: at safepoint (normal execution)

VM Mutex/Monitor currently owned by a thread:  ([mutex/lock_event])
[0x00000279554174c0] Threads_lock - owner thread: 0x000002796ef804b0
[0x00000279554187e0] Heap_lock - owner thread: 0x0000027970ecd6d0

Heap address: 0x00000000c2000000, size: 992 MB, Compressed Oops mode: 32-bit
CDS disabled.
Compressed class space mapped at: 0x0000000100000000-0x0000000140000000, size: 1073741824
Narrow klass base: 0x0000000000000000, Narrow klass shift: 3, Narrow klass range: 0x140000000

GC Precious Log:
 CPUs: 8 total, 8 available
 Memory: 3962M
 Large Page Support: Disabled
 NUMA Support: Disabled
 Compressed Oops: Enabled (32-bit)
 Heap Region Size: 1M
 Heap Min Capacity: 8M
 Heap Initial Capacity: 62M
 Heap Max Capacity: 992M
 Pre-touch: Disabled
 Parallel Workers: 8
 Concurrent Workers: 2
 Concurrent Refinement Workers: 8
 Periodic GC: Disabled

Heap:
 garbage-first heap   total 95232K, used 33684K [0x00000000c2000000, 0x0000000100000000)
  region size 1024K, 4 young (4096K), 4 survivors (4096K)
 Metaspace       used 62828K, capacity 63475K, committed 63524K, reserved 1103872K
  class space    used 8226K, capacity 8436K, committed 8484K, reserved 1048576K

Heap Regions: E=young(eden), S=young(survivor), O=old, HS=humongous(starts), HC=humongous(continues), CS=collection set, F=free, OA=open archive, CA=closed archive, TAMS=top-at-mark-start (previous, next)
|   0|0x00000000c2000000, 0x00000000c2100000, 0x00000000c2100000|100%|HS|  |TAMS 0x00000000c2100000, 0x00000000c2000000| Complete 
|   1|0x00000000c2100000, 0x00000000c2200000, 0x00000000c2200000|100%| O|  |TAMS 0x00000000c2200000, 0x00000000c2100000| Untracked 
|   2|0x00000000c2200000, 0x00000000c2300000, 0x00000000c2300000|100%| O|  |TAMS 0x00000000c2300000, 0x00000000c2200000| Untracked 
|   3|0x00000000c2300000, 0x00000000c2400000, 0x00000000c2400000|100%| O|  |TAMS 0x00000000c2400000, 0x00000000c2300000| Untracked 
|   4|0x00000000c2400000, 0x00000000c2500000, 0x00000000c2500000|100%| O|  |TAMS 0x00000000c2500000, 0x00000000c2400000| Untracked 
|   5|0x00000000c2500000, 0x00000000c2600000, 0x00000000c2600000|100%| O|  |TAMS 0x00000000c2600000, 0x00000000c2500000| Untracked 
|   6|0x00000000c2600000, 0x00000000c2700000, 0x00000000c2700000|100%| O|  |TAMS 0x00000000c2700000, 0x00000000c2600000| Untracked 
|   7|0x00000000c2700000, 0x00000000c27d3200, 0x00000000c2800000| 82%| O|  |TAMS 0x00000000c27d3200, 0x00000000c2700000| Untracked 
|   8|0x00000000c2800000, 0x00000000c2900000, 0x00000000c2900000|100%| O|  |TAMS 0x00000000c2900000, 0x00000000c2800000| Untracked 
|   9|0x00000000c2900000, 0x00000000c2a00000, 0x00000000c2a00000|100%| O|  |TAMS 0x00000000c2a00000, 0x00000000c2900000| Untracked 
|  10|0x00000000c2a00000, 0x00000000c2b00000, 0x00000000c2b00000|100%| O|  |TAMS 0x00000000c2b00000, 0x00000000c2a00000| Untracked 
|  11|0x00000000c2b00000, 0x00000000c2c00000, 0x00000000c2c00000|100%| O|  |TAMS 0x00000000c2c00000, 0x00000000c2b00000| Untracked 
|  12|0x00000000c2c00000, 0x00000000c2d00000, 0x00000000c2d00000|100%| O|  |TAMS 0x00000000c2d00000, 0x00000000c2c00000| Untracked 
|  13|0x00000000c2d00000, 0x00000000c2e00000, 0x00000000c2e00000|100%| O|  |TAMS 0x00000000c2e00000, 0x00000000c2d00000| Untracked 
|  14|0x00000000c2e00000, 0x00000000c2f00000, 0x00000000c2f00000|100%| O|  |TAMS 0x00000000c2f00000, 0x00000000c2e00000| Untracked 
|  15|0x00000000c2f00000, 0x00000000c3000000, 0x00000000c3000000|100%| O|  |TAMS 0x00000000c3000000, 0x00000000c2f00000| Untracked 
|  16|0x00000000c3000000, 0x00000000c3100000, 0x00000000c3100000|100%| O|  |TAMS 0x00000000c3100000, 0x00000000c3000000| Untracked 
|  17|0x00000000c3100000, 0x00000000c3200000, 0x00000000c3200000|100%| O|  |TAMS 0x00000000c3200000, 0x00000000c3100000| Untracked 
|  18|0x00000000c3200000, 0x00000000c3300000, 0x00000000c3300000|100%| O|  |TAMS 0x00000000c3300000, 0x00000000c3200000| Untracked 
|  19|0x00000000c3300000, 0x00000000c3400000, 0x00000000c3400000|100%| O|  |TAMS 0x00000000c3400000, 0x00000000c3300000| Untracked 
|  20|0x00000000c3400000, 0x00000000c3500000, 0x00000000c3500000|100%| O|  |TAMS 0x00000000c3500000, 0x00000000c3400000| Untracked 
|  21|0x00000000c3500000, 0x00000000c3600000, 0x00000000c3600000|100%| O|  |TAMS 0x00000000c3600000, 0x00000000c3500000| Untracked 
|  22|0x00000000c3600000, 0x00000000c3700000, 0x00000000c3700000|100%| O|  |TAMS 0x00000000c3700000, 0x00000000c3600000| Untracked 
|  23|0x00000000c3700000, 0x00000000c3800000, 0x00000000c3800000|100%| O|  |TAMS 0x00000000c376e400, 0x00000000c3700000| Untracked 
|  24|0x00000000c3800000, 0x00000000c3900000, 0x00000000c3900000|100%| O|  |TAMS 0x00000000c3800000, 0x00000000c3800000| Untracked 
|  25|0x00000000c3900000, 0x00000000c3a00000, 0x00000000c3a00000|100%| O|  |TAMS 0x00000000c3900000, 0x00000000c3900000| Untracked 
|  26|0x00000000c3a00000, 0x00000000c3b00000, 0x00000000c3b00000|100%| O|  |TAMS 0x00000000c3a00000, 0x00000000c3a00000| Untracked 
|  27|0x00000000c3b00000, 0x00000000c3c00000, 0x00000000c3c00000|100%| O|  |TAMS 0x00000000c3b00000, 0x00000000c3b00000| Untracked 
|  28|0x00000000c3c00000, 0x00000000c3d00000, 0x00000000c3d00000|100%| O|  |TAMS 0x00000000c3c00000, 0x00000000c3c00000| Untracked 
|  29|0x00000000c3d00000, 0x00000000c3d73000, 0x00000000c3e00000| 44%| O|  |TAMS 0x00000000c3d00000, 0x00000000c3d00000| Untracked 
|  30|0x00000000c3e00000, 0x00000000c3e00000, 0x00000000c3f00000|  0%| F|  |TAMS 0x00000000c3e00000, 0x00000000c3e00000| Untracked 
|  31|0x00000000c3f00000, 0x00000000c3f00000, 0x00000000c4000000|  0%| F|  |TAMS 0x00000000c3f00000, 0x00000000c3f00000| Untracked 
|  32|0x00000000c4000000, 0x00000000c4000000, 0x00000000c4100000|  0%| F|  |TAMS 0x00000000c4000000, 0x00000000c4000000| Untracked 
|  33|0x00000000c4100000, 0x00000000c4100000, 0x00000000c4200000|  0%| F|  |TAMS 0x00000000c4100000, 0x00000000c4100000| Untracked 
|  34|0x00000000c4200000, 0x00000000c4200000, 0x00000000c4300000|  0%| F|  |TAMS 0x00000000c4200000, 0x00000000c4200000| Untracked 
|  35|0x00000000c4300000, 0x00000000c4300000, 0x00000000c4400000|  0%| F|  |TAMS 0x00000000c4300000, 0x00000000c4300000| Untracked 
|  36|0x00000000c4400000, 0x00000000c4400000, 0x00000000c4500000|  0%| F|  |TAMS 0x00000000c4400000, 0x00000000c4400000| Untracked 
|  37|0x00000000c4500000, 0x00000000c4500000, 0x00000000c4600000|  0%| F|  |TAMS 0x00000000c4500000, 0x00000000c4500000| Untracked 
|  38|0x00000000c4600000, 0x00000000c4600000, 0x00000000c4700000|  0%| F|  |TAMS 0x00000000c4600000, 0x00000000c4600000| Untracked 
|  39|0x00000000c4700000, 0x00000000c4700000, 0x00000000c4800000|  0%| F|  |TAMS 0x00000000c4700000, 0x00000000c4700000| Untracked 
|  40|0x00000000c4800000, 0x00000000c489ee08, 0x00000000c4900000| 62%| S|CS|TAMS 0x00000000c4800000, 0x00000000c4800000| Complete 
|  41|0x00000000c4900000, 0x00000000c4a00000, 0x00000000c4a00000|100%| S|CS|TAMS 0x00000000c4900000, 0x00000000c4900000| Complete 
|  42|0x00000000c4a00000, 0x00000000c4a00000, 0x00000000c4b00000|  0%| F|  |TAMS 0x00000000c4a00000, 0x00000000c4a00000| Untracked 
|  43|0x00000000c4b00000, 0x00000000c4b00000, 0x00000000c4c00000|  0%| F|  |TAMS 0x00000000c4b00000, 0x00000000c4b00000| Untracked 
|  44|0x00000000c4c00000, 0x00000000c4c00000, 0x00000000c4d00000|  0%| F|  |TAMS 0x00000000c4c00000, 0x00000000c4c00000| Untracked 
|  45|0x00000000c4d00000, 0x00000000c4e00000, 0x00000000c4e00000|100%| S|CS|TAMS 0x00000000c4d00000, 0x00000000c4d00000| Complete 
|  46|0x00000000c4e00000, 0x00000000c4f00000, 0x00000000c4f00000|100%| S|CS|TAMS 0x00000000c4e00000, 0x00000000c4e00000| Complete 
|  47|0x00000000c4f00000, 0x00000000c4f00000, 0x00000000c5000000|  0%| F|  |TAMS 0x00000000c4f00000, 0x00000000c4f00000| Untracked 
|  48|0x00000000c5000000, 0x00000000c5000000, 0x00000000c5100000|  0%| F|  |TAMS 0x00000000c5000000, 0x00000000c5000000| Untracked 
|  49|0x00000000c5100000, 0x00000000c5100000, 0x00000000c5200000|  0%| F|  |TAMS 0x00000000c5100000, 0x00000000c5100000| Untracked 
|  50|0x00000000c5200000, 0x00000000c5200000, 0x00000000c5300000|  0%| F|  |TAMS 0x00000000c5200000, 0x00000000c5200000| Untracked 
|  51|0x00000000c5300000, 0x00000000c5300000, 0x00000000c5400000|  0%| F|  |TAMS 0x00000000c5300000, 0x00000000c5300000| Untracked 
|  52|0x00000000c5400000, 0x00000000c5400000, 0x00000000c5500000|  0%| F|  |TAMS 0x00000000c5400000, 0x00000000c5400000| Untracked 
|  53|0x00000000c5500000, 0x00000000c5500000, 0x00000000c5600000|  0%| F|  |TAMS 0x00000000c5500000, 0x00000000c5500000| Untracked 
|  54|0x00000000c5600000, 0x00000000c5600000, 0x00000000c5700000|  0%| F|  |TAMS 0x00000000c5600000, 0x00000000c5600000| Untracked 
|  55|0x00000000c5700000, 0x00000000c5700000, 0x00000000c5800000|  0%| F|  |TAMS 0x00000000c5700000, 0x00000000c5700000| Untracked 
|  56|0x00000000c5800000, 0x00000000c5800000, 0x00000000c5900000|  0%| F|  |TAMS 0x00000000c5800000, 0x00000000c5800000| Untracked 
|  57|0x00000000c5900000, 0x00000000c5900000, 0x00000000c5a00000|  0%| F|  |TAMS 0x00000000c5900000, 0x00000000c5900000| Untracked 
|  58|0x00000000c5a00000, 0x00000000c5a00000, 0x00000000c5b00000|  0%| F|  |TAMS 0x00000000c5a00000, 0x00000000c5a00000| Untracked 
|  59|0x00000000c5b00000, 0x00000000c5b00000, 0x00000000c5c00000|  0%| F|  |TAMS 0x00000000c5b00000, 0x00000000c5b00000| Untracked 
|  60|0x00000000c5c00000, 0x00000000c5c00000, 0x00000000c5d00000|  0%| F|  |TAMS 0x00000000c5c00000, 0x00000000c5c00000| Untracked 
|  61|0x00000000c5d00000, 0x00000000c5d00000, 0x00000000c5e00000|  0%| F|  |TAMS 0x00000000c5d00000, 0x00000000c5d00000| Untracked 
|  62|0x00000000c5e00000, 0x00000000c5e00000, 0x00000000c5f00000|  0%| F|  |TAMS 0x00000000c5e00000, 0x00000000c5e00000| Untracked 
|  63|0x00000000c5f00000, 0x00000000c5f00000, 0x00000000c6000000|  0%| F|  |TAMS 0x00000000c5f00000, 0x00000000c5f00000| Untracked 
|  64|0x00000000c6000000, 0x00000000c6000000, 0x00000000c6100000|  0%| F|  |TAMS 0x00000000c6000000, 0x00000000c6000000| Untracked 
|  65|0x00000000c6100000, 0x00000000c6100000, 0x00000000c6200000|  0%| F|  |TAMS 0x00000000c6100000, 0x00000000c6100000| Untracked 
|  66|0x00000000c6200000, 0x00000000c6200000, 0x00000000c6300000|  0%| F|  |TAMS 0x00000000c6200000, 0x00000000c6200000| Untracked 
|  67|0x00000000c6300000, 0x00000000c6300000, 0x00000000c6400000|  0%| F|  |TAMS 0x00000000c6300000, 0x00000000c6300000| Untracked 
|  68|0x00000000c6400000, 0x00000000c6400000, 0x00000000c6500000|  0%| F|  |TAMS 0x00000000c6400000, 0x00000000c6400000| Untracked 
|  69|0x00000000c6500000, 0x00000000c6500000, 0x00000000c6600000|  0%| F|  |TAMS 0x00000000c6500000, 0x00000000c6500000| Untracked 
|  70|0x00000000c6600000, 0x00000000c6600000, 0x00000000c6700000|  0%| F|  |TAMS 0x00000000c6600000, 0x00000000c6600000| Untracked 
|  71|0x00000000c6700000, 0x00000000c6700000, 0x00000000c6800000|  0%| F|  |TAMS 0x00000000c6700000, 0x00000000c6700000| Untracked 
|  72|0x00000000c6800000, 0x00000000c6800000, 0x00000000c6900000|  0%| F|  |TAMS 0x00000000c6800000, 0x00000000c6800000| Untracked 
|  73|0x00000000c6900000, 0x00000000c6900000, 0x00000000c6a00000|  0%| F|  |TAMS 0x00000000c6900000, 0x00000000c6900000| Untracked 
|  74|0x00000000c6a00000, 0x00000000c6a00000, 0x00000000c6b00000|  0%| F|  |TAMS 0x00000000c6a00000, 0x00000000c6a00000| Untracked 
|  75|0x00000000c6b00000, 0x00000000c6b00000, 0x00000000c6c00000|  0%| F|  |TAMS 0x00000000c6b00000, 0x00000000c6b00000| Untracked 
|  76|0x00000000c6c00000, 0x00000000c6c00000, 0x00000000c6d00000|  0%| F|  |TAMS 0x00000000c6c00000, 0x00000000c6c00000| Untracked 

Card table byte_map: [0x000002796a220000,0x000002796a410000] _byte_map_base: 0x0000027969c10000

Marking Bits (Prev, Next): (CMBitMap*) 0x000002795544dd30, (CMBitMap*) 0x000002795544dcf0
 Prev Bits: [0x000002796b580000, 0x000002796c500000)
 Next Bits: [0x000002796a600000, 0x000002796b580000)

Polling page: 0x0000027955270000

Metaspace:

Usage:
  Non-class:     53.75 MB capacity,    53.32 MB (>99%) used,   351.92 KB ( <1%) free+waste,    85.00 KB ( <1%) overhead. 
      Class:      8.24 MB capacity,     8.03 MB ( 98%) used,   176.27 KB (  2%) free+waste,    33.38 KB ( <1%) overhead. 
       Both:     61.99 MB capacity,    61.36 MB ( 99%) used,   528.19 KB ( <1%) free+waste,   118.38 KB ( <1%) overhead. 

Virtual space:
  Non-class space:       54.00 MB reserved,      53.75 MB (>99%) committed 
      Class space:        1.00 GB reserved,       8.29 MB ( <1%) committed 
             Both:        1.05 GB reserved,      62.04 MB (  6%) committed 

Chunk freelists:
   Non-Class:  1.00 KB
       Class:  12.00 KB
        Both:  13.00 KB

MaxMetaspaceSize: 17179869184.00 GB
CompressedClassSpaceSize: 1.00 GB

CodeHeap 'non-profiled nmethods': size=238336Kb used=8678Kb max_used=8678Kb free=229657Kb
 bounds [0x000002795ad10000, 0x000002795b590000, 0x00000279695d0000]
CodeHeap 'non-nmethods': size=7424Kb used=1293Kb max_used=1293Kb free=6130Kb
 bounds [0x000002795a5d0000, 0x000002795a840000, 0x000002795ad10000]
 total_blobs=6127 nmethods=5539 adapters=515
 compilation: enabled
              stopped_count=0, restarted_count=0
 full_count=0

Compilation events (20 events):
Event: 6.208 Thread 0x000002796efbde70 nmethod 5537 0x000002795b583b10 code [0x000002795b583cc0, 0x000002795b583eb8]
Event: 6.208 Thread 0x000002796efbde70 5538       1       org.springframework.data.util.Optionals::toStream (26 bytes)
Event: 6.208 Thread 0x000002796efbde70 nmethod 5538 0x000002795b584010 code [0x000002795b584220, 0x000002795b584868]
Event: 6.208 Thread 0x000002796efbde70 5540       1       org.springframework.data.mapping.model.AnnotationBasedPersistentProperty$$Lambda$972/0x00000001007ea0a0::apply (12 bytes)
Event: 6.209 Thread 0x000002796efbde70 nmethod 5540 0x000002795b584c10 code [0x000002795b584e20, 0x000002795b585418]
Event: 6.209 Thread 0x000002796efbde70 5542       1       org.springframework.data.mapping.model.AnnotationBasedPersistentProperty::getAccessors (38 bytes)
Event: 6.209 Thread 0x000002796efbde70 nmethod 5542 0x000002795b585710 code [0x000002795b585940, 0x000002795b586368]
Event: 6.209 Thread 0x000002796efbde70 5541       1       org.springframework.data.mapping.model.AnnotationBasedPersistentProperty::lambda$doFindAnnotation$9 (31 bytes)
Event: 6.210 Thread 0x000002796efbde70 nmethod 5541 0x000002795b586790 code [0x000002795b5869a0, 0x000002795b586f58]
Event: 6.210 Thread 0x000002796efbde70 5543       1       org.springframework.data.mapping.model.AnnotationBasedPersistentProperty$$Lambda$973/0x00000001007ea2e0::<init> (10 bytes)
Event: 6.210 Thread 0x000002796efbde70 nmethod 5543 0x000002795b587210 code [0x000002795b5873a0, 0x000002795b587498]
Event: 6.210 Thread 0x000002796efbde70 5534       1       java.util.stream.Sink$ChainedInt::<init> (16 bytes)
Event: 6.210 Thread 0x000002796efbde70 nmethod 5534 0x000002795b587510 code [0x000002795b5876c0, 0x000002795b5878e8]
Event: 6.210 Thread 0x000002796efbde70 5528       1       java.beans.PropertyDescriptor::setReadMethod0 (49 bytes)
Event: 6.210 Thread 0x000002796efbde70 nmethod 5528 0x000002795b587a10 code [0x000002795b587cc0, 0x000002795b588508]
Event: 6.210 Thread 0x000002796efbde70 5529       1       java.beans.PropertyDescriptor::setWriteMethod0 (49 bytes)
Event: 6.211 Thread 0x000002796efbde70 nmethod 5529 0x000002795b588910 code [0x000002795b588bc0, 0x000002795b589408]
Event: 6.211 Thread 0x000002796efbde70 5535       1       java.lang.StringUTF16$CharsSpliterator::characteristics (5 bytes)
Event: 6.211 Thread 0x000002796efbde70 nmethod 5535 0x000002795b589810 code [0x000002795b5899a0, 0x000002795b589a58]
Event: 6.211 Thread 0x000002796efbde70 5544       1       org.hibernate.metamodel.model.domain.internal.SingularAttributeImpl::isId (5 bytes)

GC Heap History (20 events):
Event: 3.228 GC heap after
{Heap after GC invocations=15 (full 0):
 garbage-first heap   total 54272K, used 20667K [0x00000000c2000000, 0x0000000100000000)
  region size 1024K, 2 young (2048K), 2 survivors (2048K)
 Metaspace       used 37181K, capacity 37712K, committed 37888K, reserved 1083392K
  class space    used 4613K, capacity 4835K, committed 4864K, reserved 1048576K
}
Event: 3.230 GC heap before
{Heap before GC invocations=15 (full 0):
 garbage-first heap   total 54272K, used 40123K [0x00000000c2000000, 0x0000000100000000)
  region size 1024K, 22 young (22528K), 2 survivors (2048K)
 Metaspace       used 37181K, capacity 37712K, committed 37888K, reserved 1083392K
  class space    used 4613K, capacity 4835K, committed 4864K, reserved 1048576K
}
Event: 3.232 GC heap after
{Heap after GC invocations=16 (full 0):
 garbage-first heap   total 65536K, used 20542K [0x00000000c2000000, 0x0000000100000000)
  region size 1024K, 1 young (1024K), 1 survivors (1024K)
 Metaspace       used 37181K, capacity 37712K, committed 37888K, reserved 1083392K
  class space    used 4613K, capacity 4835K, committed 4864K, reserved 1048576K
}
Event: 3.362 GC heap before
{Heap before GC invocations=16 (full 0):
 garbage-first heap   total 65536K, used 51262K [0x00000000c2000000, 0x0000000100000000)
  region size 1024K, 32 young (32768K), 1 survivors (1024K)
 Metaspace       used 38454K, capacity 38992K, committed 39040K, reserved 1083392K
  class space    used 4735K, capacity 4963K, committed 4992K, reserved 1048576K
}
Event: 3.367 GC heap after
{Heap after GC invocations=17 (full 0):
 garbage-first heap   total 65536K, used 25380K [0x00000000c2000000, 0x0000000100000000)
  region size 1024K, 4 young (4096K), 4 survivors (4096K)
 Metaspace       used 38454K, capacity 38992K, committed 39040K, reserved 1083392K
  class space    used 4735K, capacity 4963K, committed 4992K, reserved 1048576K
}
Event: 3.475 GC heap before
{Heap before GC invocations=17 (full 0):
 garbage-first heap   total 65536K, used 48932K [0x00000000c2000000, 0x0000000100000000)
  region size 1024K, 28 young (28672K), 4 survivors (4096K)
 Metaspace       used 38910K, capacity 39478K, committed 39680K, reserved 1083392K
  class space    used 4775K, capacity 4996K, committed 5120K, reserved 1048576K
}
Event: 3.478 GC heap after
{Heap after GC invocations=18 (full 0):
 garbage-first heap   total 65536K, used 24617K [0x00000000c2000000, 0x0000000100000000)
  region size 1024K, 1 young (1024K), 1 survivors (1024K)
 Metaspace       used 38910K, capacity 39478K, committed 39680K, reserved 1083392K
  class space    used 4775K, capacity 4996K, committed 5120K, reserved 1048576K
}
Event: 3.482 GC heap before
{Heap before GC invocations=18 (full 0):
 garbage-first heap   total 65536K, used 49193K [0x00000000c2000000, 0x0000000100000000)
  region size 1024K, 26 young (26624K), 1 survivors (1024K)
 Metaspace       used 38910K, capacity 39478K, committed 39680K, reserved 1083392K
  class space    used 4775K, capacity 4996K, committed 5120K, reserved 1048576K
}
Event: 3.483 GC heap after
{Heap after GC invocations=19 (full 0):
 garbage-first heap   total 65536K, used 24544K [0x00000000c2000000, 0x0000000100000000)
  region size 1024K, 1 young (1024K), 1 survivors (1024K)
 Metaspace       used 38910K, capacity 39478K, committed 39680K, reserved 1083392K
  class space    used 4775K, capacity 4996K, committed 5120K, reserved 1048576K
}
Event: 3.628 GC heap before
{Heap before GC invocations=19 (full 0):
 garbage-first heap   total 65536K, used 51168K [0x00000000c2000000, 0x0000000100000000)
  region size 1024K, 27 young (27648K), 1 survivors (1024K)
 Metaspace       used 39654K, capacity 40189K, committed 40448K, reserved 1085440K
  class space    used 4888K, capacity 5103K, committed 5120K, reserved 1048576K
}
Event: 3.631 GC heap after
{Heap after GC invocations=20 (full 0):
 garbage-first heap   total 65536K, used 24837K [0x00000000c2000000, 0x0000000100000000)
  region size 1024K, 1 young (1024K), 1 survivors (1024K)
 Metaspace       used 39654K, capacity 40189K, committed 40448K, reserved 1085440K
  class space    used 4888K, capacity 5103K, committed 5120K, reserved 1048576K
}
Event: 4.179 GC heap before
{Heap before GC invocations=20 (full 0):
 garbage-first heap   total 65536K, used 52485K [0x00000000c2000000, 0x0000000100000000)
  region size 1024K, 28 young (28672K), 1 survivors (1024K)
 Metaspace       used 44328K, capacity 44970K, committed 45056K, reserved 1089536K
  class space    used 5590K, capacity 5818K, committed 5888K, reserved 1048576K
}
Event: 4.182 GC heap after
{Heap after GC invocations=21 (full 0):
 garbage-first heap   total 78848K, used 26295K [0x00000000c2000000, 0x0000000100000000)
  region size 1024K, 3 young (3072K), 3 survivors (3072K)
 Metaspace       used 44328K, capacity 44970K, committed 45056K, reserved 1089536K
  class space    used 5590K, capacity 5818K, committed 5888K, reserved 1048576K
}
Event: 4.231 GC heap before
{Heap before GC invocations=21 (full 0):
 garbage-first heap   total 78848K, used 29367K [0x00000000c2000000, 0x0000000100000000)
  region size 1024K, 7 young (7168K), 3 survivors (3072K)
 Metaspace       used 45017K, capacity 45581K, committed 45656K, reserved 1089536K
  class space    used 5704K, capacity 5915K, committed 5976K, reserved 1048576K
}
Event: 4.235 GC heap after
{Heap after GC invocations=22 (full 0):
 garbage-first heap   total 78848K, used 26546K [0x00000000c2000000, 0x0000000100000000)
  region size 1024K, 3 young (3072K), 3 survivors (3072K)
 Metaspace       used 45017K, capacity 45581K, committed 45656K, reserved 1089536K
  class space    used 5704K, capacity 5915K, committed 5976K, reserved 1048576K
}
Event: 5.003 GC heap before
{Heap before GC invocations=23 (full 0):
 garbage-first heap   total 78848K, used 62386K [0x00000000c2000000, 0x0000000100000000)
  region size 1024K, 39 young (39936K), 3 survivors (3072K)
 Metaspace       used 54014K, capacity 54681K, committed 54692K, reserved 1097728K
  class space    used 6874K, capacity 7070K, committed 7076K, reserved 1048576K
}
Event: 5.009 GC heap after
{Heap after GC invocations=24 (full 0):
 garbage-first heap   total 78848K, used 30038K [0x00000000c2000000, 0x0000000100000000)
  region size 1024K, 5 young (5120K), 5 survivors (5120K)
 Metaspace       used 54014K, capacity 54681K, committed 54692K, reserved 1097728K
  class space    used 6874K, capacity 7070K, committed 7076K, reserved 1048576K
}
Event: 5.825 GC heap before
{Heap before GC invocations=24 (full 0):
 garbage-first heap   total 78848K, used 62806K [0x00000000c2000000, 0x0000000100000000)
  region size 1024K, 37 young (37888K), 5 survivors (5120K)
 Metaspace       used 58840K, capacity 59529K, committed 59684K, reserved 1101824K
  class space    used 7685K, capacity 7914K, committed 7972K, reserved 1048576K
}
Event: 5.831 GC heap after
{Heap after GC invocations=25 (full 0):
 garbage-first heap   total 78848K, used 32261K [0x00000000c2000000, 0x0000000100000000)
  region size 1024K, 3 young (3072K), 3 survivors (3072K)
 Metaspace       used 58840K, capacity 59529K, committed 59684K, reserved 1101824K
  class space    used 7685K, capacity 7914K, committed 7972K, reserved 1048576K
}
Event: 6.211 GC heap before
{Heap before GC invocations=25 (full 0):
 garbage-first heap   total 78848K, used 61957K [0x00000000c2000000, 0x0000000100000000)
  region size 1024K, 33 young (33792K), 3 survivors (3072K)
 Metaspace       used 62828K, capacity 63475K, committed 63524K, reserved 1103872K
  class space    used 8226K, capacity 8436K, committed 8484K, reserved 1048576K
}

Deoptimization events (4 events):
Event: 2.453 Thread 0x0000027970ecd6d0 DEOPT PACKING pc=0x000002795b05c13c sp=0x00000099945fcbd0
Event: 2.453 Thread 0x0000027970ecd6d0 DEOPT UNPACKING pc=0x000002795a61e23f sp=0x00000099945fc128 mode 0
Event: 5.225 Thread 0x0000027970ecd6d0 DEOPT PACKING pc=0x000002795b45b974 sp=0x00000099945faea0
Event: 5.225 Thread 0x0000027970ecd6d0 DEOPT UNPACKING pc=0x000002795a61e23f sp=0x00000099945fa328 mode 0

Classes unloaded (0 events):
No events

Classes redefined (0 events):
No events

Internal exceptions (20 events):
Event: 5.947 Thread 0x0000027970ecd6d0 Exception <a 'java/lang/ClassNotFoundException'{0x00000000c65900a0}: java/lang/ObjectCustomizer> (0x00000000c65900a0) 
thrown [./open/src/hotspot/share/classfile/systemDictionary.cpp, line 295]
Event: 5.948 Thread 0x0000027970ecd6d0 Exception <a 'java/lang/ClassNotFoundException'{0x00000000c6599c00}: com/gpg/entities/AppUserCustomizer> (0x00000000c6599c00) 
thrown [./open/src/hotspot/share/classfile/systemDictionary.cpp, line 295]
Event: 5.948 Thread 0x0000027970ecd6d0 Exception <a 'java/lang/ClassNotFoundException'{0x00000000c65ac488}: com/gpg/entities/AdminCustomizer> (0x00000000c65ac488) 
thrown [./open/src/hotspot/share/classfile/systemDictionary.cpp, line 295]
Event: 5.960 Thread 0x0000027970ecd6d0 Exception <a 'java/lang/NoSuchMethodError'{0x00000000c649b2d0}: 'int java.lang.invoke.DirectMethodHandle$Holder.invokeVirtual(java.lang.Object, java.lang.Object, java.lang.Object)'> (0x00000000c649b2d0) 
thrown [./open/src/hotspot/share/interpreter/linkResolver.cpp, line 782]
Event: 5.968 Thread 0x0000027970ecd6d0 Exception <a 'java/lang/ClassNotFoundException'{0x00000000c631e8f8}: java/lang/ObjectCustomizer> (0x00000000c631e8f8) 
thrown [./open/src/hotspot/share/classfile/systemDictionary.cpp, line 295]
Event: 5.968 Thread 0x0000027970ecd6d0 Exception <a 'java/lang/ClassNotFoundException'{0x00000000c63283a8}: com/gpg/entities/RoleCustomizer> (0x00000000c63283a8) 
thrown [./open/src/hotspot/share/classfile/systemDictionary.cpp, line 295]
Event: 5.979 Thread 0x0000027970ecd6d0 Exception <a 'java/lang/IncompatibleClassChangeError'{0x00000000c63f7d10}: Found class java.lang.Object, but interface was expected> (0x00000000c63f7d10) 
thrown [./open/src/hotspot/share/interpreter/linkResolver.cpp, line 848]
Event: 6.037 Thread 0x0000027970ecd6d0 Exception <a 'java/lang/reflect/InvocationTargetException'{0x00000000c5c04740}> (0x00000000c5c04740) 
thrown [./open/src/hotspot/share/runtime/reflection.cpp, line 1157]
Event: 6.048 Thread 0x0000027970ecd6d0 Exception <a 'java/lang/NoSuchMethodError'{0x00000000c5c871c0}: 'java.lang.Object java.lang.invoke.DirectMethodHandle$Holder.invokeStatic(java.lang.Object, java.lang.Object, int, java.lang.Object)'> (0x00000000c5c871c0) 
thrown [./open/src/hotspot/share/interpreter/linkResolver.cpp, line 782]
Event: 6.049 Thread 0x0000027970ecd6d0 Exception <a 'java/lang/NoSuchMethodError'{0x00000000c5c8f2a0}: 'java.lang.Object java.lang.invoke.DirectMethodHandle$Holder.newInvokeSpecial(java.lang.Object, java.lang.Object, int)'> (0x00000000c5c8f2a0) 
thrown [./open/src/hotspot/share/interpreter/linkResolver.cpp, line 782]
Event: 6.052 Thread 0x0000027970ecd6d0 Exception <a 'java/lang/IncompatibleClassChangeError'{0x00000000c5cbcdf0}: Found class java.lang.Object, but interface was expected> (0x00000000c5cbcdf0) 
thrown [./open/src/hotspot/share/interpreter/linkResolver.cpp, line 848]
Event: 6.116 Thread 0x0000027970ecd6d0 Exception <a 'java/io/FileNotFoundException'{0x00000000c58bd560}> (0x00000000c58bd560) 
thrown [./open/src/hotspot/share/prims/jni.cpp, line 578]
Event: 6.116 Thread 0x0000027970ecd6d0 Exception <a 'java/io/FileNotFoundException'{0x00000000c58be5a0}> (0x00000000c58be5a0) 
thrown [./open/src/hotspot/share/prims/jni.cpp, line 578]
Event: 6.130 Thread 0x0000027970ecd6d0 Exception <a 'java/lang/ClassNotFoundException'{0x00000000c57b3120}: java/lang/ObjectCustomizer> (0x00000000c57b3120) 
thrown [./open/src/hotspot/share/classfile/systemDictionary.cpp, line 295]
Event: 6.130 Thread 0x0000027970ecd6d0 Exception <a 'java/lang/ClassNotFoundException'{0x00000000c57bcc80}: com/gpg/entities/CompanyCustomizer> (0x00000000c57bcc80) 
thrown [./open/src/hotspot/share/classfile/systemDictionary.cpp, line 295]
Event: 6.132 Thread 0x0000027970ecd6d0 Exception <a 'java/lang/ClassNotFoundException'{0x00000000c57e3830}: java/lang/ObjectCustomizer> (0x00000000c57e3830) 
thrown [./open/src/hotspot/share/classfile/systemDictionary.cpp, line 295]
Event: 6.133 Thread 0x0000027970ecd6d0 Exception <a 'java/lang/ClassNotFoundException'{0x00000000c57ed390}: com/gpg/entities/AdressCustomizer> (0x00000000c57ed390) 
thrown [./open/src/hotspot/share/classfile/systemDictionary.cpp, line 295]
Event: 6.203 Thread 0x0000027970ecd6d0 Exception <a 'java/lang/ClassNotFoundException'{0x00000000c5098920}: java/lang/ObjectCustomizer> (0x00000000c5098920) 
thrown [./open/src/hotspot/share/classfile/systemDictionary.cpp, line 295]
Event: 6.204 Thread 0x0000027970ecd6d0 Exception <a 'java/lang/ClassNotFoundException'{0x00000000c50a2440}: com/gpg/entities/AppUserCustomizer> (0x00000000c50a2440) 
thrown [./open/src/hotspot/share/classfile/systemDictionary.cpp, line 295]
Event: 6.204 Thread 0x0000027970ecd6d0 Exception <a 'java/lang/ClassNotFoundException'{0x00000000c50b2278}: com/gpg/entities/ProviderCustomizer> (0x00000000c50b2278) 
thrown [./open/src/hotspot/share/classfile/systemDictionary.cpp, line 295]

Events (20 events):
Event: 6.130 loading class java/lang/ObjectCustomizer done
Event: 6.130 loading class java/lang/ObjectCustomizer
Event: 6.130 loading class java/lang/ObjectCustomizer done
Event: 6.132 loading class java/lang/ObjectCustomizer
Event: 6.132 loading class java/lang/ObjectCustomizer done
Event: 6.132 loading class java/lang/ObjectCustomizer
Event: 6.132 loading class java/lang/ObjectCustomizer done
Event: 6.134 Executing VM operation: ICBufferFull
Event: 6.134 Executing VM operation: ICBufferFull done
Event: 6.194 loading class sun/reflect/ReflectionFactory
Event: 6.194 loading class sun/reflect/ReflectionFactory done
Event: 6.194 loading class sun/reflect/ReflectionFactory$1
Event: 6.195 loading class sun/reflect/ReflectionFactory$1 done
Event: 6.195 loading class java/io/OptionalDataException
Event: 6.195 loading class java/io/OptionalDataException done
Event: 6.203 loading class java/lang/ObjectCustomizer
Event: 6.203 loading class java/lang/ObjectCustomizer done
Event: 6.203 loading class java/lang/ObjectCustomizer
Event: 6.203 loading class java/lang/ObjectCustomizer done
Event: 6.211 Executing VM operation: G1CollectForAllocation


Dynamic libraries:
0x00007ff78e4b0000 - 0x00007ff78e4bd000 	C:\Users\admin\Downloads\spring-tool-suite-4-4.10.0.RELEASE-e4.19.0-win32.win32.x86_64.self-extracting\contents\sts-4.10.0.RELEASE\plugins\org.eclipse.justj.openjdk.hotspot.jre.full.win32.x86_64_15.0.2.v20210201-0955\jre\bin\javaw.exe
0x00007ffcb6340000 - 0x00007ffcb6530000 	C:\WINDOWS\SYSTEM32\ntdll.dll
0x00007ffcb4a60000 - 0x00007ffcb4b12000 	C:\WINDOWS\System32\KERNEL32.DLL
0x00007ffcb4140000 - 0x00007ffcb43e5000 	C:\WINDOWS\System32\KERNELBASE.dll
0x00007ffcb3c60000 - 0x00007ffcb3d5a000 	C:\WINDOWS\System32\ucrtbase.dll
0x00007ffca4b70000 - 0x00007ffca4b89000 	C:\Users\admin\Downloads\spring-tool-suite-4-4.10.0.RELEASE-e4.19.0-win32.win32.x86_64.self-extracting\contents\sts-4.10.0.RELEASE\plugins\org.eclipse.justj.openjdk.hotspot.jre.full.win32.x86_64_15.0.2.v20210201-0955\jre\bin\VCRUNTIME140.dll
0x00007ffca4b90000 - 0x00007ffca4ba8000 	C:\Users\admin\Downloads\spring-tool-suite-4-4.10.0.RELEASE-e4.19.0-win32.win32.x86_64.self-extracting\contents\sts-4.10.0.RELEASE\plugins\org.eclipse.justj.openjdk.hotspot.jre.full.win32.x86_64_15.0.2.v20210201-0955\jre\bin\jli.dll
0x00007ffcb4590000 - 0x00007ffcb4724000 	C:\WINDOWS\System32\USER32.dll
0x00007ffcb3300000 - 0x00007ffcb3321000 	C:\WINDOWS\System32\win32u.dll
0x00007ffc9e2a0000 - 0x00007ffc9e524000 	C:\WINDOWS\WinSxS\amd64_microsoft.windows.common-controls_6595b64144ccf1df_6.0.18362.1440_none_9e7dbfb9e45e8e67\COMCTL32.dll
0x00007ffcb4a30000 - 0x00007ffcb4a56000 	C:\WINDOWS\System32\GDI32.dll
0x00007ffcb5c60000 - 0x00007ffcb5cfe000 	C:\WINDOWS\System32\msvcrt.dll
0x00007ffcb3fa0000 - 0x00007ffcb4138000 	C:\WINDOWS\System32\gdi32full.dll
0x00007ffcb33e0000 - 0x00007ffcb347e000 	C:\WINDOWS\System32\msvcp_win.dll
0x00007ffcb5160000 - 0x00007ffcb5496000 	C:\WINDOWS\System32\combase.dll
0x00007ffcb4460000 - 0x00007ffcb457f000 	C:\WINDOWS\System32\RPCRT4.dll
0x00007ffcb3330000 - 0x00007ffcb33b1000 	C:\WINDOWS\System32\bcryptPrimitives.dll
0x00007ffcb5540000 - 0x00007ffcb556e000 	C:\WINDOWS\System32\IMM32.DLL
0x00007ffca4b60000 - 0x00007ffca4b6c000 	C:\Users\admin\Downloads\spring-tool-suite-4-4.10.0.RELEASE-e4.19.0-win32.win32.x86_64.self-extracting\contents\sts-4.10.0.RELEASE\plugins\org.eclipse.justj.openjdk.hotspot.jre.full.win32.x86_64_15.0.2.v20210201-0955\jre\bin\vcruntime140_1.dll
0x00007ffca4ac0000 - 0x00007ffca4b51000 	C:\Users\admin\Downloads\spring-tool-suite-4-4.10.0.RELEASE-e4.19.0-win32.win32.x86_64.self-extracting\contents\sts-4.10.0.RELEASE\plugins\org.eclipse.justj.openjdk.hotspot.jre.full.win32.x86_64_15.0.2.v20210201-0955\jre\bin\msvcp140.dll
0x00007ffc7f570000 - 0x00007ffc800ce000 	C:\Users\admin\Downloads\spring-tool-suite-4-4.10.0.RELEASE-e4.19.0-win32.win32.x86_64.self-extracting\contents\sts-4.10.0.RELEASE\plugins\org.eclipse.justj.openjdk.hotspot.jre.full.win32.x86_64_15.0.2.v20210201-0955\jre\bin\server\jvm.dll
0x00007ffcb5d00000 - 0x00007ffcb5da3000 	C:\WINDOWS\System32\ADVAPI32.dll
0x00007ffcb54a0000 - 0x00007ffcb5537000 	C:\WINDOWS\System32\sechost.dll
0x00007ffcb4c90000 - 0x00007ffcb4c98000 	C:\WINDOWS\System32\PSAPI.DLL
0x00007ffcacf90000 - 0x00007ffcacf9a000 	C:\WINDOWS\SYSTEM32\VERSION.dll
0x00007ffcb10f0000 - 0x00007ffcb1114000 	C:\WINDOWS\SYSTEM32\WINMM.dll
0x00007ffcae5b0000 - 0x00007ffcae5b9000 	C:\WINDOWS\SYSTEM32\WSOCK32.dll
0x00007ffcb5020000 - 0x00007ffcb508f000 	C:\WINDOWS\System32\WS2_32.dll
0x00007ffcb10c0000 - 0x00007ffcb10ed000 	C:\WINDOWS\SYSTEM32\winmmbase.dll
0x00007ffcb32b0000 - 0x00007ffcb32fa000 	C:\WINDOWS\System32\cfgmgr32.dll
0x00007ffcb3200000 - 0x00007ffcb3211000 	C:\WINDOWS\System32\kernel.appcore.dll
0x00007ffcab760000 - 0x00007ffcab76a000 	C:\Users\admin\Downloads\spring-tool-suite-4-4.10.0.RELEASE-e4.19.0-win32.win32.x86_64.self-extracting\contents\sts-4.10.0.RELEASE\plugins\org.eclipse.justj.openjdk.hotspot.jre.full.win32.x86_64_15.0.2.v20210201-0955\jre\bin\jimage.dll
0x00007ffca22e0000 - 0x00007ffca24d4000 	C:\WINDOWS\SYSTEM32\DBGHELP.DLL
0x00007ffca22b0000 - 0x00007ffca22da000 	C:\WINDOWS\SYSTEM32\dbgcore.DLL
0x00007ffcab730000 - 0x00007ffcab755000 	C:\Users\admin\Downloads\spring-tool-suite-4-4.10.0.RELEASE-e4.19.0-win32.win32.x86_64.self-extracting\contents\sts-4.10.0.RELEASE\plugins\org.eclipse.justj.openjdk.hotspot.jre.full.win32.x86_64_15.0.2.v20210201-0955\jre\bin\java.dll
0x00007ffcab710000 - 0x00007ffcab728000 	C:\Users\admin\Downloads\spring-tool-suite-4-4.10.0.RELEASE-e4.19.0-win32.win32.x86_64.self-extracting\contents\sts-4.10.0.RELEASE\plugins\org.eclipse.justj.openjdk.hotspot.jre.full.win32.x86_64_15.0.2.v20210201-0955\jre\bin\zip.dll
0x00007ffcb5570000 - 0x00007ffcb5c58000 	C:\WINDOWS\System32\SHELL32.dll
0x00007ffcb4be0000 - 0x00007ffcb4c87000 	C:\WINDOWS\System32\shcore.dll
0x00007ffcb3480000 - 0x00007ffcb3bfb000 	C:\WINDOWS\System32\windows.storage.dll
0x00007ffcb3220000 - 0x00007ffcb323e000 	C:\WINDOWS\System32\profapi.dll
0x00007ffcb3260000 - 0x00007ffcb32aa000 	C:\WINDOWS\System32\powrprof.dll
0x00007ffcb31f0000 - 0x00007ffcb3200000 	C:\WINDOWS\System32\UMPDC.dll
0x00007ffcb4730000 - 0x00007ffcb4782000 	C:\WINDOWS\System32\shlwapi.dll
0x00007ffcb33c0000 - 0x00007ffcb33d7000 	C:\WINDOWS\System32\cryptsp.dll
0x00007ffcab6f0000 - 0x00007ffcab709000 	C:\Users\admin\Downloads\spring-tool-suite-4-4.10.0.RELEASE-e4.19.0-win32.win32.x86_64.self-extracting\contents\sts-4.10.0.RELEASE\plugins\org.eclipse.justj.openjdk.hotspot.jre.full.win32.x86_64_15.0.2.v20210201-0955\jre\bin\net.dll
0x00007ffca5880000 - 0x00007ffca597a000 	C:\WINDOWS\SYSTEM32\WINHTTP.dll
0x00007ffcb29e0000 - 0x00007ffcb2a47000 	C:\WINDOWS\system32\mswsock.dll
0x00007ffcab6d0000 - 0x00007ffcab6e2000 	C:\Users\admin\Downloads\spring-tool-suite-4-4.10.0.RELEASE-e4.19.0-win32.win32.x86_64.self-extracting\contents\sts-4.10.0.RELEASE\plugins\org.eclipse.justj.openjdk.hotspot.jre.full.win32.x86_64_15.0.2.v20210201-0955\jre\bin\nio.dll
0x00007ffca4ab0000 - 0x00007ffca4ab9000 	C:\Users\admin\Downloads\spring-tool-suite-4-4.10.0.RELEASE-e4.19.0-win32.win32.x86_64.self-extracting\contents\sts-4.10.0.RELEASE\plugins\org.eclipse.justj.openjdk.hotspot.jre.full.win32.x86_64_15.0.2.v20210201-0955\jre\bin\management.dll
0x00007ffca4aa0000 - 0x00007ffca4aab000 	C:\Users\admin\Downloads\spring-tool-suite-4-4.10.0.RELEASE-e4.19.0-win32.win32.x86_64.self-extracting\contents\sts-4.10.0.RELEASE\plugins\org.eclipse.justj.openjdk.hotspot.jre.full.win32.x86_64_15.0.2.v20210201-0955\jre\bin\management_ext.dll
0x00007ffc8d3f0000 - 0x00007ffc8d406000 	C:\WINDOWS\system32\napinsp.dll
0x00007ffc8b5c0000 - 0x00007ffc8b5da000 	C:\WINDOWS\system32\pnrpnsp.dll
0x00007ffcb2740000 - 0x00007ffcb280b000 	C:\WINDOWS\SYSTEM32\DNSAPI.dll
0x00007ffcb4580000 - 0x00007ffcb4588000 	C:\WINDOWS\System32\NSI.dll
0x00007ffcb2700000 - 0x00007ffcb273a000 	C:\WINDOWS\SYSTEM32\IPHLPAPI.DLL
0x00007ffc9dd90000 - 0x00007ffc9dd9e000 	C:\WINDOWS\System32\winrnr.dll
0x00007ffcaf9e0000 - 0x00007ffcaf9fc000 	C:\WINDOWS\system32\NLAapi.dll
0x00007ffcaea10000 - 0x00007ffcaea25000 	C:\WINDOWS\system32\wshbth.dll
0x00007ffca5530000 - 0x00007ffca553a000 	C:\Windows\System32\rasadhlp.dll
0x00007ffcaafe0000 - 0x00007ffcab057000 	C:\WINDOWS\System32\fwpuclnt.dll
0x00007ffcb3d60000 - 0x00007ffcb3d86000 	C:\WINDOWS\System32\bcrypt.dll
0x00007ffcb2570000 - 0x00007ffcb25a3000 	C:\WINDOWS\system32\rsaenh.dll
0x00007ffcb30d0000 - 0x00007ffcb30f5000 	C:\WINDOWS\SYSTEM32\USERENV.dll
0x00007ffcb2b60000 - 0x00007ffcb2b6c000 	C:\WINDOWS\SYSTEM32\CRYPTBASE.dll
0x00007ffcac4e0000 - 0x00007ffcac4f6000 	C:\WINDOWS\SYSTEM32\dhcpcsvc6.DLL
0x00007ffcab790000 - 0x00007ffcab7ac000 	C:\WINDOWS\SYSTEM32\dhcpcsvc.DLL
0x00007ffcaeab0000 - 0x00007ffcaeac0000 	C:\Users\admin\Downloads\spring-tool-suite-4-4.10.0.RELEASE-e4.19.0-win32.win32.x86_64.self-extracting\contents\sts-4.10.0.RELEASE\plugins\org.eclipse.justj.openjdk.hotspot.jre.full.win32.x86_64_15.0.2.v20210201-0955\jre\bin\verify.dll
0x00007ffca17a0000 - 0x00007ffca17ad000 	C:\Users\admin\Downloads\spring-tool-suite-4-4.10.0.RELEASE-e4.19.0-win32.win32.x86_64.self-extracting\contents\sts-4.10.0.RELEASE\plugins\org.eclipse.justj.openjdk.hotspot.jre.full.win32.x86_64_15.0.2.v20210201-0955\jre\bin\sunmscapi.dll
0x00007ffcb3e40000 - 0x00007ffcb3f91000 	C:\WINDOWS\System32\CRYPT32.dll
0x00007ffcb3240000 - 0x00007ffcb3252000 	C:\WINDOWS\System32\MSASN1.dll
0x00007ffcb2c60000 - 0x00007ffcb2c86000 	C:\WINDOWS\SYSTEM32\ncrypt.dll
0x00007ffcb2c20000 - 0x00007ffcb2c5b000 	C:\WINDOWS\SYSTEM32\NTASN1.dll

dbghelp: loaded successfully - version: 4.0.5 - missing functions: none
symbol engine: initialized successfully - sym options: 0x614 - pdb path: .;C:\Users\admin\Downloads\spring-tool-suite-4-4.10.0.RELEASE-e4.19.0-win32.win32.x86_64.self-extracting\contents\sts-4.10.0.RELEASE\plugins\org.eclipse.justj.openjdk.hotspot.jre.full.win32.x86_64_15.0.2.v20210201-0955\jre\bin;C:\WINDOWS\SYSTEM32;C:\WINDOWS\WinSxS\amd64_microsoft.windows.common-controls_6595b64144ccf1df_6.0.18362.1440_none_9e7dbfb9e45e8e67;C:\Users\admin\Downloads\spring-tool-suite-4-4.10.0.RELEASE-e4.19.0-win32.win32.x86_64.self-extracting\contents\sts-4.10.0.RELEASE\plugins\org.eclipse.justj.openjdk.hotspot.jre.full.win32.x86_64_15.0.2.v20210201-0955\jre\bin\server

VM Arguments:
jvm_args: -Dcom.sun.management.jmxremote -Dcom.sun.management.jmxremote.port=51949 -Dcom.sun.management.jmxremote.authenticate=false -Dcom.sun.management.jmxremote.ssl=false -Djava.rmi.server.hostname=localhost -Dspring.jmx.enabled=true -Dspring.application.admin.enabled=true -XX:TieredStopAtLevel=1 -Dspring.boot.project.name=gestion_facturation -Dfile.encoding=UTF-8 -XX:+ShowCodeDetailsInExceptionMessages 
java_command: com.gpg.GestionFacturationApplication --spring.output.ansi.enabled=always
java_class_path (initial): C:\Users\admin\Desktop\gestion_facturation\gestion_facturation\target\classes;C:\Users\admin\.m2\repository\org\springframework\boot\spring-boot-starter-actuator\2.4.4\spring-boot-starter-actuator-2.4.4.jar;C:\Users\admin\.m2\repository\org\springframework\boot\spring-boot-starter\2.4.4\spring-boot-starter-2.4.4.jar;C:\Users\admin\.m2\repository\org\springframework\boot\spring-boot-starter-logging\2.4.4\spring-boot-starter-logging-2.4.4.jar;C:\Users\admin\.m2\repository\ch\qos\logback\logback-classic\1.2.3\logback-classic-1.2.3.jar;C:\Users\admin\.m2\repository\ch\qos\logback\logback-core\1.2.3\logback-core-1.2.3.jar;C:\Users\admin\.m2\repository\org\apache\logging\log4j\log4j-to-slf4j\2.13.3\log4j-to-slf4j-2.13.3.jar;C:\Users\admin\.m2\repository\org\apache\logging\log4j\log4j-api\2.13.3\log4j-api-2.13.3.jar;C:\Users\admin\.m2\repository\org\slf4j\jul-to-slf4j\1.7.30\jul-to-slf4j-1.7.30.jar;C:\Users\admin\.m2\repository\jakarta\annotation\jakarta.annotation-api\1.3.5\jakarta.annotation-api-1.3.5.jar;C:\Users\admin\.m2\repository\org\yaml\snakeyaml\1.27\snakeyaml-1.27.jar;C:\Users\admin\.m2\repository\org\springframework\boot\spring-boot-actuator-autoconfigure\2.4.4\spring-boot-actuator-autoconfigure-2.4.4.jar;C:\Users\admin\.m2\repository\org\springframework\boot\spring-boot-actuator\2.4.4\spring-boot-actuator-2.4.4.jar;C:\Users\admin\.m2\repository\com\fasterxml\jackson\datatype\jackson-datatype-jsr310\2.11.4\jackson-datatype-jsr310-2.11.4.jar;C:\Users\admin\.m2\repository\io\micrometer\micrometer-core\1.6.5\micrometer-core-1.6.5.jar;C:\Users\admin\.m2\repository\org\hdrhistogram\HdrHistogram\2.1.12\HdrHistogram-2.1.12.jar;C:\Users\admin\.m2\repository\org\latencyutils\LatencyUtils\2.0.3\LatencyUtils-2.0.3.jar;C:\Users\admin\.m2\repository\com\auth0\java-jwt\3.11.0\java-jwt-3.11.0.jar;C:\Users\admin\.m2\repository\com\fasterxml\jackson\core\jackson-databind\2.11.4\jackson-databind-2.11.4.jar;C:\Users\admin\.m2\repository\com\fasterxml\
Launcher Type: SUN_STANDARD

[Global flags]
     intx CICompilerCount                          = 4                                         {product} {ergonomic}
     uint ConcGCThreads                            = 2                                         {product} {ergonomic}
     uint G1ConcRefinementThreads                  = 8                                         {product} {ergonomic}
   size_t G1HeapRegionSize                         = 1048576                                   {product} {ergonomic}
    uintx GCDrainStackTargetSize                   = 64                                        {product} {ergonomic}
   size_t InitialHeapSize                          = 65011712                                  {product} {ergonomic}
     bool ManagementServer                         = true                                      {product} {command line}
   size_t MarkStackSize                            = 4194304                                   {product} {ergonomic}
   size_t MaxHeapSize                              = 1040187392                                {product} {ergonomic}
   size_t MaxNewSize                               = 623902720                                 {product} {ergonomic}
   size_t MinHeapDeltaBytes                        = 1048576                                   {product} {ergonomic}
   size_t MinHeapSize                              = 8388608                                   {product} {ergonomic}
    uintx NonNMethodCodeHeapSize                   = 7549744                                {pd product} {ergonomic}
    uintx NonProfiledCodeHeapSize                  = 244108496                              {pd product} {ergonomic}
    uintx ProfiledCodeHeapSize                     = 0                                      {pd product} {ergonomic}
    uintx ReservedCodeCacheSize                    = 251658240                              {pd product} {ergonomic}
     bool SegmentedCodeCache                       = true                                      {product} {ergonomic}
     bool ShowCodeDetailsInExceptionMessages       = true                                   {manageable} {command line}
   size_t SoftMaxHeapSize                          = 1040187392                             {manageable} {ergonomic}
     intx TieredStopAtLevel                        = 1                                         {product} {command line}
     bool UseCompressedClassPointers               = true                                 {lp64_product} {ergonomic}
     bool UseCompressedOops                        = true                                 {lp64_product} {ergonomic}
     bool UseG1GC                                  = true                                      {product} {ergonomic}
     bool UseLargePagesIndividualAllocation        = false                                  {pd product} {ergonomic}

Logging:
Log output configuration:
 #0: stdout all=warning uptime,level,tags
 #1: stderr all=off uptime,level,tags

Environment Variables:
PATH=C:/Users/admin/Downloads/spring-tool-suite-4-4.10.0.RELEASE-e4.19.0-win32.win32.x86_64.self-extracting/contents/sts-4.10.0.RELEASE//plugins/org.eclipse.justj.openjdk.hotspot.jre.full.win32.x86_64_15.0.2.v20210201-0955/jre/bin/server;C:/Users/admin/Downloads/spring-tool-suite-4-4.10.0.RELEASE-e4.19.0-win32.win32.x86_64.self-extracting/contents/sts-4.10.0.RELEASE//plugins/org.eclipse.justj.openjdk.hotspot.jre.full.win32.x86_64_15.0.2.v20210201-0955/jre/bin;C:\Windows\system32;C:\Windows;C:\Windows\System32\Wbem;C:\Windows\System32\WindowsPowerShell\v1.0\;C:\Program Files (x86)\NVIDIA Corporation\PhysX\Common;C:\WINDOWS\system32;C:\WINDOWS;C:\WINDOWS\System32\Wbem;C:\WINDOWS\System32\WindowsPowerShell\v1.0\;C:\WINDOWS\System32\OpenSSH\;C:\Program Files\dotnet\;C:\Program Files\Git\cmd;C:\Program Files\nodejs\;C:\Users\admin\AppData\Local\Programs\Python\Python37\Scripts\;C:\Users\admin\AppData\Local\Programs\Python\Python37\;C:\Users\admin\AppData\Local\Microsoft\WindowsApps;C:\Users\admin\.dotnet\tools;C:\Users\admin\anaconda3\Scripts\Library\bin;C:\Users\admin\AppData\Local\Programs\Microsoft VS Code\bin;C:\Users\admin\anaconda3\envs\myenv\Scripts;C:\Users\admin\AppData\Roaming\npm;C:\Users\admin\AppData\Roaming\npm\node_modules\angular-cli\bin;;C:\Users\admin\Downloads\spring-tool-suite-4-4.10.0.RELEASE-e4.19.0-win32.win32.x86_64.self-extracting\contents\sts-4.10.0.RELEASE;
USERNAME=admin
OS=Windows_NT
PROCESSOR_IDENTIFIER=Intel64 Family 6 Model 142 Stepping 10, GenuineIntel



---------------  S Y S T E M  ---------------

OS:
 Windows 10 , 64 bit Build 18362 (10.0.18362.1350)
OS uptime: 0 days 0:48 hours
HyperV virtualization detected

CPU: total 8 (initial active 8) (4 cores per cpu, 2 threads per core) family 6 model 142 stepping 10 microcode 0xe0, cmov, cx8, fxsr, mmx, sse, sse2, sse3, ssse3, sse4.1, sse4.2, popcnt, vzeroupper, avx, avx2, aes, clmul, erms, 3dnowpref, lzcnt, ht, tsc, tscinvbit, bmi1, bmi2, adx, fma, clflush, clflushopt

Memory: 4k page, system-wide physical 3962M (315M free)
TotalPageFile size 16250M (AvailPageFile size 18M)
current process WorkingSet (physical memory assigned to process): 213M, peak: 213M
current process commit charge ("private bytes"): 249M, peak: 265M

vm_info: OpenJDK 64-Bit Server VM (15.0.2+7-27) for windows-amd64 JRE (15.0.2+7-27), built on Dec  7 2020 20:02:38 by "mach5one" with unknown MS VC++:1925

END.
