#
# There is insufficient memory for the Java Runtime Environment to continue.
# Native memory allocation (mmap) failed to map 16777216 bytes for G1 virtual space
# Possible reasons:
#   The system is out of physical RAM or swap space
#   The process is running with CompressedOops enabled, and the Java Heap may be blocking the growth of the native heap
# Possible solutions:
#   Reduce memory load on the system
#   Increase physical memory or swap space
#   Check if swap backing store is full
#   Decrease Java heap size (-Xmx/-Xms)
#   Decrease number of Java threads
#   Decrease Java thread stack sizes (-Xss)
#   Set larger code cache with -XX:ReservedCodeCacheSize=
#   JVM is running with Unscaled Compressed Oops mode in which the Java heap is
#     placed in the first 4GB address space. The Java Heap base address is the
#     maximum limit for the native heap growth. Please use -XX:HeapBaseMinAddress
#     to set the Java Heap base and to place the Java Heap above 4GB virtual address.
# This output file may be truncated or incomplete.
#
#  Out of Memory Error (./open/src/hotspot/os/windows/os_windows.cpp:3321), pid=1920, tid=13544
#
# JRE version: OpenJDK Runtime Environment (15.0.2+7) (build 15.0.2+7-27)
# Java VM: OpenJDK 64-Bit Server VM (15.0.2+7-27, mixed mode, tiered, compressed oops, g1 gc, windows-amd64)
# No core dump will be written. Minidumps are not enabled by default on client versions of Windows
#

---------------  S U M M A R Y ------------

Command Line: -Dcom.sun.management.jmxremote -Dcom.sun.management.jmxremote.port=51976 -Dcom.sun.management.jmxremote.authenticate=false -Dcom.sun.management.jmxremote.ssl=false -Djava.rmi.server.hostname=localhost -Dspring.jmx.enabled=true -Dspring.application.admin.enabled=true -XX:TieredStopAtLevel=1 -Dspring.boot.project.name=gestion_facturation -Dfile.encoding=UTF-8 -XX:+ShowCodeDetailsInExceptionMessages com.gpg.GestionFacturationApplication --spring.output.ansi.enabled=always

Host: Intel(R) Core(TM) i5-8250U CPU @ 1.60GHz, 8 cores, 3G,  Windows 10 , 64 bit Build 18362 (10.0.18362.1350)
Time: Fri Apr 23 22:33:30 2021 Paris, Madrid (heure d?été) elapsed time: 5.710451 seconds (0d 0h 0m 5s)

---------------  T H R E A D  ---------------

Current thread (0x000001a84ba37d30):  VMThread "VM Thread" [stack: 0x0000007d22c00000,0x0000007d22d00000] [id=13544]

Stack: [0x0000007d22c00000,0x0000007d22d00000]
[error occurred during error reporting (printing stack bounds), id 0xc0000005, EXCEPTION_ACCESS_VIOLATION (0xc0000005) at pc=0x000001a8370b10ad]

Native frames: (J=compiled Java code, j=interpreted, Vv=VM code, C=native code)
V  [jvm.dll+0x62ae9a]
V  [jvm.dll+0x7817a9]
V  [jvm.dll+0x782f03]
V  [jvm.dll+0x7834c5]
V  [jvm.dll+0x78347b]
V  [jvm.dll+0x62a2b9]
V  [jvm.dll+0x62aa88]
C  [ntdll.dll+0xa1eef]
C  [ntdll.dll+0x6aad9]
C  [ntdll.dll+0xa0b5e]
C  0x000001a8370b10ad

VM_Operation (0x0000007d241fb310): G1CollectForAllocation, mode: safepoint, requested by thread 0x000001a84dc14b30


---------------  P R O C E S S  ---------------

Threads class SMR info:
_java_thread_list=0x000001a84de4e590, length=29, elements={
0x000001a831e893d0, 0x000001a84ba70140, 0x000001a84ba723d0, 0x000001a84c3d22b0,
0x000001a84c3d2c70, 0x000001a84c3d6580, 0x000001a84ba7c580, 0x000001a84ba7d9d0,
0x000001a84c42bd50, 0x000001a84c594590, 0x000001a84cc4d070, 0x000001a84cc4d540,
0x000001a84cc555b0, 0x000001a84cc566a0, 0x000001a84cc92830, 0x000001a84dc17d20,
0x000001a84dc14b30, 0x000001a84dc43260, 0x000001a84dc41580, 0x000001a84dc423f0,
0x000001a84dc42d90, 0x000001a84dc440d0, 0x000001a84dc43c00, 0x000001a84dc445a0,
0x000001a84dc41f20, 0x000001a84dc44a70, 0x000001a84dc428c0, 0x000001a84dc410b0,
0x000001a85086fe10
}

Java Threads: ( => current thread )
  0x000001a831e893d0 JavaThread "main" [_thread_blocked, id=4656, stack(0x0000007d22600000,0x0000007d22700000)]
  0x000001a84ba70140 JavaThread "Reference Handler" daemon [_thread_blocked, id=16060, stack(0x0000007d22d00000,0x0000007d22e00000)]
  0x000001a84ba723d0 JavaThread "Finalizer" daemon [_thread_blocked, id=14084, stack(0x0000007d22e00000,0x0000007d22f00000)]
  0x000001a84c3d22b0 JavaThread "Signal Dispatcher" daemon [_thread_blocked, id=16280, stack(0x0000007d22f00000,0x0000007d23000000)]
  0x000001a84c3d2c70 JavaThread "Attach Listener" daemon [_thread_blocked, id=14788, stack(0x0000007d23000000,0x0000007d23100000)]
  0x000001a84c3d6580 JavaThread "Service Thread" daemon [_thread_blocked, id=10580, stack(0x0000007d23100000,0x0000007d23200000)]
  0x000001a84ba7c580 JavaThread "C1 CompilerThread0" daemon [_thread_blocked, id=9796, stack(0x0000007d23200000,0x0000007d23300000)]
  0x000001a84ba7d9d0 JavaThread "Sweeper thread" daemon [_thread_blocked, id=8196, stack(0x0000007d23300000,0x0000007d23400000)]
  0x000001a84c42bd50 JavaThread "Common-Cleaner" daemon [_thread_blocked, id=13180, stack(0x0000007d23400000,0x0000007d23500000)]
  0x000001a84c594590 JavaThread "Notification Thread" daemon [_thread_blocked, id=15744, stack(0x0000007d23500000,0x0000007d23600000)]
  0x000001a84cc4d070 JavaThread "RMI TCP Accept-0" daemon [_thread_in_native, id=12492, stack(0x0000007d23600000,0x0000007d23700000)]
  0x000001a84cc4d540 JavaThread "RMI TCP Accept-0" daemon [_thread_in_native, id=9304, stack(0x0000007d23700000,0x0000007d23800000)]
  0x000001a84cc555b0 JavaThread "RMI TCP Accept-51976" daemon [_thread_in_native, id=8864, stack(0x0000007d23800000,0x0000007d23900000)]
  0x000001a84cc566a0 JavaThread "RMI TCP Connection(1)-127.0.0.1" daemon [_thread_in_native, id=7260, stack(0x0000007d23900000,0x0000007d23a00000)]
  0x000001a84cc92830 JavaThread "RMI Scheduler(0)" daemon [_thread_blocked, id=11460, stack(0x0000007d23a00000,0x0000007d23b00000)]
  0x000001a84dc17d20 JavaThread "Thread-0" [_thread_blocked, id=16116, stack(0x0000007d24000000,0x0000007d24100000)]
  0x000001a84dc14b30 JavaThread "restartedMain" [_thread_blocked, id=2360, stack(0x0000007d24100000,0x0000007d24200000)]
  0x000001a84dc43260 JavaThread "RMI TCP Connection(2)-127.0.0.1" daemon [_thread_in_native, id=11364, stack(0x0000007d24200000,0x0000007d24300000)]
  0x000001a84dc41580 JavaThread "RMI TCP Connection(3)-127.0.0.1" daemon [_thread_in_native, id=14008, stack(0x0000007d24300000,0x0000007d24400000)]
  0x000001a84dc423f0 JavaThread "JMX server connection timeout 26" daemon [_thread_blocked, id=14220, stack(0x0000007d24400000,0x0000007d24500000)]
  0x000001a84dc42d90 JavaThread "Catalina-utility-1" [_thread_blocked, id=15368, stack(0x0000007d24900000,0x0000007d24a00000)]
  0x000001a84dc440d0 JavaThread "Catalina-utility-2" [_thread_blocked, id=14204, stack(0x0000007d24d00000,0x0000007d24e00000)]
  0x000001a84dc43c00 JavaThread "container-0" [_thread_blocked, id=7368, stack(0x0000007d24e00000,0x0000007d24f00000)]
  0x000001a84dc445a0 JavaThread "mysql-cj-abandoned-connection-cleanup" daemon [_thread_blocked, id=1976, stack(0x0000007d24f00000,0x0000007d25000000)]
  0x000001a84dc41f20 JavaThread "RMI TCP Connection(4)-127.0.0.1" daemon [_thread_in_native, id=5696, stack(0x0000007d25000000,0x0000007d25100000)]
  0x000001a84dc44a70 JavaThread "JMX server connection timeout 36" daemon [_thread_blocked, id=3484, stack(0x0000007d25100000,0x0000007d25200000)]
  0x000001a84dc428c0 JavaThread "HikariPool-1 housekeeper" daemon [_thread_blocked, id=3544, stack(0x0000007d25300000,0x0000007d25400000)]
  0x000001a84dc410b0 JavaThread "HikariPool-1 connection adder" daemon [_thread_blocked, id=7864, stack(0x0000007d25400000,0x0000007d25500000)]
  0x000001a85086fe10 JavaThread "JMX server connection timeout 39" daemon [_thread_blocked, id=10480, stack(0x0000007d23c00000,0x0000007d23d00000)]

Other Threads:
=>0x000001a84ba37d30 VMThread "VM Thread" [stack: 0x0000007d22c00000,0x0000007d22d00000] [id=13544]
  0x000001a84cc58c10 WatcherThread [stack: 0x0000007d23b00000,0x0000007d23c00000] [id=8752]
  0x000001a831eb8990 GCTaskThread "GC Thread#0" [stack: 0x0000007d22700000,0x0000007d22800000] [id=7600]
  0x000001a84cdc9f40 GCTaskThread "GC Thread#1" [stack: 0x0000007d23d00000,0x0000007d23e00000] [id=13264]
  0x000001a84cdcb590 GCTaskThread "GC Thread#2" [stack: 0x0000007d24500000,0x0000007d24600000] [id=9484]
  0x000001a84cdc8c20 GCTaskThread "GC Thread#3" [stack: 0x0000007d24600000,0x0000007d24700000] [id=1780]
  0x000001a84cdca8d0 GCTaskThread "GC Thread#4" [stack: 0x0000007d24700000,0x0000007d24800000] [id=1788]
  0x000001a84cdc7f60 GCTaskThread "GC Thread#5" [stack: 0x0000007d24800000,0x0000007d24900000] [id=7880]
  0x000001a84cdc95b0 GCTaskThread "GC Thread#6" [stack: 0x0000007d24a00000,0x0000007d24b00000] [id=7748]
  0x000001a84cdcac00 GCTaskThread "GC Thread#7" [stack: 0x0000007d24b00000,0x0000007d24c00000] [id=15488]
  0x000001a831ec2870 ConcurrentGCThread "G1 Main Marker" [stack: 0x0000007d22800000,0x0000007d22900000] [id=13624]
  0x000001a831ec3c80 ConcurrentGCThread "G1 Conc#0" [stack: 0x0000007d22900000,0x0000007d22a00000] [id=9828]
  0x000001a84cdcb260 ConcurrentGCThread "G1 Conc#1" [stack: 0x0000007d24c00000,0x0000007d24d00000] [id=14532]
  0x000001a831f12dd0 ConcurrentGCThread "G1 Refine#0" [stack: 0x0000007d22a00000,0x0000007d22b00000] [id=14056]
  0x000001a84cdcc000 ConcurrentGCThread "G1 Refine#1" [stack: 0x0000007d23e00000,0x0000007d23f00000] [id=7012]
  0x000001a84c5c38f0 ConcurrentGCThread "G1 Refine#2" [stack: 0x0000007d23f00000,0x0000007d24000000] [id=11748]
  0x000001a831f13a50 ConcurrentGCThread "G1 Young RemSet Sampling" [stack: 0x0000007d22b00000,0x0000007d22c00000] [id=16028]

Threads with active compile tasks:

VM state: at safepoint (normal execution)

VM Mutex/Monitor currently owned by a thread:  ([mutex/lock_event])
[0x000001a831e857d0] Threads_lock - owner thread: 0x000001a84ba37d30
[0x000001a831e85980] Heap_lock - owner thread: 0x000001a84dc14b30

Heap address: 0x00000000c2000000, size: 992 MB, Compressed Oops mode: 32-bit
CDS disabled.
Compressed class space mapped at: 0x0000000100000000-0x0000000140000000, size: 1073741824
Narrow klass base: 0x0000000000000000, Narrow klass shift: 3, Narrow klass range: 0x140000000

GC Precious Log:
 CPUs: 8 total, 8 available
 Memory: 3962M
 Large Page Support: Disabled
 NUMA Support: Disabled
 Compressed Oops: Enabled (32-bit)
 Heap Region Size: 1M
 Heap Min Capacity: 8M
 Heap Initial Capacity: 62M
 Heap Max Capacity: 992M
 Pre-touch: Disabled
 Parallel Workers: 8
 Concurrent Workers: 2
 Concurrent Refinement Workers: 8
 Periodic GC: Disabled

Heap:
 garbage-first heap   total 95232K, used 35196K [0x00000000c2000000, 0x0000000100000000)
  region size 1024K, 4 young (4096K), 4 survivors (4096K)
 Metaspace       used 62636K, capacity 63287K, committed 63488K, reserved 1103872K
  class space    used 8223K, capacity 8436K, committed 8448K, reserved 1048576K

Heap Regions: E=young(eden), S=young(survivor), O=old, HS=humongous(starts), HC=humongous(continues), CS=collection set, F=free, OA=open archive, CA=closed archive, TAMS=top-at-mark-start (previous, next)
|   0|0x00000000c2000000, 0x00000000c2100000, 0x00000000c2100000|100%|HS|  |TAMS 0x00000000c2100000, 0x00000000c2000000| Complete 
|   1|0x00000000c2100000, 0x00000000c2200000, 0x00000000c2200000|100%| O|  |TAMS 0x00000000c2200000, 0x00000000c2100000| Untracked 
|   2|0x00000000c2200000, 0x00000000c2300000, 0x00000000c2300000|100%| O|  |TAMS 0x00000000c2300000, 0x00000000c2200000| Untracked 
|   3|0x00000000c2300000, 0x00000000c2400000, 0x00000000c2400000|100%| O|  |TAMS 0x00000000c2400000, 0x00000000c2300000| Untracked 
|   4|0x00000000c2400000, 0x00000000c2500000, 0x00000000c2500000|100%| O|  |TAMS 0x00000000c2500000, 0x00000000c2400000| Untracked 
|   5|0x00000000c2500000, 0x00000000c2600000, 0x00000000c2600000|100%| O|  |TAMS 0x00000000c2600000, 0x00000000c2500000| Untracked 
|   6|0x00000000c2600000, 0x00000000c2700000, 0x00000000c2700000|100%| O|  |TAMS 0x00000000c2700000, 0x00000000c2600000| Untracked 
|   7|0x00000000c2700000, 0x00000000c27ce000, 0x00000000c2800000| 80%| O|  |TAMS 0x00000000c27ce000, 0x00000000c2700000| Complete 
|   8|0x00000000c2800000, 0x00000000c2900000, 0x00000000c2900000|100%| O|  |TAMS 0x00000000c2900000, 0x00000000c2800000| Untracked 
|   9|0x00000000c2900000, 0x00000000c2a00000, 0x00000000c2a00000|100%| O|  |TAMS 0x00000000c2a00000, 0x00000000c2900000| Untracked 
|  10|0x00000000c2a00000, 0x00000000c2b00000, 0x00000000c2b00000|100%| O|  |TAMS 0x00000000c2b00000, 0x00000000c2a00000| Untracked 
|  11|0x00000000c2b00000, 0x00000000c2c00000, 0x00000000c2c00000|100%| O|  |TAMS 0x00000000c2c00000, 0x00000000c2b00000| Complete 
|  12|0x00000000c2c00000, 0x00000000c2d00000, 0x00000000c2d00000|100%| O|  |TAMS 0x00000000c2d00000, 0x00000000c2c00000| Complete 
|  13|0x00000000c2d00000, 0x00000000c2e00000, 0x00000000c2e00000|100%| O|  |TAMS 0x00000000c2e00000, 0x00000000c2d00000| Untracked 
|  14|0x00000000c2e00000, 0x00000000c2f00000, 0x00000000c2f00000|100%| O|  |TAMS 0x00000000c2f00000, 0x00000000c2e00000| Complete 
|  15|0x00000000c2f00000, 0x00000000c3000000, 0x00000000c3000000|100%| O|  |TAMS 0x00000000c3000000, 0x00000000c2f00000| Untracked 
|  16|0x00000000c3000000, 0x00000000c3100000, 0x00000000c3100000|100%| O|  |TAMS 0x00000000c3100000, 0x00000000c3000000| Untracked 
|  17|0x00000000c3100000, 0x00000000c3200000, 0x00000000c3200000|100%| O|  |TAMS 0x00000000c3200000, 0x00000000c3100000| Untracked 
|  18|0x00000000c3200000, 0x00000000c3300000, 0x00000000c3300000|100%| O|  |TAMS 0x00000000c3300000, 0x00000000c3200000| Complete 
|  19|0x00000000c3300000, 0x00000000c3400000, 0x00000000c3400000|100%| O|  |TAMS 0x00000000c3400000, 0x00000000c3300000| Complete 
|  20|0x00000000c3400000, 0x00000000c3500000, 0x00000000c3500000|100%| O|  |TAMS 0x00000000c3500000, 0x00000000c3400000| Complete 
|  21|0x00000000c3500000, 0x00000000c3600000, 0x00000000c3600000|100%| O|  |TAMS 0x00000000c3600000, 0x00000000c3500000| Complete 
|  22|0x00000000c3600000, 0x00000000c3700000, 0x00000000c3700000|100%| O|  |TAMS 0x00000000c3700000, 0x00000000c3600000| Complete 
|  23|0x00000000c3700000, 0x00000000c3800000, 0x00000000c3800000|100%| O|  |TAMS 0x00000000c3800000, 0x00000000c3700000| Untracked 
|  24|0x00000000c3800000, 0x00000000c3900000, 0x00000000c3900000|100%| O|  |TAMS 0x00000000c3900000, 0x00000000c3800000| Complete 
|  25|0x00000000c3900000, 0x00000000c3a00000, 0x00000000c3a00000|100%| O|  |TAMS 0x00000000c3a00000, 0x00000000c3900000| Complete 
|  26|0x00000000c3a00000, 0x00000000c3b00000, 0x00000000c3b00000|100%| O|  |TAMS 0x00000000c3a5fe00, 0x00000000c3a00000| Untracked 
|  27|0x00000000c3b00000, 0x00000000c3c00000, 0x00000000c3c00000|100%| O|  |TAMS 0x00000000c3b00000, 0x00000000c3b00000| Untracked 
|  28|0x00000000c3c00000, 0x00000000c3d00000, 0x00000000c3d00000|100%| O|  |TAMS 0x00000000c3c00000, 0x00000000c3c00000| Untracked 
|  29|0x00000000c3d00000, 0x00000000c3e00000, 0x00000000c3e00000|100%| O|  |TAMS 0x00000000c3d00000, 0x00000000c3d00000| Untracked 
|  30|0x00000000c3e00000, 0x00000000c3f00000, 0x00000000c3f00000|100%| O|  |TAMS 0x00000000c3e00000, 0x00000000c3e00000| Untracked 
|  31|0x00000000c3f00000, 0x00000000c3f2bc00, 0x00000000c4000000| 17%| O|  |TAMS 0x00000000c3f00000, 0x00000000c3f00000| Untracked 
|  32|0x00000000c4000000, 0x00000000c4000000, 0x00000000c4100000|  0%| F|  |TAMS 0x00000000c4000000, 0x00000000c4000000| Untracked 
|  33|0x00000000c4100000, 0x00000000c4100000, 0x00000000c4200000|  0%| F|  |TAMS 0x00000000c4100000, 0x00000000c4100000| Untracked 
|  34|0x00000000c4200000, 0x00000000c4200000, 0x00000000c4300000|  0%| F|  |TAMS 0x00000000c4200000, 0x00000000c4200000| Untracked 
|  35|0x00000000c4300000, 0x00000000c4300000, 0x00000000c4400000|  0%| F|  |TAMS 0x00000000c4300000, 0x00000000c4300000| Untracked 
|  36|0x00000000c4400000, 0x00000000c4400000, 0x00000000c4500000|  0%| F|  |TAMS 0x00000000c4400000, 0x00000000c4400000| Untracked 
|  37|0x00000000c4500000, 0x00000000c4500000, 0x00000000c4600000|  0%| F|  |TAMS 0x00000000c4500000, 0x00000000c4500000| Untracked 
|  38|0x00000000c4600000, 0x00000000c4600000, 0x00000000c4700000|  0%| F|  |TAMS 0x00000000c4600000, 0x00000000c4600000| Untracked 
|  39|0x00000000c4700000, 0x00000000c4700000, 0x00000000c4800000|  0%| F|  |TAMS 0x00000000c4700000, 0x00000000c4700000| Untracked 
|  40|0x00000000c4800000, 0x00000000c4800000, 0x00000000c4900000|  0%| F|  |TAMS 0x00000000c4800000, 0x00000000c4800000| Untracked 
|  41|0x00000000c4900000, 0x00000000c4900000, 0x00000000c4a00000|  0%| F|  |TAMS 0x00000000c4900000, 0x00000000c4900000| Untracked 
|  42|0x00000000c4a00000, 0x00000000c4a656b0, 0x00000000c4b00000| 39%| S|CS|TAMS 0x00000000c4a00000, 0x00000000c4a00000| Complete 
|  43|0x00000000c4b00000, 0x00000000c4c00000, 0x00000000c4c00000|100%| S|CS|TAMS 0x00000000c4b00000, 0x00000000c4b00000| Complete 
|  44|0x00000000c4c00000, 0x00000000c4d00000, 0x00000000c4d00000|100%| S|CS|TAMS 0x00000000c4c00000, 0x00000000c4c00000| Complete 
|  45|0x00000000c4d00000, 0x00000000c4e00000, 0x00000000c4e00000|100%| S|CS|TAMS 0x00000000c4d00000, 0x00000000c4d00000| Complete 
|  46|0x00000000c4e00000, 0x00000000c4e00000, 0x00000000c4f00000|  0%| F|  |TAMS 0x00000000c4e00000, 0x00000000c4e00000| Untracked 
|  47|0x00000000c4f00000, 0x00000000c4f00000, 0x00000000c5000000|  0%| F|  |TAMS 0x00000000c4f00000, 0x00000000c4f00000| Untracked 
|  48|0x00000000c5000000, 0x00000000c5000000, 0x00000000c5100000|  0%| F|  |TAMS 0x00000000c5000000, 0x00000000c5000000| Untracked 
|  49|0x00000000c5100000, 0x00000000c5100000, 0x00000000c5200000|  0%| F|  |TAMS 0x00000000c5100000, 0x00000000c5100000| Untracked 
|  50|0x00000000c5200000, 0x00000000c5200000, 0x00000000c5300000|  0%| F|  |TAMS 0x00000000c5200000, 0x00000000c5200000| Untracked 
|  51|0x00000000c5300000, 0x00000000c5300000, 0x00000000c5400000|  0%| F|  |TAMS 0x00000000c5300000, 0x00000000c5300000| Untracked 
|  52|0x00000000c5400000, 0x00000000c5400000, 0x00000000c5500000|  0%| F|  |TAMS 0x00000000c5400000, 0x00000000c5400000| Untracked 
|  53|0x00000000c5500000, 0x00000000c5500000, 0x00000000c5600000|  0%| F|  |TAMS 0x00000000c5500000, 0x00000000c5500000| Untracked 
|  54|0x00000000c5600000, 0x00000000c5600000, 0x00000000c5700000|  0%| F|  |TAMS 0x00000000c5600000, 0x00000000c5600000| Untracked 
|  55|0x00000000c5700000, 0x00000000c5700000, 0x00000000c5800000|  0%| F|  |TAMS 0x00000000c5700000, 0x00000000c5700000| Untracked 
|  56|0x00000000c5800000, 0x00000000c5800000, 0x00000000c5900000|  0%| F|  |TAMS 0x00000000c5800000, 0x00000000c5800000| Untracked 
|  57|0x00000000c5900000, 0x00000000c5900000, 0x00000000c5a00000|  0%| F|  |TAMS 0x00000000c5900000, 0x00000000c5900000| Untracked 
|  58|0x00000000c5a00000, 0x00000000c5a00000, 0x00000000c5b00000|  0%| F|  |TAMS 0x00000000c5a00000, 0x00000000c5a00000| Untracked 
|  59|0x00000000c5b00000, 0x00000000c5b00000, 0x00000000c5c00000|  0%| F|  |TAMS 0x00000000c5b00000, 0x00000000c5b00000| Untracked 
|  60|0x00000000c5c00000, 0x00000000c5c00000, 0x00000000c5d00000|  0%| F|  |TAMS 0x00000000c5c00000, 0x00000000c5c00000| Untracked 
|  61|0x00000000c5d00000, 0x00000000c5d00000, 0x00000000c5e00000|  0%| F|  |TAMS 0x00000000c5d00000, 0x00000000c5d00000| Untracked 
|  62|0x00000000c5e00000, 0x00000000c5e00000, 0x00000000c5f00000|  0%| F|  |TAMS 0x00000000c5e00000, 0x00000000c5e00000| Untracked 
|  63|0x00000000c5f00000, 0x00000000c5f00000, 0x00000000c6000000|  0%| F|  |TAMS 0x00000000c5f00000, 0x00000000c5f00000| Untracked 
|  64|0x00000000c6000000, 0x00000000c6000000, 0x00000000c6100000|  0%| F|  |TAMS 0x00000000c6000000, 0x00000000c6000000| Untracked 
|  65|0x00000000c6100000, 0x00000000c6100000, 0x00000000c6200000|  0%| F|  |TAMS 0x00000000c6100000, 0x00000000c6100000| Untracked 
|  66|0x00000000c6200000, 0x00000000c6200000, 0x00000000c6300000|  0%| F|  |TAMS 0x00000000c6200000, 0x00000000c6200000| Untracked 
|  67|0x00000000c6300000, 0x00000000c6300000, 0x00000000c6400000|  0%| F|  |TAMS 0x00000000c6300000, 0x00000000c6300000| Untracked 
|  68|0x00000000c6400000, 0x00000000c6400000, 0x00000000c6500000|  0%| F|  |TAMS 0x00000000c6400000, 0x00000000c6400000| Untracked 
|  69|0x00000000c6500000, 0x00000000c6500000, 0x00000000c6600000|  0%| F|  |TAMS 0x00000000c6500000, 0x00000000c6500000| Untracked 
|  70|0x00000000c6600000, 0x00000000c6600000, 0x00000000c6700000|  0%| F|  |TAMS 0x00000000c6600000, 0x00000000c6600000| Untracked 
|  71|0x00000000c6700000, 0x00000000c6700000, 0x00000000c6800000|  0%| F|  |TAMS 0x00000000c6700000, 0x00000000c6700000| Untracked 
|  72|0x00000000c6800000, 0x00000000c6800000, 0x00000000c6900000|  0%| F|  |TAMS 0x00000000c6800000, 0x00000000c6800000| Untracked 
|  73|0x00000000c6900000, 0x00000000c6900000, 0x00000000c6a00000|  0%| F|  |TAMS 0x00000000c6900000, 0x00000000c6900000| Untracked 
|  74|0x00000000c6a00000, 0x00000000c6a00000, 0x00000000c6b00000|  0%| F|  |TAMS 0x00000000c6a00000, 0x00000000c6a00000| Untracked 
|  75|0x00000000c6b00000, 0x00000000c6b00000, 0x00000000c6c00000|  0%| F|  |TAMS 0x00000000c6b00000, 0x00000000c6b00000| Untracked 
|  76|0x00000000c6c00000, 0x00000000c6c00000, 0x00000000c6d00000|  0%| F|  |TAMS 0x00000000c6c00000, 0x00000000c6c00000| Untracked 

Card table byte_map: [0x000001a846d10000,0x000001a846f00000] _byte_map_base: 0x000001a846700000

Marking Bits (Prev, Next): (CMBitMap*) 0x000001a831eba250, (CMBitMap*) 0x000001a831eba210
 Prev Bits: [0x000001a848070000, 0x000001a848ff0000)
 Next Bits: [0x000001a8470f0000, 0x000001a848070000)

Polling page: 0x000001a831c50000

Metaspace:

Usage:
  Non-class:     53.57 MB capacity,    53.14 MB (>99%) used,   353.23 KB ( <1%) free+waste,    84.88 KB ( <1%) overhead. 
      Class:      8.24 MB capacity,     8.03 MB ( 97%) used,   179.07 KB (  2%) free+waste,    33.38 KB ( <1%) overhead. 
       Both:     61.80 MB capacity,    61.17 MB ( 99%) used,   532.30 KB ( <1%) free+waste,   118.25 KB ( <1%) overhead. 

Virtual space:
  Non-class space:       54.00 MB reserved,      53.75 MB (>99%) committed 
      Class space:        1.00 GB reserved,       8.25 MB ( <1%) committed 
             Both:        1.05 GB reserved,      62.00 MB (  6%) committed 

Chunk freelists:
   Non-Class:  1.00 KB
       Class:  12.00 KB
        Both:  13.00 KB

MaxMetaspaceSize: 17179869184.00 GB
CompressedClassSpaceSize: 1.00 GB

CodeHeap 'non-profiled nmethods': size=238336Kb used=8670Kb max_used=8670Kb free=229666Kb
 bounds [0x000001a8377f0000, 0x000001a838070000, 0x000001a8460b0000]
CodeHeap 'non-nmethods': size=7424Kb used=1293Kb max_used=1293Kb free=6130Kb
 bounds [0x000001a8370b0000, 0x000001a837320000, 0x000001a8377f0000]
 total_blobs=6147 nmethods=5559 adapters=515
 compilation: enabled
              stopped_count=0, restarted_count=0
 full_count=0

Compilation events (20 events):
Event: 5.696 Thread 0x000001a84ba7c580 5549       1       org.springframework.data.mapping.model.Property::getType (5 bytes)
Event: 5.696 Thread 0x000001a84ba7c580 nmethod 5549 0x000001a838063110 code [0x000001a8380632a0, 0x000001a838063358]
Event: 5.696 Thread 0x000001a84ba7c580 5544       1       java.beans.PropertyDescriptor::setReadMethod0 (49 bytes)
Event: 5.696 Thread 0x000001a84ba7c580 nmethod 5544 0x000001a838063410 code [0x000001a8380636c0, 0x000001a838063f08]
Event: 5.696 Thread 0x000001a84ba7c580 5545       1       java.beans.PropertyDescriptor::setWriteMethod0 (49 bytes)
Event: 5.697 Thread 0x000001a84ba7c580 nmethod 5545 0x000001a838064310 code [0x000001a8380645c0, 0x000001a838064e08]
Event: 5.697 Thread 0x000001a84ba7c580 5553       1       java.util.stream.ForEachOps$ForEachOp::get (2 bytes)
Event: 5.697 Thread 0x000001a84ba7c580 nmethod 5553 0x000001a838065210 code [0x000001a8380653a0, 0x000001a838065458]
Event: 5.697 Thread 0x000001a84ba7c580 5551       1       java.lang.StringUTF16$CharsSpliterator::characteristics (5 bytes)
Event: 5.697 Thread 0x000001a84ba7c580 nmethod 5551 0x000001a838065510 code [0x000001a8380656a0, 0x000001a838065758]
Event: 5.697 Thread 0x000001a84ba7c580 5555       1       java.util.Locale::getUnicodeLocaleType (55 bytes)
Event: 5.697 Thread 0x000001a84ba7c580 nmethod 5555 0x000001a838065810 code [0x000001a838065a20, 0x000001a838065eb8]
Event: 5.697 Thread 0x000001a84ba7c580 5556       1       java.util.Locale::isUnicodeExtensionKey (21 bytes)
Event: 5.698 Thread 0x000001a84ba7c580 nmethod 5556 0x000001a838066110 code [0x000001a8380662c0, 0x000001a838066548]
Event: 5.698 Thread 0x000001a84ba7c580 5558       1       java.util.stream.Streams$RangeIntSpliterator::characteristics (4 bytes)
Event: 5.698 Thread 0x000001a84ba7c580 nmethod 5558 0x000001a838066710 code [0x000001a8380668a0, 0x000001a838066958]
Event: 5.698 Thread 0x000001a84ba7c580 5557       1       org.springframework.data.mapping.model.AbstractPersistentProperty::getName (5 bytes)
Event: 5.698 Thread 0x000001a84ba7c580 nmethod 5557 0x000001a838066a10 code [0x000001a838066ba0, 0x000001a838066c58]
Event: 5.699 Thread 0x000001a84ba7c580 5559       1       org.springframework.data.repository.core.support.DefaultRepositoryInformation::getQueryMethods (77 bytes)
Event: 5.700 Thread 0x000001a84ba7c580 nmethod 5559 0x000001a838066d10 code [0x000001a838066f40, 0x000001a838067498]

GC Heap History (20 events):
Event: 2.894 GC heap after
{Heap after GC invocations=13 (full 0):
 garbage-first heap   total 54272K, used 18487K [0x00000000c2000000, 0x0000000100000000)
  region size 1024K, 4 young (4096K), 4 survivors (4096K)
 Metaspace       used 35248K, capacity 35743K, committed 35840K, reserved 1081344K
  class space    used 4355K, capacity 4542K, committed 4608K, reserved 1048576K
}
Event: 3.108 GC heap before
{Heap before GC invocations=14 (full 0):
 garbage-first heap   total 54272K, used 41015K [0x00000000c2000000, 0x0000000100000000)
  region size 1024K, 27 young (27648K), 4 survivors (4096K)
 Metaspace       used 37146K, capacity 37646K, committed 37888K, reserved 1083392K
  class space    used 4613K, capacity 4834K, committed 4864K, reserved 1048576K
}
Event: 3.114 GC heap after
{Heap after GC invocations=15 (full 0):
 garbage-first heap   total 65536K, used 20010K [0x00000000c2000000, 0x0000000100000000)
  region size 1024K, 4 young (4096K), 4 survivors (4096K)
 Metaspace       used 37146K, capacity 37646K, committed 37888K, reserved 1083392K
  class space    used 4613K, capacity 4834K, committed 4864K, reserved 1048576K
}
Event: 3.124 GC heap before
{Heap before GC invocations=15 (full 0):
 garbage-first heap   total 65536K, used 48682K [0x00000000c2000000, 0x0000000100000000)
  region size 1024K, 33 young (33792K), 4 survivors (4096K)
 Metaspace       used 37146K, capacity 37646K, committed 37888K, reserved 1083392K
  class space    used 4613K, capacity 4834K, committed 4864K, reserved 1048576K
}
Event: 3.127 GC heap after
{Heap after GC invocations=16 (full 0):
 garbage-first heap   total 65536K, used 20101K [0x00000000c2000000, 0x0000000100000000)
  region size 1024K, 2 young (2048K), 2 survivors (2048K)
 Metaspace       used 37146K, capacity 37646K, committed 37888K, reserved 1083392K
  class space    used 4613K, capacity 4834K, committed 4864K, reserved 1048576K
}
Event: 3.253 GC heap before
{Heap before GC invocations=16 (full 0):
 garbage-first heap   total 65536K, used 49797K [0x00000000c2000000, 0x0000000100000000)
  region size 1024K, 32 young (32768K), 2 survivors (2048K)
 Metaspace       used 38424K, capacity 38926K, committed 39040K, reserved 1083392K
  class space    used 4734K, capacity 4962K, committed 4992K, reserved 1048576K
}
Event: 3.258 GC heap after
{Heap after GC invocations=17 (full 0):
 garbage-first heap   total 65536K, used 26536K [0x00000000c2000000, 0x0000000100000000)
  region size 1024K, 4 young (4096K), 4 survivors (4096K)
 Metaspace       used 38424K, capacity 38926K, committed 39040K, reserved 1083392K
  class space    used 4734K, capacity 4962K, committed 4992K, reserved 1048576K
}
Event: 3.358 GC heap before
{Heap before GC invocations=17 (full 0):
 garbage-first heap   total 65536K, used 48040K [0x00000000c2000000, 0x0000000100000000)
  region size 1024K, 26 young (26624K), 4 survivors (4096K)
 Metaspace       used 38876K, capacity 39412K, committed 39680K, reserved 1083392K
  class space    used 4773K, capacity 4995K, committed 5120K, reserved 1048576K
}
Event: 3.361 GC heap after
{Heap after GC invocations=18 (full 0):
 garbage-first heap   total 65536K, used 25992K [0x00000000c2000000, 0x0000000100000000)
  region size 1024K, 1 young (1024K), 1 survivors (1024K)
 Metaspace       used 38876K, capacity 39412K, committed 39680K, reserved 1083392K
  class space    used 4773K, capacity 4995K, committed 5120K, reserved 1048576K
}
Event: 3.368 GC heap before
{Heap before GC invocations=18 (full 0):
 garbage-first heap   total 65536K, used 48520K [0x00000000c2000000, 0x0000000100000000)
  region size 1024K, 24 young (24576K), 1 survivors (1024K)
 Metaspace       used 38876K, capacity 39412K, committed 39680K, reserved 1083392K
  class space    used 4773K, capacity 4995K, committed 5120K, reserved 1048576K
}
Event: 3.370 GC heap after
{Heap after GC invocations=19 (full 0):
 garbage-first heap   total 78848K, used 25915K [0x00000000c2000000, 0x0000000100000000)
  region size 1024K, 1 young (1024K), 1 survivors (1024K)
 Metaspace       used 38876K, capacity 39412K, committed 39680K, reserved 1083392K
  class space    used 4773K, capacity 4995K, committed 5120K, reserved 1048576K
}
Event: 3.682 GC heap before
{Heap before GC invocations=19 (full 0):
 garbage-first heap   total 78848K, used 61755K [0x00000000c2000000, 0x0000000100000000)
  region size 1024K, 36 young (36864K), 1 survivors (1024K)
 Metaspace       used 40266K, capacity 40816K, committed 41088K, reserved 1085440K
  class space    used 4994K, capacity 5203K, committed 5248K, reserved 1048576K
}
Event: 3.687 GC heap after
{Heap after GC invocations=20 (full 0):
 garbage-first heap   total 78848K, used 26686K [0x00000000c2000000, 0x0000000100000000)
  region size 1024K, 2 young (2048K), 2 survivors (2048K)
 Metaspace       used 40266K, capacity 40816K, committed 41088K, reserved 1085440K
  class space    used 4994K, capacity 5203K, committed 5248K, reserved 1048576K
}
Event: 4.346 GC heap before
{Heap before GC invocations=20 (full 0):
 garbage-first heap   total 78848K, used 62526K [0x00000000c2000000, 0x0000000100000000)
  region size 1024K, 37 young (37888K), 2 survivors (2048K)
 Metaspace       used 48305K, capacity 48913K, committed 49152K, reserved 1091584K
  class space    used 6145K, capacity 6363K, committed 6400K, reserved 1048576K
}
Event: 4.350 GC heap after
{Heap after GC invocations=21 (full 0):
 garbage-first heap   total 78848K, used 28668K [0x00000000c2000000, 0x0000000100000000)
  region size 1024K, 4 young (4096K), 4 survivors (4096K)
 Metaspace       used 48305K, capacity 48913K, committed 49152K, reserved 1091584K
  class space    used 6145K, capacity 6363K, committed 6400K, reserved 1048576K
}
Event: 4.871 GC heap before
{Heap before GC invocations=21 (full 0):
 garbage-first heap   total 78848K, used 62460K [0x00000000c2000000, 0x0000000100000000)
  region size 1024K, 37 young (37888K), 4 survivors (4096K)
 Metaspace       used 56133K, capacity 56795K, committed 56960K, reserved 1099776K
  class space    used 7273K, capacity 7493K, committed 7552K, reserved 1048576K
}
Event: 4.878 GC heap after
{Heap after GC invocations=22 (full 0):
 garbage-first heap   total 78848K, used 31927K [0x00000000c2000000, 0x0000000100000000)
  region size 1024K, 5 young (5120K), 5 survivors (5120K)
 Metaspace       used 56133K, capacity 56795K, committed 56960K, reserved 1099776K
  class space    used 7273K, capacity 7493K, committed 7552K, reserved 1048576K
}
Event: 5.350 GC heap before
{Heap before GC invocations=22 (full 0):
 garbage-first heap   total 78848K, used 58551K [0x00000000c2000000, 0x0000000100000000)
  region size 1024K, 32 young (32768K), 5 survivors (5120K)
 Metaspace       used 59397K, capacity 60013K, committed 60160K, reserved 1101824K
  class space    used 7732K, capacity 7946K, committed 8064K, reserved 1048576K
}
Event: 5.356 GC heap after
{Heap after GC invocations=23 (full 0):
 garbage-first heap   total 78848K, used 33767K [0x00000000c2000000, 0x0000000100000000)
  region size 1024K, 2 young (2048K), 2 survivors (2048K)
 Metaspace       used 59397K, capacity 60013K, committed 60160K, reserved 1101824K
  class space    used 7732K, capacity 7946K, committed 8064K, reserved 1048576K
}
Event: 5.704 GC heap before
{Heap before GC invocations=24 (full 0):
 garbage-first heap   total 78848K, used 63463K [0x00000000c2000000, 0x0000000100000000)
  region size 1024K, 31 young (31744K), 2 survivors (2048K)
 Metaspace       used 62636K, capacity 63287K, committed 63488K, reserved 1103872K
  class space    used 8223K, capacity 8436K, committed 8448K, reserved 1048576K
}

Deoptimization events (4 events):
Event: 2.443 Thread 0x000001a84dc14b30 DEOPT PACKING pc=0x000001a837aff1bc sp=0x0000007d241fcf80
Event: 2.443 Thread 0x000001a84dc14b30 DEOPT UNPACKING pc=0x000001a8370fe23f sp=0x0000007d241fc4d8 mode 0
Event: 4.897 Thread 0x000001a84dc14b30 DEOPT PACKING pc=0x000001a837f3bbf4 sp=0x0000007d241fb250
Event: 4.897 Thread 0x000001a84dc14b30 DEOPT UNPACKING pc=0x000001a8370fe23f sp=0x0000007d241fa6d8 mode 0

Classes unloaded (0 events):
No events

Classes redefined (0 events):
No events

Internal exceptions (20 events):
Event: 5.563 Thread 0x000001a84cc566a0 Exception <a 'java/lang/ClassNotFoundException'{0x00000000c5ed6a00}: org/springframework/context/support/LiveBeansView> (0x00000000c5ed6a00) 
thrown [./open/src/hotspot/share/classfile/systemDictionary.cpp, line 295]
Event: 5.563 Thread 0x000001a84cc566a0 Exception <a 'java/lang/ClassNotFoundException'{0x00000000c5ed6dc0}: org/springframework/context/support/LiveBeansView> (0x00000000c5ed6dc0) 
thrown [./open/src/hotspot/share/classfile/systemDictionary.cpp, line 295]
Event: 5.563 Thread 0x000001a84cc566a0 Exception <a 'java/lang/ClassNotFoundException'{0x00000000c5ed7180}: org/springframework/context/support/LiveBeansView> (0x00000000c5ed7180) 
thrown [./open/src/hotspot/share/classfile/systemDictionary.cpp, line 295]
Event: 5.563 Thread 0x000001a84cc566a0 Exception <a 'java/lang/ClassNotFoundException'{0x00000000c5ed7540}: org/springframework/context/support/LiveBeansView> (0x00000000c5ed7540) 
thrown [./open/src/hotspot/share/classfile/systemDictionary.cpp, line 295]
Event: 5.563 Thread 0x000001a84cc566a0 Exception <a 'java/lang/ClassNotFoundException'{0x00000000c5ed78e0}: org/springframework/context/support/LiveBeansView> (0x00000000c5ed78e0) 
thrown [./open/src/hotspot/share/classfile/systemDictionary.cpp, line 295]
Event: 5.563 Thread 0x000001a84cc566a0 Exception <a 'java/lang/ClassNotFoundException'{0x00000000c5ed7c98}: org/springframework/context/support/LiveBeansView> (0x00000000c5ed7c98) 
thrown [./open/src/hotspot/share/classfile/systemDictionary.cpp, line 295]
Event: 5.563 Thread 0x000001a84cc566a0 Exception <a 'java/lang/ClassNotFoundException'{0x00000000c5ed8040}: org/springframework/context/support/LiveBeansView> (0x00000000c5ed8040) 
thrown [./open/src/hotspot/share/classfile/systemDictionary.cpp, line 295]
Event: 5.564 Thread 0x000001a84cc566a0 Exception <a 'java/lang/ClassNotFoundException'{0x00000000c5d0f6a0}: org/springframework/context/support/LiveBeansView> (0x00000000c5d0f6a0) 
thrown [./open/src/hotspot/share/classfile/systemDictionary.cpp, line 295]
Event: 5.564 Thread 0x000001a84cc566a0 Exception <a 'java/lang/ClassNotFoundException'{0x00000000c5d0fa68}: org/springframework/context/support/LiveBeansView> (0x00000000c5d0fa68) 
thrown [./open/src/hotspot/share/classfile/systemDictionary.cpp, line 295]
Event: 5.564 Thread 0x000001a84cc566a0 Exception <a 'java/lang/ClassNotFoundException'{0x00000000c5d0fe18}: org/springframework/context/support/LiveBeansView> (0x00000000c5d0fe18) 
thrown [./open/src/hotspot/share/classfile/systemDictionary.cpp, line 295]
Event: 5.564 Thread 0x000001a84cc566a0 Exception <a 'java/lang/ClassNotFoundException'{0x00000000c5d101c8}: org/springframework/context/support/LiveBeansView> (0x00000000c5d101c8) 
thrown [./open/src/hotspot/share/classfile/systemDictionary.cpp, line 295]
Event: 5.612 Thread 0x000001a84dc14b30 Exception <a 'java/io/FileNotFoundException'{0x00000000c5a03a70}> (0x00000000c5a03a70) 
thrown [./open/src/hotspot/share/prims/jni.cpp, line 578]
Event: 5.612 Thread 0x000001a84dc14b30 Exception <a 'java/io/FileNotFoundException'{0x00000000c5a04ab0}> (0x00000000c5a04ab0) 
thrown [./open/src/hotspot/share/prims/jni.cpp, line 578]
Event: 5.625 Thread 0x000001a84dc14b30 Exception <a 'java/lang/ClassNotFoundException'{0x00000000c5ae8370}: java/lang/ObjectCustomizer> (0x00000000c5ae8370) 
thrown [./open/src/hotspot/share/classfile/systemDictionary.cpp, line 295]
Event: 5.625 Thread 0x000001a84dc14b30 Exception <a 'java/lang/ClassNotFoundException'{0x00000000c5af1ed0}: com/gpg/entities/CompanyCustomizer> (0x00000000c5af1ed0) 
thrown [./open/src/hotspot/share/classfile/systemDictionary.cpp, line 295]
Event: 5.627 Thread 0x000001a84dc14b30 Exception <a 'java/lang/ClassNotFoundException'{0x00000000c5919648}: java/lang/ObjectCustomizer> (0x00000000c5919648) 
thrown [./open/src/hotspot/share/classfile/systemDictionary.cpp, line 295]
Event: 5.628 Thread 0x000001a84dc14b30 Exception <a 'java/lang/ClassNotFoundException'{0x00000000c59231a8}: com/gpg/entities/AdressCustomizer> (0x00000000c59231a8) 
thrown [./open/src/hotspot/share/classfile/systemDictionary.cpp, line 295]
Event: 5.691 Thread 0x000001a84dc14b30 Exception <a 'java/lang/ClassNotFoundException'{0x00000000c53bbce8}: java/lang/ObjectCustomizer> (0x00000000c53bbce8) 
thrown [./open/src/hotspot/share/classfile/systemDictionary.cpp, line 295]
Event: 5.692 Thread 0x000001a84dc14b30 Exception <a 'java/lang/ClassNotFoundException'{0x00000000c53c5808}: com/gpg/entities/AppUserCustomizer> (0x00000000c53c5808) 
thrown [./open/src/hotspot/share/classfile/systemDictionary.cpp, line 295]
Event: 5.692 Thread 0x000001a84dc14b30 Exception <a 'java/lang/ClassNotFoundException'{0x00000000c53d5640}: com/gpg/entities/ProviderCustomizer> (0x00000000c53d5640) 
thrown [./open/src/hotspot/share/classfile/systemDictionary.cpp, line 295]

Events (20 events):
Event: 5.625 loading class java/lang/ObjectCustomizer done
Event: 5.627 loading class java/lang/ObjectCustomizer
Event: 5.627 loading class java/lang/ObjectCustomizer done
Event: 5.627 loading class java/lang/ObjectCustomizer
Event: 5.627 loading class java/lang/ObjectCustomizer done
Event: 5.630 Executing VM operation: ICBufferFull
Event: 5.630 Executing VM operation: ICBufferFull done
Event: 5.630 Executing VM operation: HandshakeAllThreads
Event: 5.630 Executing VM operation: HandshakeAllThreads done
Event: 5.683 loading class sun/reflect/ReflectionFactory
Event: 5.683 loading class sun/reflect/ReflectionFactory done
Event: 5.683 loading class sun/reflect/ReflectionFactory$1
Event: 5.683 loading class sun/reflect/ReflectionFactory$1 done
Event: 5.683 loading class java/io/OptionalDataException
Event: 5.683 loading class java/io/OptionalDataException done
Event: 5.691 loading class java/lang/ObjectCustomizer
Event: 5.691 loading class java/lang/ObjectCustomizer done
Event: 5.691 loading class java/lang/ObjectCustomizer
Event: 5.691 loading class java/lang/ObjectCustomizer done
Event: 5.703 Executing VM operation: G1CollectForAllocation


Dynamic libraries:
0x00007ff78e4b0000 - 0x00007ff78e4bd000 	C:\Users\admin\Downloads\spring-tool-suite-4-4.10.0.RELEASE-e4.19.0-win32.win32.x86_64.self-extracting\contents\sts-4.10.0.RELEASE\plugins\org.eclipse.justj.openjdk.hotspot.jre.full.win32.x86_64_15.0.2.v20210201-0955\jre\bin\javaw.exe
0x00007ffcb6340000 - 0x00007ffcb6530000 	C:\WINDOWS\SYSTEM32\ntdll.dll
0x00007ffcb4a60000 - 0x00007ffcb4b12000 	C:\WINDOWS\System32\KERNEL32.DLL
0x00007ffcb4140000 - 0x00007ffcb43e5000 	C:\WINDOWS\System32\KERNELBASE.dll
0x00007ffcb3c60000 - 0x00007ffcb3d5a000 	C:\WINDOWS\System32\ucrtbase.dll
0x00007ffca4b90000 - 0x00007ffca4ba8000 	C:\Users\admin\Downloads\spring-tool-suite-4-4.10.0.RELEASE-e4.19.0-win32.win32.x86_64.self-extracting\contents\sts-4.10.0.RELEASE\plugins\org.eclipse.justj.openjdk.hotspot.jre.full.win32.x86_64_15.0.2.v20210201-0955\jre\bin\jli.dll
0x00007ffca4b70000 - 0x00007ffca4b89000 	C:\Users\admin\Downloads\spring-tool-suite-4-4.10.0.RELEASE-e4.19.0-win32.win32.x86_64.self-extracting\contents\sts-4.10.0.RELEASE\plugins\org.eclipse.justj.openjdk.hotspot.jre.full.win32.x86_64_15.0.2.v20210201-0955\jre\bin\VCRUNTIME140.dll
0x00007ffcb4590000 - 0x00007ffcb4724000 	C:\WINDOWS\System32\USER32.dll
0x00007ffcb3300000 - 0x00007ffcb3321000 	C:\WINDOWS\System32\win32u.dll
0x00007ffc9e2a0000 - 0x00007ffc9e524000 	C:\WINDOWS\WinSxS\amd64_microsoft.windows.common-controls_6595b64144ccf1df_6.0.18362.1440_none_9e7dbfb9e45e8e67\COMCTL32.dll
0x00007ffcb4a30000 - 0x00007ffcb4a56000 	C:\WINDOWS\System32\GDI32.dll
0x00007ffcb5c60000 - 0x00007ffcb5cfe000 	C:\WINDOWS\System32\msvcrt.dll
0x00007ffcb3fa0000 - 0x00007ffcb4138000 	C:\WINDOWS\System32\gdi32full.dll
0x00007ffcb5160000 - 0x00007ffcb5496000 	C:\WINDOWS\System32\combase.dll
0x00007ffcb33e0000 - 0x00007ffcb347e000 	C:\WINDOWS\System32\msvcp_win.dll
0x00007ffcb4460000 - 0x00007ffcb457f000 	C:\WINDOWS\System32\RPCRT4.dll
0x00007ffcb3330000 - 0x00007ffcb33b1000 	C:\WINDOWS\System32\bcryptPrimitives.dll
0x00007ffcb5540000 - 0x00007ffcb556e000 	C:\WINDOWS\System32\IMM32.DLL
0x00007ffca4b60000 - 0x00007ffca4b6c000 	C:\Users\admin\Downloads\spring-tool-suite-4-4.10.0.RELEASE-e4.19.0-win32.win32.x86_64.self-extracting\contents\sts-4.10.0.RELEASE\plugins\org.eclipse.justj.openjdk.hotspot.jre.full.win32.x86_64_15.0.2.v20210201-0955\jre\bin\vcruntime140_1.dll
0x00007ffca4ac0000 - 0x00007ffca4b51000 	C:\Users\admin\Downloads\spring-tool-suite-4-4.10.0.RELEASE-e4.19.0-win32.win32.x86_64.self-extracting\contents\sts-4.10.0.RELEASE\plugins\org.eclipse.justj.openjdk.hotspot.jre.full.win32.x86_64_15.0.2.v20210201-0955\jre\bin\msvcp140.dll
0x00007ffc7f570000 - 0x00007ffc800ce000 	C:\Users\admin\Downloads\spring-tool-suite-4-4.10.0.RELEASE-e4.19.0-win32.win32.x86_64.self-extracting\contents\sts-4.10.0.RELEASE\plugins\org.eclipse.justj.openjdk.hotspot.jre.full.win32.x86_64_15.0.2.v20210201-0955\jre\bin\server\jvm.dll
0x00007ffcb5d00000 - 0x00007ffcb5da3000 	C:\WINDOWS\System32\ADVAPI32.dll
0x00007ffcb54a0000 - 0x00007ffcb5537000 	C:\WINDOWS\System32\sechost.dll
0x00007ffcb4c90000 - 0x00007ffcb4c98000 	C:\WINDOWS\System32\PSAPI.DLL
0x00007ffcb10f0000 - 0x00007ffcb1114000 	C:\WINDOWS\SYSTEM32\WINMM.dll
0x00007ffcae5b0000 - 0x00007ffcae5b9000 	C:\WINDOWS\SYSTEM32\WSOCK32.dll
0x00007ffcacf90000 - 0x00007ffcacf9a000 	C:\WINDOWS\SYSTEM32\VERSION.dll
0x00007ffcb5020000 - 0x00007ffcb508f000 	C:\WINDOWS\System32\WS2_32.dll
0x00007ffcb10c0000 - 0x00007ffcb10ed000 	C:\WINDOWS\SYSTEM32\WINMMBASE.dll
0x00007ffcb32b0000 - 0x00007ffcb32fa000 	C:\WINDOWS\System32\cfgmgr32.dll
0x00007ffcb3200000 - 0x00007ffcb3211000 	C:\WINDOWS\System32\kernel.appcore.dll
0x00007ffcab760000 - 0x00007ffcab76a000 	C:\Users\admin\Downloads\spring-tool-suite-4-4.10.0.RELEASE-e4.19.0-win32.win32.x86_64.self-extracting\contents\sts-4.10.0.RELEASE\plugins\org.eclipse.justj.openjdk.hotspot.jre.full.win32.x86_64_15.0.2.v20210201-0955\jre\bin\jimage.dll
0x00007ffca22e0000 - 0x00007ffca24d4000 	C:\WINDOWS\SYSTEM32\DBGHELP.DLL
0x00007ffca22b0000 - 0x00007ffca22da000 	C:\WINDOWS\SYSTEM32\dbgcore.DLL
0x00007ffcab730000 - 0x00007ffcab755000 	C:\Users\admin\Downloads\spring-tool-suite-4-4.10.0.RELEASE-e4.19.0-win32.win32.x86_64.self-extracting\contents\sts-4.10.0.RELEASE\plugins\org.eclipse.justj.openjdk.hotspot.jre.full.win32.x86_64_15.0.2.v20210201-0955\jre\bin\java.dll
0x00007ffcab710000 - 0x00007ffcab728000 	C:\Users\admin\Downloads\spring-tool-suite-4-4.10.0.RELEASE-e4.19.0-win32.win32.x86_64.self-extracting\contents\sts-4.10.0.RELEASE\plugins\org.eclipse.justj.openjdk.hotspot.jre.full.win32.x86_64_15.0.2.v20210201-0955\jre\bin\zip.dll
0x00007ffcb5570000 - 0x00007ffcb5c58000 	C:\WINDOWS\System32\SHELL32.dll
0x00007ffcb4be0000 - 0x00007ffcb4c87000 	C:\WINDOWS\System32\shcore.dll
0x00007ffcb3480000 - 0x00007ffcb3bfb000 	C:\WINDOWS\System32\windows.storage.dll
0x00007ffcb3220000 - 0x00007ffcb323e000 	C:\WINDOWS\System32\profapi.dll
0x00007ffcb3260000 - 0x00007ffcb32aa000 	C:\WINDOWS\System32\powrprof.dll
0x00007ffcb31f0000 - 0x00007ffcb3200000 	C:\WINDOWS\System32\UMPDC.dll
0x00007ffcb4730000 - 0x00007ffcb4782000 	C:\WINDOWS\System32\shlwapi.dll
0x00007ffcb33c0000 - 0x00007ffcb33d7000 	C:\WINDOWS\System32\cryptsp.dll
0x00007ffcab6f0000 - 0x00007ffcab709000 	C:\Users\admin\Downloads\spring-tool-suite-4-4.10.0.RELEASE-e4.19.0-win32.win32.x86_64.self-extracting\contents\sts-4.10.0.RELEASE\plugins\org.eclipse.justj.openjdk.hotspot.jre.full.win32.x86_64_15.0.2.v20210201-0955\jre\bin\net.dll
0x00007ffca5880000 - 0x00007ffca597a000 	C:\WINDOWS\SYSTEM32\WINHTTP.dll
0x00007ffcb29e0000 - 0x00007ffcb2a47000 	C:\WINDOWS\system32\mswsock.dll
0x00007ffcab6d0000 - 0x00007ffcab6e2000 	C:\Users\admin\Downloads\spring-tool-suite-4-4.10.0.RELEASE-e4.19.0-win32.win32.x86_64.self-extracting\contents\sts-4.10.0.RELEASE\plugins\org.eclipse.justj.openjdk.hotspot.jre.full.win32.x86_64_15.0.2.v20210201-0955\jre\bin\nio.dll
0x00007ffca4ab0000 - 0x00007ffca4ab9000 	C:\Users\admin\Downloads\spring-tool-suite-4-4.10.0.RELEASE-e4.19.0-win32.win32.x86_64.self-extracting\contents\sts-4.10.0.RELEASE\plugins\org.eclipse.justj.openjdk.hotspot.jre.full.win32.x86_64_15.0.2.v20210201-0955\jre\bin\management.dll
0x00007ffcb2740000 - 0x00007ffcb280b000 	C:\WINDOWS\SYSTEM32\DNSAPI.dll
0x00007ffcb4580000 - 0x00007ffcb4588000 	C:\WINDOWS\System32\NSI.dll
0x00007ffcb2700000 - 0x00007ffcb273a000 	C:\WINDOWS\SYSTEM32\IPHLPAPI.DLL
0x00007ffca5530000 - 0x00007ffca553a000 	C:\Windows\System32\rasadhlp.dll
0x00007ffcaafe0000 - 0x00007ffcab057000 	C:\WINDOWS\System32\fwpuclnt.dll
0x00007ffcb3d60000 - 0x00007ffcb3d86000 	C:\WINDOWS\System32\bcrypt.dll
0x00007ffca4aa0000 - 0x00007ffca4aab000 	C:\Users\admin\Downloads\spring-tool-suite-4-4.10.0.RELEASE-e4.19.0-win32.win32.x86_64.self-extracting\contents\sts-4.10.0.RELEASE\plugins\org.eclipse.justj.openjdk.hotspot.jre.full.win32.x86_64_15.0.2.v20210201-0955\jre\bin\management_ext.dll
0x00007ffc8d3f0000 - 0x00007ffc8d406000 	C:\WINDOWS\system32\napinsp.dll
0x00007ffc8b5c0000 - 0x00007ffc8b5da000 	C:\WINDOWS\system32\pnrpnsp.dll
0x00007ffc9dd90000 - 0x00007ffc9dd9e000 	C:\WINDOWS\System32\winrnr.dll
0x00007ffcaf9e0000 - 0x00007ffcaf9fc000 	C:\WINDOWS\system32\NLAapi.dll
0x00007ffcaea10000 - 0x00007ffcaea25000 	C:\WINDOWS\system32\wshbth.dll
0x00007ffcb2570000 - 0x00007ffcb25a3000 	C:\WINDOWS\system32\rsaenh.dll
0x00007ffcb30d0000 - 0x00007ffcb30f5000 	C:\WINDOWS\SYSTEM32\USERENV.dll
0x00007ffcb2b60000 - 0x00007ffcb2b6c000 	C:\WINDOWS\SYSTEM32\CRYPTBASE.dll
0x00007ffcac4e0000 - 0x00007ffcac4f6000 	C:\WINDOWS\SYSTEM32\dhcpcsvc6.DLL
0x00007ffcab790000 - 0x00007ffcab7ac000 	C:\WINDOWS\SYSTEM32\dhcpcsvc.DLL
0x00007ffcaeab0000 - 0x00007ffcaeac0000 	C:\Users\admin\Downloads\spring-tool-suite-4-4.10.0.RELEASE-e4.19.0-win32.win32.x86_64.self-extracting\contents\sts-4.10.0.RELEASE\plugins\org.eclipse.justj.openjdk.hotspot.jre.full.win32.x86_64_15.0.2.v20210201-0955\jre\bin\verify.dll
0x00007ffca17a0000 - 0x00007ffca17ad000 	C:\Users\admin\Downloads\spring-tool-suite-4-4.10.0.RELEASE-e4.19.0-win32.win32.x86_64.self-extracting\contents\sts-4.10.0.RELEASE\plugins\org.eclipse.justj.openjdk.hotspot.jre.full.win32.x86_64_15.0.2.v20210201-0955\jre\bin\sunmscapi.dll
0x00007ffcb3e40000 - 0x00007ffcb3f91000 	C:\WINDOWS\System32\CRYPT32.dll
0x00007ffcb3240000 - 0x00007ffcb3252000 	C:\WINDOWS\System32\MSASN1.dll
0x00007ffcb2c60000 - 0x00007ffcb2c86000 	C:\WINDOWS\SYSTEM32\ncrypt.dll
0x00007ffcb2c20000 - 0x00007ffcb2c5b000 	C:\WINDOWS\SYSTEM32\NTASN1.dll

dbghelp: loaded successfully - version: 4.0.5 - missing functions: none
symbol engine: initialized successfully - sym options: 0x614 - pdb path: .;C:\Users\admin\Downloads\spring-tool-suite-4-4.10.0.RELEASE-e4.19.0-win32.win32.x86_64.self-extracting\contents\sts-4.10.0.RELEASE\plugins\org.eclipse.justj.openjdk.hotspot.jre.full.win32.x86_64_15.0.2.v20210201-0955\jre\bin;C:\WINDOWS\SYSTEM32;C:\WINDOWS\WinSxS\amd64_microsoft.windows.common-controls_6595b64144ccf1df_6.0.18362.1440_none_9e7dbfb9e45e8e67;C:\Users\admin\Downloads\spring-tool-suite-4-4.10.0.RELEASE-e4.19.0-win32.win32.x86_64.self-extracting\contents\sts-4.10.0.RELEASE\plugins\org.eclipse.justj.openjdk.hotspot.jre.full.win32.x86_64_15.0.2.v20210201-0955\jre\bin\server

VM Arguments:
jvm_args: -Dcom.sun.management.jmxremote -Dcom.sun.management.jmxremote.port=51976 -Dcom.sun.management.jmxremote.authenticate=false -Dcom.sun.management.jmxremote.ssl=false -Djava.rmi.server.hostname=localhost -Dspring.jmx.enabled=true -Dspring.application.admin.enabled=true -XX:TieredStopAtLevel=1 -Dspring.boot.project.name=gestion_facturation -Dfile.encoding=UTF-8 -XX:+ShowCodeDetailsInExceptionMessages 
java_command: com.gpg.GestionFacturationApplication --spring.output.ansi.enabled=always
java_class_path (initial): C:\Users\admin\Desktop\gestion_facturation\gestion_facturation\target\classes;C:\Users\admin\.m2\repository\org\springframework\boot\spring-boot-starter-actuator\2.4.4\spring-boot-starter-actuator-2.4.4.jar;C:\Users\admin\.m2\repository\org\springframework\boot\spring-boot-starter\2.4.4\spring-boot-starter-2.4.4.jar;C:\Users\admin\.m2\repository\org\springframework\boot\spring-boot-starter-logging\2.4.4\spring-boot-starter-logging-2.4.4.jar;C:\Users\admin\.m2\repository\ch\qos\logback\logback-classic\1.2.3\logback-classic-1.2.3.jar;C:\Users\admin\.m2\repository\ch\qos\logback\logback-core\1.2.3\logback-core-1.2.3.jar;C:\Users\admin\.m2\repository\org\apache\logging\log4j\log4j-to-slf4j\2.13.3\log4j-to-slf4j-2.13.3.jar;C:\Users\admin\.m2\repository\org\apache\logging\log4j\log4j-api\2.13.3\log4j-api-2.13.3.jar;C:\Users\admin\.m2\repository\org\slf4j\jul-to-slf4j\1.7.30\jul-to-slf4j-1.7.30.jar;C:\Users\admin\.m2\repository\jakarta\annotation\jakarta.annotation-api\1.3.5\jakarta.annotation-api-1.3.5.jar;C:\Users\admin\.m2\repository\org\yaml\snakeyaml\1.27\snakeyaml-1.27.jar;C:\Users\admin\.m2\repository\org\springframework\boot\spring-boot-actuator-autoconfigure\2.4.4\spring-boot-actuator-autoconfigure-2.4.4.jar;C:\Users\admin\.m2\repository\org\springframework\boot\spring-boot-actuator\2.4.4\spring-boot-actuator-2.4.4.jar;C:\Users\admin\.m2\repository\com\fasterxml\jackson\datatype\jackson-datatype-jsr310\2.11.4\jackson-datatype-jsr310-2.11.4.jar;C:\Users\admin\.m2\repository\io\micrometer\micrometer-core\1.6.5\micrometer-core-1.6.5.jar;C:\Users\admin\.m2\repository\org\hdrhistogram\HdrHistogram\2.1.12\HdrHistogram-2.1.12.jar;C:\Users\admin\.m2\repository\org\latencyutils\LatencyUtils\2.0.3\LatencyUtils-2.0.3.jar;C:\Users\admin\.m2\repository\com\auth0\java-jwt\3.11.0\java-jwt-3.11.0.jar;C:\Users\admin\.m2\repository\com\fasterxml\jackson\core\jackson-databind\2.11.4\jackson-databind-2.11.4.jar;C:\Users\admin\.m2\repository\com\fasterxml\
Launcher Type: SUN_STANDARD

[Global flags]
     intx CICompilerCount                          = 4                                         {product} {ergonomic}
     uint ConcGCThreads                            = 2                                         {product} {ergonomic}
     uint G1ConcRefinementThreads                  = 8                                         {product} {ergonomic}
   size_t G1HeapRegionSize                         = 1048576                                   {product} {ergonomic}
    uintx GCDrainStackTargetSize                   = 64                                        {product} {ergonomic}
   size_t InitialHeapSize                          = 65011712                                  {product} {ergonomic}
     bool ManagementServer                         = true                                      {product} {command line}
   size_t MarkStackSize                            = 4194304                                   {product} {ergonomic}
   size_t MaxHeapSize                              = 1040187392                                {product} {ergonomic}
   size_t MaxNewSize                               = 623902720                                 {product} {ergonomic}
   size_t MinHeapDeltaBytes                        = 1048576                                   {product} {ergonomic}
   size_t MinHeapSize                              = 8388608                                   {product} {ergonomic}
    uintx NonNMethodCodeHeapSize                   = 7549744                                {pd product} {ergonomic}
    uintx NonProfiledCodeHeapSize                  = 244108496                              {pd product} {ergonomic}
    uintx ProfiledCodeHeapSize                     = 0                                      {pd product} {ergonomic}
    uintx ReservedCodeCacheSize                    = 251658240                              {pd product} {ergonomic}
     bool SegmentedCodeCache                       = true                                      {product} {ergonomic}
     bool ShowCodeDetailsInExceptionMessages       = true                                   {manageable} {command line}
   size_t SoftMaxHeapSize                          = 1040187392                             {manageable} {ergonomic}
     intx TieredStopAtLevel                        = 1                                         {product} {command line}
     bool UseCompressedClassPointers               = true                                 {lp64_product} {ergonomic}
     bool UseCompressedOops                        = true                                 {lp64_product} {ergonomic}
     bool UseG1GC                                  = true                                      {product} {ergonomic}
     bool UseLargePagesIndividualAllocation        = false                                  {pd product} {ergonomic}

Logging:
Log output configuration:
 #0: stdout all=warning uptime,level,tags
 #1: stderr all=off uptime,level,tags

Environment Variables:
PATH=C:/Users/admin/Downloads/spring-tool-suite-4-4.10.0.RELEASE-e4.19.0-win32.win32.x86_64.self-extracting/contents/sts-4.10.0.RELEASE//plugins/org.eclipse.justj.openjdk.hotspot.jre.full.win32.x86_64_15.0.2.v20210201-0955/jre/bin/server;C:/Users/admin/Downloads/spring-tool-suite-4-4.10.0.RELEASE-e4.19.0-win32.win32.x86_64.self-extracting/contents/sts-4.10.0.RELEASE//plugins/org.eclipse.justj.openjdk.hotspot.jre.full.win32.x86_64_15.0.2.v20210201-0955/jre/bin;C:\Windows\system32;C:\Windows;C:\Windows\System32\Wbem;C:\Windows\System32\WindowsPowerShell\v1.0\;C:\Program Files (x86)\NVIDIA Corporation\PhysX\Common;C:\WINDOWS\system32;C:\WINDOWS;C:\WINDOWS\System32\Wbem;C:\WINDOWS\System32\WindowsPowerShell\v1.0\;C:\WINDOWS\System32\OpenSSH\;C:\Program Files\dotnet\;C:\Program Files\Git\cmd;C:\Program Files\nodejs\;C:\Users\admin\AppData\Local\Programs\Python\Python37\Scripts\;C:\Users\admin\AppData\Local\Programs\Python\Python37\;C:\Users\admin\AppData\Local\Microsoft\WindowsApps;C:\Users\admin\.dotnet\tools;C:\Users\admin\anaconda3\Scripts\Library\bin;C:\Users\admin\AppData\Local\Programs\Microsoft VS Code\bin;C:\Users\admin\anaconda3\envs\myenv\Scripts;C:\Users\admin\AppData\Roaming\npm;C:\Users\admin\AppData\Roaming\npm\node_modules\angular-cli\bin;;C:\Users\admin\Downloads\spring-tool-suite-4-4.10.0.RELEASE-e4.19.0-win32.win32.x86_64.self-extracting\contents\sts-4.10.0.RELEASE;
USERNAME=admin
OS=Windows_NT
PROCESSOR_IDENTIFIER=Intel64 Family 6 Model 142 Stepping 10, GenuineIntel



---------------  S Y S T E M  ---------------

OS:
 Windows 10 , 64 bit Build 18362 (10.0.18362.1350)
OS uptime: 0 days 0:48 hours
HyperV virtualization detected

CPU: total 8 (initial active 8) (4 cores per cpu, 2 threads per core) family 6 model 142 stepping 10 microcode 0xe0, cmov, cx8, fxsr, mmx, sse, sse2, sse3, ssse3, sse4.1, sse4.2, popcnt, vzeroupper, avx, avx2, aes, clmul, erms, 3dnowpref, lzcnt, ht, tsc, tscinvbit, bmi1, bmi2, adx, fma, clflush, clflushopt

Memory: 4k page, system-wide physical 3962M (316M free)
TotalPageFile size 16250M (AvailPageFile size 17M)
current process WorkingSet (physical memory assigned to process): 213M, peak: 213M
current process commit charge ("private bytes"): 250M, peak: 266M

vm_info: OpenJDK 64-Bit Server VM (15.0.2+7-27) for windows-amd64 JRE (15.0.2+7-27), built on Dec  7 2020 20:02:38 by "mach5one" with unknown MS VC++:1925

END.
